2023-07-14 18:54:52: Tick alive => KTStallBotTimer, total timers = 0
2023-07-14 18:54:52: Tick alive => KTGoodsPackTimer, total timers = 0
2023-07-14 18:54:52: Tick alive => KTGrowPointTimer, total timers = 0
2023-07-14 18:54:52: Tick alive => KTPlayerStoryBoard[0]
2023-07-14 18:54:52: Tick alive => KTPlayerStoryBoard[1]
2023-07-14 18:54:52: Tick alive => KTPlayerStoryBoard[2]
2023-07-14 18:54:52: Tick alive => KTPlayerStoryBoard[3]
2023-07-14 18:54:52: Tick alive => KTPlayerStoryBoard[4]
2023-07-14 18:54:52: Tick alive => KTMonsterTimerMain
2023-07-14 18:54:52: Tick alive => BulletTimer, total faction ID '0' timers = 0
2023-07-14 18:54:52: Tick alive => KTPoisonTimer
2023-07-14 18:54:52: Tick alive => BulletTimer, total faction ID '1' timers = 0
2023-07-14 18:54:52: Tick alive => KTDynamicAreaTimer, total timers = 0
2023-07-14 18:54:52: Tick alive => BulletTimer, total faction ID '2' timers = 0
2023-07-14 18:54:52: Tick alive => BulletTimer, total faction ID '3' timers = 0
2023-07-14 18:54:52: Tick alive => BulletTimer, total faction ID '4' timers = 0
2023-07-14 18:54:52: Tick alive => BulletTimer, total faction ID '5' timers = 0
2023-07-14 18:54:52: Tick alive => BulletTimer, total faction ID '6' timers = 0
2023-07-14 18:54:52: Tick alive => BulletTimer, total faction ID '7' timers = 0
2023-07-14 18:54:52: Tick alive => BulletTimer, total faction ID '8' timers = 0
2023-07-14 18:54:52: Tick alive => BulletTimer, total faction ID '9' timers = 0
2023-07-14 18:54:52: Tick alive => BulletTimer, total faction ID '10' timers = 0
2023-07-14 18:54:52: Tick alive => BulletTimer, total faction ID '11' timers = 0
2023-07-14 18:54:52: Tick alive => BulletTimer, total faction ID '12' timers = 0
2023-07-14 18:54:52: Tick alive => BulletTimer, total faction ID '13' timers = 0
2023-07-14 18:54:52: Tick alive => BulletTimer, total faction ID '14' timers = 0
2023-07-14 18:54:52: Tick alive => BulletTimer, total faction ID '15' timers = 0
2023-07-14 18:54:52: Tick alive => BulletTimer, total faction ID '16' timers = 0
2023-07-14 18:54:52: Tick alive => KTTaskTimer
2023-07-14 18:54:52: Tick alive => KTTraderCarriageStoryBoard[0]
2023-07-14 18:54:52: Tick alive => KTOtherObjectStoryBoard[0]
2023-07-14 18:54:52: Tick alive => KTMonsterStoryBoard[0]
2023-07-14 18:54:52: Tick alive => KTMonsterStoryBoard[1]
2023-07-14 18:54:52: Tick alive => KTMonsterStoryBoard[2]
2023-07-14 18:54:52: Tick alive => KTMonsterStoryBoard[3]
2023-07-14 18:54:52: Tick alive => KTMonsterStoryBoard[4]
2023-07-14 18:54:52: Tick alive => KTScheduleTaskManager, total timers = 0
2023-07-14 18:54:52: Tick alive => BulletDelayTaskTimer, total faction ID '0' timers = 0
2023-07-14 18:54:52: Tick alive => BulletDelayTaskTimer, total faction ID '1' timers = 0
2023-07-14 18:54:52: Tick alive => BulletDelayTaskTimer, total faction ID '2' timers = 0
2023-07-14 18:54:52: Tick alive => BulletDelayTaskTimer, total faction ID '3' timers = 0
2023-07-14 18:54:52: Tick alive => BulletDelayTaskTimer, total faction ID '4' timers = 0
2023-07-14 18:54:52: Tick alive => BulletDelayTaskTimer, total faction ID '5' timers = 0
2023-07-14 18:54:52: Tick alive => BulletDelayTaskTimer, total faction ID '6' timers = 0
2023-07-14 18:54:52: Tick alive => BulletDelayTaskTimer, total faction ID '7' timers = 0
2023-07-14 18:54:52: Tick alive => BulletDelayTaskTimer, total faction ID '8' timers = 0
2023-07-14 18:54:52: Tick alive => BulletDelayTaskTimer, total faction ID '9' timers = 0
2023-07-14 18:54:52: Tick alive => BulletDelayTaskTimer, total faction ID '10' timers = 0
2023-07-14 18:54:52: Tick alive => BulletDelayTaskTimer, total faction ID '11' timers = 0
2023-07-14 18:54:52: Tick alive => BulletDelayTaskTimer, total faction ID '12' timers = 0
2023-07-14 18:54:52: Tick alive => BulletDelayTaskTimer, total faction ID '13' timers = 0
2023-07-14 18:54:52: Tick alive => BulletDelayTaskTimer, total faction ID '14' timers = 0
2023-07-14 18:54:52: Tick alive => BulletDelayTaskTimer, total faction ID '15' timers = 0
2023-07-14 18:54:52: Tick alive => BulletDelayTaskTimer, total faction ID '16' timers = 0
2023-07-14 18:54:52: Tick alive => KTBuffManager, total timers = 0
2023-07-14 18:54:52: Tick alive => PlayerTimerBase, total timers: 0
2023-07-14 18:54:52: Tick alive => PlayerTimerBase, total timers: 0
2023-07-14 18:54:52: Tick alive => PlayerTimerBase, total timers: 0
2023-07-14 18:54:52: Tick alive => KTTraderCarriageTimerManager, total monster timers = 0
2023-07-14 18:54:52: Tick alive => PlayerTimerBase, total timers: 0
2023-07-14 18:54:52: Tick alive => PlayerTimerBase, total timers: 0
2023-07-14 18:54:52: Tick alive => KTMonsterTimerForBoss, total monster timers = 0
2023-07-14 18:54:52: Tick alive => PlayerTimerLocal, total timers: 0
2023-07-14 18:54:52: Tick alive => PlayerTimerGameDB0
2023-07-14 18:54:52: Tick alive => KTPetTimer, total monster timers = 0
2023-07-14 18:54:52: Tick alive => KTMonsterTimer_DynamicNPC, total monster timers = 0
2023-07-14 18:54:52: Tick alive => KTPetTimer, total monster timers = 0
2023-07-14 18:54:52: Tick alive => KTPetTimer, total monster timers = 0
2023-07-14 18:54:52: Tick alive => KTMonsterTimer, total monster timers = 0
2023-07-14 18:54:52: Tick alive => KTMonsterTimer_Special, total monster timers = 0
2023-07-14 18:54:52: Tick alive => KTMonsterTimer_Special, total monster timers = 0
2023-07-14 18:54:52: Tick alive => KTMonsterTimer_Special, total monster timers = 0
2023-07-14 18:54:52: Tick alive => KTMonsterTimer_Special, total monster timers = 0
2023-07-14 18:54:52: Tick alive => KTMonsterTimer_Special, total monster timers = 0
2023-07-14 18:54:52: Tick alive => KTDecoBotTimerManager, total monster timers = 0
2023-07-14 18:54:52: Tick alive => KTMonsterTimer, total monster timers = 0
2023-07-14 18:54:52: Tick alive => KTMonsterTimer, total monster timers = 0
2023-07-14 18:54:52: Tick alive => KTMonsterTimer, total monster timers = 0
2023-07-14 18:54:52: Tick alive => KTMonsterTimer, total monster timers = 0
2023-07-14 18:54:52: Tick alive => KTMonsterTimerForBoss_Special, total monster timers = 0
2023-07-14 18:54:53: Tick alive => PlayerUpdateGridTimer
2023-07-14 18:54:53: Tick alive => PlayerUpdateGridTimer
2023-07-14 18:54:53: Tick alive => PlayerUpdateGridTimer
2023-07-14 18:54:53: Tick alive => PlayerUpdateGridTimer
2023-07-14 18:54:53: Tick alive => PlayerUpdateGridTimer
2023-07-14 18:54:53: Tick alive => KTLuaScript
2023-07-14 18:56:06: Tick alive => PlayerUpdateGridTimer
2023-07-14 18:56:06: Tick alive => PlayerUpdateGridTimer
2023-07-14 18:56:06: Tick alive => PlayerUpdateGridTimer
2023-07-14 18:56:06: Tick alive => PlayerUpdateGridTimer
2023-07-14 18:56:06: Tick alive => PlayerUpdateGridTimer
2023-07-14 18:56:06: Tick alive => KTGrowPointTimer, total timers = 0
2023-07-14 18:56:06: Tick alive => BulletTimer, total faction ID '0' timers = 0
2023-07-14 18:56:06: Tick alive => BulletTimer, total faction ID '1' timers = 0
2023-07-14 18:56:06: Tick alive => BulletTimer, total faction ID '2' timers = 0
2023-07-14 18:56:06: Tick alive => BulletTimer, total faction ID '3' timers = 0
2023-07-14 18:56:06: Tick alive => BulletTimer, total faction ID '4' timers = 0
2023-07-14 18:56:06: Tick alive => BulletTimer, total faction ID '5' timers = 0
2023-07-14 18:56:06: Tick alive => BulletTimer, total faction ID '6' timers = 0
2023-07-14 18:56:06: Tick alive => BulletTimer, total faction ID '7' timers = 0
2023-07-14 18:56:06: Tick alive => BulletTimer, total faction ID '8' timers = 0
2023-07-14 18:56:06: Tick alive => BulletTimer, total faction ID '9' timers = 0
2023-07-14 18:56:06: Tick alive => BulletTimer, total faction ID '10' timers = 0
2023-07-14 18:56:06: Tick alive => BulletTimer, total faction ID '11' timers = 0
2023-07-14 18:56:06: Tick alive => BulletTimer, total faction ID '12' timers = 0
2023-07-14 18:56:06: Tick alive => BulletTimer, total faction ID '13' timers = 0
2023-07-14 18:56:06: Tick alive => BulletTimer, total faction ID '14' timers = 0
2023-07-14 18:56:06: Tick alive => BulletTimer, total faction ID '15' timers = 0
2023-07-14 18:56:06: Tick alive => BulletTimer, total faction ID '16' timers = 0
2023-07-14 18:56:06: Tick alive => KTStallBotTimer, total timers = 0
2023-07-14 18:56:06: Tick alive => KTGoodsPackTimer, total timers = 0
2023-07-14 18:56:06: Tick alive => KTMonsterTimerForBoss, total monster timers = 0
2023-07-14 18:56:06: Tick alive => KTPetTimer, total monster timers = 0
2023-07-14 18:56:06: Tick alive => KTPetTimer, total monster timers = 0
2023-07-14 18:56:06: Tick alive => KTPetTimer, total monster timers = 0
2023-07-14 18:56:06: Tick alive => KTMonsterTimerForBoss_Special, total monster timers = 0
2023-07-14 18:56:06: Tick alive => KTMonsterTimer, total monster timers = 0
2023-07-14 18:56:06: Tick alive => KTMonsterTimer, total monster timers = 0
2023-07-14 18:56:06: Tick alive => KTMonsterTimer, total monster timers = 0
2023-07-14 18:56:06: Tick alive => KTMonsterTimer, total monster timers = 0
2023-07-14 18:56:06: Tick alive => KTMonsterTimer, total monster timers = 0
2023-07-14 18:56:06: Tick alive => KTTraderCarriageTimerManager, total monster timers = 0
2023-07-14 18:56:06: Tick alive => KTDecoBotTimerManager, total monster timers = 0
2023-07-14 18:56:06: Tick alive => KTMonsterTimer_DynamicNPC, total monster timers = 0
2023-07-14 18:56:06: Tick alive => PlayerTimerLocal, total timers: 0
2023-07-14 18:56:06: Tick alive => PlayerTimerGameDB0
2023-07-14 18:56:06: Tick alive => KTPlayerStoryBoard[0]
2023-07-14 18:56:06: Tick alive => KTPlayerStoryBoard[1]
2023-07-14 18:56:06: Tick alive => KTPlayerStoryBoard[2]
2023-07-14 18:56:06: Tick alive => KTPlayerStoryBoard[3]
2023-07-14 18:56:06: Tick alive => KTPlayerStoryBoard[4]
2023-07-14 18:56:06: Tick alive => KTMonsterTimer_Special, total monster timers = 0
2023-07-14 18:56:06: Tick alive => PlayerTimerBase, total timers: 0
2023-07-14 18:56:06: Tick alive => KTMonsterTimer_Special, total monster timers = 0
2023-07-14 18:56:06: Tick alive => KTMonsterTimer_Special, total monster timers = 0
2023-07-14 18:56:06: Tick alive => KTMonsterTimer_Special, total monster timers = 0
2023-07-14 18:56:06: Tick alive => KTMonsterTimer_Special, total monster timers = 0
2023-07-14 18:56:06: Tick alive => PlayerTimerBase, total timers: 0
2023-07-14 18:56:06: Tick alive => PlayerTimerBase, total timers: 0
2023-07-14 18:56:06: Tick alive => PlayerTimerBase, total timers: 0
2023-07-14 18:56:06: Tick alive => PlayerTimerBase, total timers: 0
2023-07-14 18:56:06: Tick alive => KTMonsterStoryBoard[0]
2023-07-14 18:56:06: Tick alive => KTOtherObjectStoryBoard[0]
2023-07-14 18:56:06: Tick alive => KTMonsterStoryBoard[1]
2023-07-14 18:56:06: Tick alive => KTMonsterStoryBoard[2]
2023-07-14 18:56:06: Tick alive => KTMonsterStoryBoard[3]
2023-07-14 18:56:06: Tick alive => KTMonsterStoryBoard[4]
2023-07-14 18:56:06: Tick alive => KTTraderCarriageStoryBoard[0]
