2023-03-01 22:30:46: 
AuxiliaryTimer took much times to process: 15431ms
2023-03-01 22:34:49: Exception at SocketListener::_ReceiveAsync.
System.ObjectDisposedException: Cannot access a disposed object.
Object name: 'System.Net.Sockets.Socket'.
   at System.Net.Sockets.Socket.ReceiveAsync(SocketAsyncEventArgs e)
   at Server.TCP.TMSKSocket.ReceiveAsync(SocketAsyncEventArgs e) in F:\Clound\Dropbox\VL_Project\GameServer\KTGameServer\GameServer\TCPSOCKET\TMSKSocket.cs:line 3135
   at Server.TCP.SocketListener._ReceiveAsync(SocketAsyncEventArgs readEventArgs) in F:\Clound\Dropbox\VL_Project\GameServer\KTGameServer\GameServer\TCPSOCKET\SocketListener.cs:line 430
2023-03-01 22:38:11: 
AuxiliaryTimer took much times to process: 6192ms
2023-03-01 22:38:16: 
AuxiliaryTimer took much times to process: 3726ms
2023-03-01 22:38:19: 
AuxiliaryTimer took much times to process: 2294ms
2023-03-01 22:38:30: 
AuxiliaryTimer took much times to process: 11162ms
2023-03-01 22:38:48: 
AuxiliaryTimer took much times to process: 10908ms
2023-03-01 22:38:51: 
AuxiliaryTimer took much times to process: 2666ms
2023-03-01 22:38:54: 
AuxiliaryTimer took much times to process: 3096ms
2023-03-01 22:39:25: 
AuxiliaryTimer took much times to process: 28760ms
2023-03-01 22:39:32: 
AuxiliaryTimer took much times to process: 5702ms
2023-03-01 22:39:32: Already login, Client=127.0.0.1:28876 , UserName=steven
2023-03-01 22:39:32: Account is already online, disconnect the last one..., Client=127.0.0.1:28876 , UserName=steven
2023-03-01 22:39:33: Can not find player, CMD=CMD_KT_C2G_SET_QUICK_ITEMS, Client=127.0.0.1:28876 
2023-03-01 22:39:33: Resolve packet faild: CMD_KT_C2G_SET_QUICK_ITEMS, 127.0.0.1:28876 , Close socket
2023-03-01 22:41:21: 
AuxiliaryTimer took much times to process: 10768ms
2023-03-01 22:41:58: 
AuxiliaryTimer took much times to process: 6596ms
2023-03-01 22:43:43: 
AuxiliaryTimer took much times to process: 19356ms
2023-03-01 22:45:31: 
AuxiliaryTimer took much times to process: 71618ms
2023-03-01 22:48:12: 
AuxiliaryTimer took much times to process: 6134ms
2023-03-01 22:48:15: 
AuxiliaryTimer took much times to process: 2508ms
2023-03-01 22:50:32: 
AuxiliaryTimer took much times to process: 4310ms
2023-03-01 22:50:36: 
AuxiliaryTimer took much times to process: 3009ms
2023-03-01 22:52:57: 
AuxiliaryTimer took much times to process: 11213ms
2023-03-01 22:54:40: 
AuxiliaryTimer took much times to process: 10389ms
2023-03-01 23:05:01: 
AuxiliaryTimer took much times to process: 10950ms
2023-03-01 23:05:44: 
AuxiliaryTimer took much times to process: 23271ms
2023-03-01 23:05:49: 
AuxiliaryTimer took much times to process: 4376ms
2023-03-01 23:05:49: Already login, Client=127.0.0.1:33070 , UserName=steven
2023-03-01 23:05:49: Account is already online, disconnect the last one..., Client=127.0.0.1:33070 , UserName=steven
2023-03-01 23:05:50: Can not find player, CMD=CMD_KT_C2G_SET_QUICK_ITEMS, Client=127.0.0.1:33070 
2023-03-01 23:05:50: Resolve packet faild: CMD_KT_C2G_SET_QUICK_ITEMS, 127.0.0.1:33070 , Close socket
2023-03-01 23:05:57: 
AuxiliaryTimer took much times to process: 2863ms
2023-03-01 23:06:24: 
AuxiliaryTimer took much times to process: 9056ms
2023-03-01 23:07:06: 
AuxiliaryTimer took much times to process: 3422ms
2023-03-01 23:10:43: 
AuxiliaryTimer took much times to process: 5521ms
2023-03-01 23:10:50: 
AuxiliaryTimer took much times to process: 1728ms
