2023-02-19 05:30:16: 
AuxiliaryTimer took much times to process: 18071ms
2023-02-19 05:34:53: 3, failed to send data to DBServer:, command CMD_DB_GET_CHATMSGLIST, data 1:0:75:, length 7, exception message: An existing connection was forcibly closed by the remote host
2023-02-19 05:34:53: Send packet to GameDB faild, CMD=CMD_DB_GET_CHATMSGLIST
2023-02-19 05:34:53: Không kết nối được với DBServer để lấy danh sách thư khi xử lý thư được chuyển tiếp
2023-02-19 05:34:55: 10, failed to connect to DBServer: 127.0.0.1:23001
2023-02-19 05:34:56: AuxiliaryTimer - Tick 1 took too much times: 2052
2023-02-19 05:34:56: 
AuxiliaryTimer took much times to process: 2058ms
2023-02-19 05:34:58: 11, failed to connect to DBServer: 127.0.0.1:23001
2023-02-19 05:34:58: AuxiliaryTimer - Tick 1 took too much times: 2080
2023-02-19 05:34:58: 
AuxiliaryTimer took much times to process: 2086ms
2023-02-19 05:35:00: 12, failed to connect to DBServer: 127.0.0.1:23001
2023-02-19 05:35:00: AuxiliaryTimer - Tick 1 took too much times: 2040
2023-02-19 05:35:00: 
AuxiliaryTimer took much times to process: 2049ms
2023-02-19 05:35:00: 4, failed to send data to DBServer:, command CMD_DB_GET_CHATMSGLIST, data 1:0:76:, length 7, exception message: An existing connection was forcibly closed by the remote host
2023-02-19 05:35:02: 13, failed to connect to DBServer: 127.0.0.1:23001
2023-02-19 05:35:02: AuxiliaryTimer - Tick 1 took too much times: 2056
2023-02-19 05:35:02: Send packet to GameDB faild, CMD=CMD_DB_GET_CHATMSGLIST
2023-02-19 05:35:02: Không kết nối được với DBServer để lấy danh sách thư khi xử lý thư được chuyển tiếp
2023-02-19 05:35:02: chatMsgWorker_DoWork time processed: 3749s
2023-02-19 05:35:02: 
AuxiliaryTimer took much times to process: 2062ms
2023-02-19 05:35:04: 14, failed to connect to DBServer: 127.0.0.1:23001
2023-02-19 05:35:04: AuxiliaryTimer - Tick 1 took too much times: 2058
2023-02-19 05:35:04: 
AuxiliaryTimer took much times to process: 2067ms
2023-02-19 05:35:04: 5, failed to send data to DBServer:, command CMD_DB_GET_CHATMSGLIST, data 1:0:77:, length 7, exception message: An existing connection was forcibly closed by the remote host
2023-02-19 05:35:06: 15, failed to connect to DBServer: 127.0.0.1:23001
2023-02-19 05:35:06: AuxiliaryTimer - Tick 1 took too much times: 2055
2023-02-19 05:35:06: Send packet to GameDB faild, CMD=CMD_DB_GET_CHATMSGLIST
2023-02-19 05:35:06: Không kết nối được với DBServer để lấy danh sách thư khi xử lý thư được chuyển tiếp
2023-02-19 05:35:06: chatMsgWorker_DoWork time processed: 2846s
2023-02-19 05:35:06: 
AuxiliaryTimer took much times to process: 2060ms
2023-02-19 05:35:08: 16, failed to connect to DBServer: 127.0.0.1:23001
2023-02-19 05:35:08: AuxiliaryTimer - Tick 1 took too much times: 2079
2023-02-19 05:35:08: 
AuxiliaryTimer took much times to process: 2085ms
2023-02-19 05:35:10: 17, failed to connect to DBServer: 127.0.0.1:23001
2023-02-19 05:35:10: AuxiliaryTimer - Tick 1 took too much times: 2076
2023-02-19 05:35:10: 
AuxiliaryTimer took much times to process: 2085ms
2023-02-19 05:35:10: 6, failed to send data to DBServer:, command CMD_DB_GET_CHATMSGLIST, data 1:0:78:, length 7, exception message: An existing connection was forcibly closed by the remote host
2023-02-19 05:35:12: 18, failed to connect to DBServer: 127.0.0.1:23001
2023-02-19 05:35:12: AuxiliaryTimer - Tick 1 took too much times: 2065
2023-02-19 05:35:12: Send packet to GameDB faild, CMD=CMD_DB_GET_CHATMSGLIST
2023-02-19 05:35:12: Không kết nối được với DBServer để lấy danh sách thư khi xử lý thư được chuyển tiếp
2023-02-19 05:35:12: chatMsgWorker_DoWork time processed: 4043s
2023-02-19 05:35:12: 
AuxiliaryTimer took much times to process: 2071ms
2023-02-19 05:35:14: 19, failed to connect to DBServer: 127.0.0.1:23001
2023-02-19 05:35:14: AuxiliaryTimer - Tick 1 took too much times: 2066
2023-02-19 05:35:14: 
AuxiliaryTimer took much times to process: 2075ms
2023-02-19 05:35:14: 7, failed to send data to DBServer:, command CMD_DB_GET_CHATMSGLIST, data 1:0:79:, length 7, exception message: An existing connection was forcibly closed by the remote host
2023-02-19 05:35:16: 20, failed to connect to DBServer: 127.0.0.1:23001
2023-02-19 05:35:16: AuxiliaryTimer - Tick 1 took too much times: 2081
2023-02-19 05:35:16: Send packet to GameDB faild, CMD=CMD_DB_GET_CHATMSGLIST
2023-02-19 05:35:16: Không kết nối được với DBServer để lấy danh sách thư khi xử lý thư được chuyển tiếp
2023-02-19 05:35:16: chatMsgWorker_DoWork time processed: 3170s
2023-02-19 05:35:16: 
AuxiliaryTimer took much times to process: 2087ms
2023-02-19 05:35:18: 21, failed to connect to DBServer: 127.0.0.1:23001
2023-02-19 05:35:18: AuxiliaryTimer - Tick 1 took too much times: 2083
2023-02-19 05:35:18: 
AuxiliaryTimer took much times to process: 2093ms
2023-02-19 05:35:18: 8, failed to send data to DBServer:, command CMD_DB_GET_CHATMSGLIST, data 1:0:80:, length 7, exception message: An existing connection was forcibly closed by the remote host
2023-02-19 05:35:20: 22, failed to connect to DBServer: 127.0.0.1:23001
2023-02-19 05:35:20: AuxiliaryTimer - Tick 1 took too much times: 2057
2023-02-19 05:35:20: Send packet to GameDB faild, CMD=CMD_DB_GET_CHATMSGLIST
2023-02-19 05:35:20: Không kết nối được với DBServer để lấy danh sách thư khi xử lý thư được chuyển tiếp
2023-02-19 05:35:20: chatMsgWorker_DoWork time processed: 2311s
2023-02-19 05:35:20: 
AuxiliaryTimer took much times to process: 2065ms
2023-02-19 05:35:22: 23, failed to connect to DBServer: 127.0.0.1:23001
2023-02-19 05:35:22: AuxiliaryTimer - Tick 1 took too much times: 2067
2023-02-19 05:35:22: 
AuxiliaryTimer took much times to process: 2072ms
2023-02-19 05:35:25: 24, failed to connect to DBServer: 127.0.0.1:23001
2023-02-19 05:35:25: AuxiliaryTimer - Tick 1 took too much times: 2086
2023-02-19 05:35:25: 
AuxiliaryTimer took much times to process: 2092ms
2023-02-19 05:35:25: 9, failed to send data to DBServer:, command CMD_DB_GET_CHATMSGLIST, data 1:0:81:, length 7, exception message: An existing connection was forcibly closed by the remote host
2023-02-19 05:35:27: 25, failed to connect to DBServer: 127.0.0.1:23001
2023-02-19 05:35:27: AuxiliaryTimer - Tick 1 took too much times: 2053
2023-02-19 05:35:27: Send packet to GameDB faild, CMD=CMD_DB_GET_CHATMSGLIST
2023-02-19 05:35:27: Không kết nối được với DBServer để lấy danh sách thư khi xử lý thư được chuyển tiếp
2023-02-19 05:35:27: chatMsgWorker_DoWork time processed: 3484s
2023-02-19 05:35:27: 
AuxiliaryTimer took much times to process: 2059ms
2023-02-19 05:35:29: 26, failed to connect to DBServer: 127.0.0.1:23001
2023-02-19 05:35:29: AuxiliaryTimer - Tick 1 took too much times: 2052
2023-02-19 05:35:29: 
AuxiliaryTimer took much times to process: 2062ms
2023-02-19 05:35:29: 0, failed to send data to DBServer:, command CMD_DB_GET_CHATMSGLIST, data 1:0:82:, length 7, exception message: An existing connection was forcibly closed by the remote host
2023-02-19 05:35:31: 27, failed to connect to DBServer: 127.0.0.1:23001
2023-02-19 05:35:31: AuxiliaryTimer - Tick 1 took too much times: 2060
2023-02-19 05:35:31: Send packet to GameDB faild, CMD=CMD_DB_GET_CHATMSGLIST
2023-02-19 05:35:31: Không kết nối được với DBServer để lấy danh sách thư khi xử lý thư được chuyển tiếp
2023-02-19 05:35:31: chatMsgWorker_DoWork time processed: 2574s
2023-02-19 05:35:31: 
AuxiliaryTimer took much times to process: 2067ms
2023-02-19 05:35:33: 28, failed to connect to DBServer: 127.0.0.1:23001
2023-02-19 05:35:33: AuxiliaryTimer - Tick 1 took too much times: 2041
2023-02-19 05:35:33: 
AuxiliaryTimer took much times to process: 2047ms
2023-02-19 05:35:35: 29, failed to connect to DBServer: 127.0.0.1:23001
2023-02-19 05:35:35: AuxiliaryTimer - Tick 1 took too much times: 2065
2023-02-19 05:35:35: 
AuxiliaryTimer took much times to process: 2074ms
2023-02-19 05:35:35: 1, failed to send data to DBServer:, command CMD_DB_GET_CHATMSGLIST, data 1:0:83:, length 7, exception message: An existing connection was forcibly closed by the remote host
2023-02-19 05:35:37: 30, failed to connect to DBServer: 127.0.0.1:23001
2023-02-19 05:35:37: AuxiliaryTimer - Tick 1 took too much times: 2051
2023-02-19 05:35:37: Send packet to GameDB faild, CMD=CMD_DB_GET_CHATMSGLIST
2023-02-19 05:35:37: Không kết nối được với DBServer để lấy danh sách thư khi xử lý thư được chuyển tiếp
2023-02-19 05:35:37: chatMsgWorker_DoWork time processed: 3717s
2023-02-19 05:35:37: 
AuxiliaryTimer took much times to process: 2057ms
2023-02-19 05:35:39: 31, failed to connect to DBServer: 127.0.0.1:23001
2023-02-19 05:35:39: AuxiliaryTimer - Tick 1 took too much times: 2056
2023-02-19 05:35:39: 
AuxiliaryTimer took much times to process: 2065ms
2023-02-19 05:35:39: 2, failed to send data to DBServer:, command CMD_DB_GET_CHATMSGLIST, data 1:0:84:, length 7, exception message: An existing connection was forcibly closed by the remote host
2023-02-19 05:35:41: 32, failed to connect to DBServer: 127.0.0.1:23001
2023-02-19 05:35:41: AuxiliaryTimer - Tick 1 took too much times: 2083
2023-02-19 05:35:41: Send packet to GameDB faild, CMD=CMD_DB_GET_CHATMSGLIST
2023-02-19 05:35:41: Không kết nối được với DBServer để lấy danh sách thư khi xử lý thư được chuyển tiếp
2023-02-19 05:35:41: chatMsgWorker_DoWork time processed: 2855s
2023-02-19 05:35:41: 
AuxiliaryTimer took much times to process: 2089ms
2023-02-19 05:35:43: 33, failed to connect to DBServer: 127.0.0.1:23001
2023-02-19 05:35:43: AuxiliaryTimer - Tick 1 took too much times: 2067
2023-02-19 05:35:43: 
AuxiliaryTimer took much times to process: 2073ms
2023-02-19 05:35:45: 34, failed to connect to DBServer: 127.0.0.1:23001
2023-02-19 05:35:45: AuxiliaryTimer - Tick 1 took too much times: 2067
2023-02-19 05:35:45: 
AuxiliaryTimer took much times to process: 2073ms
2023-02-19 05:35:47: 35, failed to connect to DBServer: 127.0.0.1:23001
2023-02-19 05:35:47: AuxiliaryTimer - Tick 1 took too much times: 2058
2023-02-19 05:35:47: 
AuxiliaryTimer took much times to process: 2064ms
2023-02-19 05:35:49: 36, failed to connect to DBServer: 127.0.0.1:23001
2023-02-19 05:35:49: AuxiliaryTimer - Tick 1 took too much times: 2065
2023-02-19 05:35:49: 
AuxiliaryTimer took much times to process: 2071ms
2023-02-19 05:35:51: 37, failed to connect to DBServer: 127.0.0.1:23001
2023-02-19 05:35:51: AuxiliaryTimer - Tick 1 took too much times: 2053
2023-02-19 05:35:51: 
AuxiliaryTimer took much times to process: 2060ms
2023-02-19 05:35:53: 38, failed to connect to DBServer: 127.0.0.1:23001
2023-02-19 05:35:53: AuxiliaryTimer - Tick 1 took too much times: 2074
2023-02-19 05:35:54: 
AuxiliaryTimer took much times to process: 2080ms
2023-02-19 05:35:56: 39, failed to connect to DBServer: 127.0.0.1:23001
2023-02-19 05:35:56: AuxiliaryTimer - Tick 1 took too much times: 2071
2023-02-19 05:35:56: 
AuxiliaryTimer took much times to process: 2077ms
2023-02-19 05:35:58: 40, failed to connect to DBServer: 127.0.0.1:23001
2023-02-19 05:35:58: AuxiliaryTimer - Tick 1 took too much times: 2063
2023-02-19 05:35:58: 
AuxiliaryTimer took much times to process: 2070ms
2023-02-19 05:36:00: 41, failed to connect to DBServer: 127.0.0.1:23001
2023-02-19 05:36:00: AuxiliaryTimer - Tick 1 took too much times: 2061
2023-02-19 05:36:00: 
AuxiliaryTimer took much times to process: 2067ms
2023-02-19 05:36:02: 42, failed to connect to DBServer: 127.0.0.1:23001
2023-02-19 05:36:02: AuxiliaryTimer - Tick 1 took too much times: 2058
2023-02-19 05:36:02: 
AuxiliaryTimer took much times to process: 2063ms
2023-02-19 05:36:04: 43, failed to connect to DBServer: 127.0.0.1:23001
2023-02-19 05:36:04: AuxiliaryTimer - Tick 1 took too much times: 2081
2023-02-19 05:36:04: 
AuxiliaryTimer took much times to process: 2091ms
2023-02-19 05:36:06: 44, failed to connect to DBServer: 127.0.0.1:23001
2023-02-19 05:36:06: AuxiliaryTimer - Tick 1 took too much times: 2069
2023-02-19 05:36:06: 
AuxiliaryTimer took much times to process: 2074ms
2023-02-19 05:36:08: 45, failed to connect to DBServer: 127.0.0.1:23001
2023-02-19 05:36:08: AuxiliaryTimer - Tick 1 took too much times: 2044
2023-02-19 05:36:08: 
AuxiliaryTimer took much times to process: 2050ms
2023-02-19 05:36:10: 46, failed to connect to DBServer: 127.0.0.1:23001
2023-02-19 05:36:10: AuxiliaryTimer - Tick 1 took too much times: 2085
2023-02-19 05:36:10: 
AuxiliaryTimer took much times to process: 2091ms
2023-02-19 05:36:12: 47, failed to connect to DBServer: 127.0.0.1:23001
2023-02-19 05:36:12: AuxiliaryTimer - Tick 1 took too much times: 2071
2023-02-19 05:36:12: 
AuxiliaryTimer took much times to process: 2076ms
2023-02-19 05:36:14: 48, failed to connect to DBServer: 127.0.0.1:23001
2023-02-19 05:36:14: AuxiliaryTimer - Tick 1 took too much times: 2071
2023-02-19 05:36:14: 
AuxiliaryTimer took much times to process: 2077ms
2023-02-19 05:36:16: 49, failed to connect to DBServer: 127.0.0.1:23001
2023-02-19 05:36:16: AuxiliaryTimer - Tick 1 took too much times: 2071
2023-02-19 05:36:16: 
AuxiliaryTimer took much times to process: 2077ms
2023-02-19 05:36:18: 50, failed to connect to DBServer: 127.0.0.1:23001
2023-02-19 05:36:18: AuxiliaryTimer - Tick 1 took too much times: 2063
2023-02-19 05:36:18: 
AuxiliaryTimer took much times to process: 2069ms
2023-02-19 05:36:20: 51, failed to connect to DBServer: 127.0.0.1:23001
2023-02-19 05:36:20: AuxiliaryTimer - Tick 1 took too much times: 2064
2023-02-19 05:36:20: 
AuxiliaryTimer took much times to process: 2070ms
2023-02-19 05:36:22: 52, failed to connect to DBServer: 127.0.0.1:23001
2023-02-19 05:36:23: AuxiliaryTimer - Tick 1 took too much times: 2057
2023-02-19 05:36:23: 
AuxiliaryTimer took much times to process: 2063ms
2023-02-19 05:36:25: 53, failed to connect to DBServer: 127.0.0.1:23001
2023-02-19 05:36:25: AuxiliaryTimer - Tick 1 took too much times: 2055
2023-02-19 05:36:25: 
AuxiliaryTimer took much times to process: 2061ms
2023-02-19 05:36:27: 54, failed to connect to DBServer: 127.0.0.1:23001
2023-02-19 05:36:27: AuxiliaryTimer - Tick 1 took too much times: 2069
2023-02-19 05:36:27: 
AuxiliaryTimer took much times to process: 2075ms
2023-02-19 05:36:29: 55, failed to connect to DBServer: 127.0.0.1:23001
2023-02-19 05:36:29: AuxiliaryTimer - Tick 1 took too much times: 2047
2023-02-19 05:36:29: 
AuxiliaryTimer took much times to process: 2053ms
2023-02-19 05:36:31: 56, failed to connect to DBServer: 127.0.0.1:23001
2023-02-19 05:36:31: AuxiliaryTimer - Tick 1 took too much times: 2063
2023-02-19 05:36:31: 
AuxiliaryTimer took much times to process: 2070ms
2023-02-19 05:36:33: 57, failed to connect to DBServer: 127.0.0.1:23001
2023-02-19 05:36:33: AuxiliaryTimer - Tick 1 took too much times: 2070
2023-02-19 05:36:33: 
AuxiliaryTimer took much times to process: 2077ms
2023-02-19 05:36:35: 58, failed to connect to DBServer: 127.0.0.1:23001
2023-02-19 05:36:35: AuxiliaryTimer - Tick 1 took too much times: 2069
2023-02-19 05:36:35: 
AuxiliaryTimer took much times to process: 2075ms
2023-02-19 05:36:37: 59, failed to connect to DBServer: 127.0.0.1:23001
2023-02-19 05:36:37: AuxiliaryTimer - Tick 1 took too much times: 2050
2023-02-19 05:36:37: 
AuxiliaryTimer took much times to process: 2056ms
2023-02-19 05:36:39: 60, failed to connect to DBServer: 127.0.0.1:23001
2023-02-19 05:36:39: AuxiliaryTimer - Tick 1 took too much times: 2061
2023-02-19 05:36:39: 
AuxiliaryTimer took much times to process: 2067ms
2023-02-19 05:36:41: 61, failed to connect to DBServer: 127.0.0.1:23001
2023-02-19 05:36:41: AuxiliaryTimer - Tick 1 took too much times: 2045
2023-02-19 05:36:41: 
AuxiliaryTimer took much times to process: 2051ms
2023-02-19 05:36:43: 62, failed to connect to DBServer: 127.0.0.1:23001
2023-02-19 05:36:43: AuxiliaryTimer - Tick 1 took too much times: 2068
2023-02-19 05:36:43: 
AuxiliaryTimer took much times to process: 2074ms
2023-02-19 05:36:45: 63, failed to connect to DBServer: 127.0.0.1:23001
2023-02-19 05:36:45: AuxiliaryTimer - Tick 1 took too much times: 2074
2023-02-19 05:36:45: 
AuxiliaryTimer took much times to process: 2080ms
2023-02-19 05:36:47: 64, failed to connect to DBServer: 127.0.0.1:23001
2023-02-19 05:36:47: AuxiliaryTimer - Tick 1 took too much times: 2079
2023-02-19 05:36:47: 
AuxiliaryTimer took much times to process: 2085ms
2023-02-19 05:36:48: AuxiliaryTimer - Tick 1 took too much times: 530
2023-02-19 05:36:48: chatMsgWorker_DoWork time processed: 64641s
2023-02-19 05:37:13: 
AuxiliaryTimer took much times to process: 11890ms
2023-02-19 05:40:00: 4, failed to send data to DBServer:, command CMD_DB_GET_CHATMSGLIST, data 1:0:53:, length 7, exception message: An existing connection was forcibly closed by the remote host
2023-02-19 05:40:00: Send packet to GameDB faild, CMD=CMD_DB_GET_CHATMSGLIST
2023-02-19 05:40:00: Không kết nối được với DBServer để lấy danh sách thư khi xử lý thư được chuyển tiếp
2023-02-19 05:40:05: 5, failed to send data to DBServer:, command CMD_DB_GET_CHATMSGLIST, data 1:0:55:, length 7, exception message: An existing connection was forcibly closed by the remote host
2023-02-19 05:40:05: Send packet to GameDB faild, CMD=CMD_DB_GET_CHATMSGLIST
2023-02-19 05:40:05: Không kết nối được với DBServer để lấy danh sách thư khi xử lý thư được chuyển tiếp
2023-02-19 05:40:07: 11, failed to connect to DBServer: 127.0.0.1:23001
2023-02-19 05:40:07: AuxiliaryTimer - Tick 1 took too much times: 2080
2023-02-19 05:40:07: 
AuxiliaryTimer took much times to process: 2087ms
2023-02-19 05:40:09: 12, failed to connect to DBServer: 127.0.0.1:23001
2023-02-19 05:40:09: AuxiliaryTimer - Tick 1 took too much times: 2068
2023-02-19 05:40:09: 
AuxiliaryTimer took much times to process: 2074ms
2023-02-19 05:40:11: 13, failed to connect to DBServer: 127.0.0.1:23001
2023-02-19 05:40:11: AuxiliaryTimer - Tick 1 took too much times: 2081
2023-02-19 05:40:11: 
AuxiliaryTimer took much times to process: 2091ms
2023-02-19 05:40:11: 6, failed to send data to DBServer:, command CMD_DB_GET_CHATMSGLIST, data 1:0:56:, length 7, exception message: An existing connection was forcibly closed by the remote host
2023-02-19 05:40:13: 14, failed to connect to DBServer: 127.0.0.1:23001
2023-02-19 05:40:13: AuxiliaryTimer - Tick 1 took too much times: 2076
2023-02-19 05:40:13: Send packet to GameDB faild, CMD=CMD_DB_GET_CHATMSGLIST
2023-02-19 05:40:13: Không kết nối được với DBServer để lấy danh sách thư khi xử lý thư được chuyển tiếp
2023-02-19 05:40:13: chatMsgWorker_DoWork time processed: 3419s
2023-02-19 05:40:13: 
AuxiliaryTimer took much times to process: 2082ms
2023-02-19 05:40:14: AuxiliaryTimer - Tick 1 took too much times: 524
2023-02-19 05:40:15: 7, failed to send data to DBServer:, command CMD_DB_GET_CHATMSGLIST, data 1:0:59:, length 7, exception message: An existing connection was forcibly closed by the remote host
2023-02-19 05:40:15: Send packet to GameDB faild, CMD=CMD_DB_GET_CHATMSGLIST
2023-02-19 05:40:15: Không kết nối được với DBServer để lấy danh sách thư khi xử lý thư được chuyển tiếp
2023-02-19 05:40:20: 8, failed to send data to DBServer:, command CMD_DB_GET_CHATMSGLIST, data 1:0:61:, length 7, exception message: An existing connection was forcibly closed by the remote host
2023-02-19 05:40:20: Send packet to GameDB faild, CMD=CMD_DB_GET_CHATMSGLIST
2023-02-19 05:40:20: Không kết nối được với DBServer để lấy danh sách thư khi xử lý thư được chuyển tiếp
2023-02-19 05:40:25: 9, failed to send data to DBServer:, command CMD_DB_GET_CHATMSGLIST, data 1:0:63:, length 7, exception message: An existing connection was forcibly closed by the remote host
2023-02-19 05:40:25: Send packet to GameDB faild, CMD=CMD_DB_GET_CHATMSGLIST
2023-02-19 05:40:25: Không kết nối được với DBServer để lấy danh sách thư khi xử lý thư được chuyển tiếp
2023-02-19 05:41:19: 
AuxiliaryTimer took much times to process: 12738ms
2023-02-19 05:42:35: 8, failed to send data to DBServer:, command CMD_DB_GET_CHATMSGLIST, data 3:1:35:, length 7, exception message: An existing connection was forcibly closed by the remote host
2023-02-19 05:42:35: Send packet to GameDB faild, CMD=CMD_DB_GET_CHATMSGLIST
2023-02-19 05:42:35: Không kết nối được với DBServer để lấy danh sách thư khi xử lý thư được chuyển tiếp
2023-02-19 05:42:37: 10, failed to connect to DBServer: 127.0.0.1:23001
2023-02-19 05:42:37: AuxiliaryTimer - Tick 1 took too much times: 2050
2023-02-19 05:42:37: 
AuxiliaryTimer took much times to process: 2056ms
2023-02-19 05:42:39: 11, failed to connect to DBServer: 127.0.0.1:23001
2023-02-19 05:42:39: AuxiliaryTimer - Tick 1 took too much times: 2048
2023-02-19 05:42:39: 
AuxiliaryTimer took much times to process: 2054ms
2023-02-19 05:42:41: 12, failed to connect to DBServer: 127.0.0.1:23001
2023-02-19 05:42:41: AuxiliaryTimer - Tick 1 took too much times: 2069
2023-02-19 05:42:41: 
AuxiliaryTimer took much times to process: 2075ms
2023-02-19 05:42:41: 9, failed to send data to DBServer:, command CMD_DB_GET_CHATMSGLIST, data 3:1:36:, length 7, exception message: An existing connection was forcibly closed by the remote host
2023-02-19 05:42:43: 13, failed to connect to DBServer: 127.0.0.1:23001
2023-02-19 05:42:43: AuxiliaryTimer - Tick 1 took too much times: 2078
2023-02-19 05:42:43: Send packet to GameDB faild, CMD=CMD_DB_GET_CHATMSGLIST
2023-02-19 05:42:43: Không kết nối được với DBServer để lấy danh sách thư khi xử lý thư được chuyển tiếp
2023-02-19 05:42:43: chatMsgWorker_DoWork time processed: 3270s
2023-02-19 05:42:43: 
AuxiliaryTimer took much times to process: 2085ms
2023-02-19 05:42:45: 14, failed to connect to DBServer: 127.0.0.1:23001
2023-02-19 05:42:45: AuxiliaryTimer - Tick 1 took too much times: 2067
2023-02-19 05:42:45: 
AuxiliaryTimer took much times to process: 2077ms
2023-02-19 05:42:45: 0, failed to send data to DBServer:, command CMD_DB_GET_CHATMSGLIST, data 3:1:37:, length 7, exception message: An existing connection was forcibly closed by the remote host
2023-02-19 05:42:47: 15, failed to connect to DBServer: 127.0.0.1:23001
2023-02-19 05:42:47: AuxiliaryTimer - Tick 1 took too much times: 2078
2023-02-19 05:42:47: Send packet to GameDB faild, CMD=CMD_DB_GET_CHATMSGLIST
2023-02-19 05:42:47: Không kết nối được với DBServer để lấy danh sách thư khi xử lý thư được chuyển tiếp
2023-02-19 05:42:47: chatMsgWorker_DoWork time processed: 2402s
2023-02-19 05:42:47: 
AuxiliaryTimer took much times to process: 2085ms
2023-02-19 05:42:49: 16, failed to connect to DBServer: 127.0.0.1:23001
2023-02-19 05:42:49: AuxiliaryTimer - Tick 1 took too much times: 2056
2023-02-19 05:42:49: 
AuxiliaryTimer took much times to process: 2061ms
2023-02-19 05:42:51: 17, failed to connect to DBServer: 127.0.0.1:23001
2023-02-19 05:42:51: AuxiliaryTimer - Tick 1 took too much times: 2056
2023-02-19 05:42:51: 
AuxiliaryTimer took much times to process: 2060ms
2023-02-19 05:42:51: 1, failed to send data to DBServer:, command CMD_DB_GET_CHATMSGLIST, data 3:1:38:, length 7, exception message: An existing connection was forcibly closed by the remote host
2023-02-19 05:42:53: 18, failed to connect to DBServer: 127.0.0.1:23001
2023-02-19 05:42:53: AuxiliaryTimer - Tick 1 took too much times: 2082
2023-02-19 05:42:53: Send packet to GameDB faild, CMD=CMD_DB_GET_CHATMSGLIST
2023-02-19 05:42:53: Không kết nối được với DBServer để lấy danh sách thư khi xử lý thư được chuyển tiếp
2023-02-19 05:42:53: chatMsgWorker_DoWork time processed: 3595s
2023-02-19 05:42:53: 
AuxiliaryTimer took much times to process: 2089ms
2023-02-19 05:42:55: 19, failed to connect to DBServer: 127.0.0.1:23001
2023-02-19 05:42:55: AuxiliaryTimer - Tick 1 took too much times: 2085
2023-02-19 05:42:55: 
AuxiliaryTimer took much times to process: 2090ms
2023-02-19 05:42:55: 2, failed to send data to DBServer:, command CMD_DB_GET_CHATMSGLIST, data 3:1:39:, length 7, exception message: An existing connection was forcibly closed by the remote host
2023-02-19 05:42:57: 20, failed to connect to DBServer: 127.0.0.1:23001
2023-02-19 05:42:57: AuxiliaryTimer - Tick 1 took too much times: 2056
2023-02-19 05:42:57: Send packet to GameDB faild, CMD=CMD_DB_GET_CHATMSGLIST
2023-02-19 05:42:57: Không kết nối được với DBServer để lấy danh sách thư khi xử lý thư được chuyển tiếp
2023-02-19 05:42:57: chatMsgWorker_DoWork time processed: 2712s
2023-02-19 05:42:57: 
AuxiliaryTimer took much times to process: 2062ms
2023-02-19 05:43:00: 21, failed to connect to DBServer: 127.0.0.1:23001
2023-02-19 05:43:00: AuxiliaryTimer - Tick 1 took too much times: 2065
2023-02-19 05:43:00: 
AuxiliaryTimer took much times to process: 2073ms
2023-02-19 05:43:02: 22, failed to connect to DBServer: 127.0.0.1:23001
2023-02-19 05:43:02: AuxiliaryTimer - Tick 1 took too much times: 2051
2023-02-19 05:43:02: 
AuxiliaryTimer took much times to process: 2057ms
2023-02-19 05:43:02: 3, failed to send data to DBServer:, command CMD_DB_GET_CHATMSGLIST, data 3:1:40:, length 7, exception message: An existing connection was forcibly closed by the remote host
2023-02-19 05:43:04: 23, failed to connect to DBServer: 127.0.0.1:23001
2023-02-19 05:43:04: AuxiliaryTimer - Tick 1 took too much times: 2067
2023-02-19 05:43:04: Send packet to GameDB faild, CMD=CMD_DB_GET_CHATMSGLIST
2023-02-19 05:43:04: Không kết nối được với DBServer để lấy danh sách thư khi xử lý thư được chuyển tiếp
2023-02-19 05:43:04: chatMsgWorker_DoWork time processed: 3874s
2023-02-19 05:43:04: 
AuxiliaryTimer took much times to process: 2073ms
2023-02-19 05:43:06: 24, failed to connect to DBServer: 127.0.0.1:23001
2023-02-19 05:43:06: AuxiliaryTimer - Tick 1 took too much times: 2071
2023-02-19 05:43:06: 
AuxiliaryTimer took much times to process: 2082ms
2023-02-19 05:43:06: 4, failed to send data to DBServer:, command CMD_DB_GET_CHATMSGLIST, data 3:1:41:, length 7, exception message: An existing connection was forcibly closed by the remote host
2023-02-19 05:43:08: 25, failed to connect to DBServer: 127.0.0.1:23001
2023-02-19 05:43:08: AuxiliaryTimer - Tick 1 took too much times: 2058
2023-02-19 05:43:08: Send packet to GameDB faild, CMD=CMD_DB_GET_CHATMSGLIST
2023-02-19 05:43:08: Không kết nối được với DBServer để lấy danh sách thư khi xử lý thư được chuyển tiếp
2023-02-19 05:43:08: chatMsgWorker_DoWork time processed: 2989s
2023-02-19 05:43:08: 
AuxiliaryTimer took much times to process: 2064ms
2023-02-19 05:43:10: 26, failed to connect to DBServer: 127.0.0.1:23001
2023-02-19 05:43:10: AuxiliaryTimer - Tick 1 took too much times: 2081
2023-02-19 05:43:10: 
AuxiliaryTimer took much times to process: 2086ms
2023-02-19 05:43:10: 5, failed to send data to DBServer:, command CMD_DB_GET_CHATMSGLIST, data 3:1:42:, length 7, exception message: An existing connection was forcibly closed by the remote host
2023-02-19 05:43:12: 27, failed to connect to DBServer: 127.0.0.1:23001
2023-02-19 05:43:12: AuxiliaryTimer - Tick 1 took too much times: 2058
2023-02-19 05:43:12: Send packet to GameDB faild, CMD=CMD_DB_GET_CHATMSGLIST
2023-02-19 05:43:12: Không kết nối được với DBServer để lấy danh sách thư khi xử lý thư được chuyển tiếp
2023-02-19 05:43:12: chatMsgWorker_DoWork time processed: 2136s
2023-02-19 05:43:12: 
AuxiliaryTimer took much times to process: 2064ms
2023-02-19 05:43:14: 28, failed to connect to DBServer: 127.0.0.1:23001
2023-02-19 05:43:14: AuxiliaryTimer - Tick 1 took too much times: 2058
2023-02-19 05:43:14: 
AuxiliaryTimer took much times to process: 2063ms
2023-02-19 05:43:16: 29, failed to connect to DBServer: 127.0.0.1:23001
2023-02-19 05:43:16: AuxiliaryTimer - Tick 1 took too much times: 2082
2023-02-19 05:43:16: 
AuxiliaryTimer took much times to process: 2092ms
2023-02-19 05:43:16: 6, failed to send data to DBServer:, command CMD_DB_GET_CHATMSGLIST, data 3:1:43:, length 7, exception message: An existing connection was forcibly closed by the remote host
2023-02-19 05:43:17: AuxiliaryTimer - Tick 1 took too much times: 523
2023-02-19 05:43:17: Send packet to GameDB faild, CMD=CMD_DB_GET_CHATMSGLIST
2023-02-19 05:43:17: Không kết nối được với DBServer để lấy danh sách thư khi xử lý thư được chuyển tiếp
2023-02-19 05:43:17: chatMsgWorker_DoWork time processed: 1776s
2023-02-19 05:43:20: 7, failed to send data to DBServer:, command CMD_DB_GET_CHATMSGLIST, data 3:1:52:, length 7, exception message: An existing connection was forcibly closed by the remote host
2023-02-19 05:43:20: Send packet to GameDB faild, CMD=CMD_DB_GET_CHATMSGLIST
2023-02-19 05:43:20: Không kết nối được với DBServer để lấy danh sách thư khi xử lý thư được chuyển tiếp
2023-02-19 05:44:05: 
AuxiliaryTimer took much times to process: 12260ms
2023-02-19 05:44:51: 7, failed to send data to DBServer:, command CMD_DB_GET_CHATMSGLIST, data 3:0:29:, length 7, exception message: An existing connection was forcibly closed by the remote host
2023-02-19 05:44:51: Send packet to GameDB faild, CMD=CMD_DB_GET_CHATMSGLIST
2023-02-19 05:44:51: Không kết nối được với DBServer để lấy danh sách thư khi xử lý thư được chuyển tiếp
2023-02-19 05:44:53: 10, failed to connect to DBServer: 127.0.0.1:23001
2023-02-19 05:44:53: AuxiliaryTimer - Tick 1 took too much times: 2059
2023-02-19 05:44:53: 
AuxiliaryTimer took much times to process: 2065ms
2023-02-19 05:44:55: 11, failed to connect to DBServer: 127.0.0.1:23001
2023-02-19 05:44:55: AuxiliaryTimer - Tick 1 took too much times: 2052
2023-02-19 05:44:55: 
AuxiliaryTimer took much times to process: 2058ms
2023-02-19 05:44:57: 12, failed to connect to DBServer: 127.0.0.1:23001
2023-02-19 05:44:57: AuxiliaryTimer - Tick 1 took too much times: 2070
2023-02-19 05:44:57: 
AuxiliaryTimer took much times to process: 2080ms
2023-02-19 05:44:57: 8, failed to send data to DBServer:, command CMD_DB_GET_CHATMSGLIST, data 3:0:30:, length 7, exception message: An existing connection was forcibly closed by the remote host
2023-02-19 05:44:59: 13, failed to connect to DBServer: 127.0.0.1:23001
2023-02-19 05:44:59: AuxiliaryTimer - Tick 1 took too much times: 2073
2023-02-19 05:44:59: Send packet to GameDB faild, CMD=CMD_DB_GET_CHATMSGLIST
2023-02-19 05:44:59: Không kết nối được với DBServer để lấy danh sách thư khi xử lý thư được chuyển tiếp
2023-02-19 05:44:59: chatMsgWorker_DoWork time processed: 3368s
2023-02-19 05:44:59: 
AuxiliaryTimer took much times to process: 2079ms
2023-02-19 05:45:01: 14, failed to connect to DBServer: 127.0.0.1:23001
2023-02-19 05:45:01: AuxiliaryTimer - Tick 1 took too much times: 2060
2023-02-19 05:45:01: 
AuxiliaryTimer took much times to process: 2064ms
2023-02-19 05:45:01: 9, failed to send data to DBServer:, command CMD_DB_GET_CHATMSGLIST, data 3:0:31:, length 7, exception message: An existing connection was forcibly closed by the remote host
2023-02-19 05:45:03: 15, failed to connect to DBServer: 127.0.0.1:23001
2023-02-19 05:45:03: AuxiliaryTimer - Tick 1 took too much times: 2074
2023-02-19 05:45:03: Send packet to GameDB faild, CMD=CMD_DB_GET_CHATMSGLIST
2023-02-19 05:45:03: Không kết nối được với DBServer để lấy danh sách thư khi xử lý thư được chuyển tiếp
2023-02-19 05:45:03: chatMsgWorker_DoWork time processed: 2482s
2023-02-19 05:45:03: 
AuxiliaryTimer took much times to process: 2080ms
2023-02-19 05:45:05: 16, failed to connect to DBServer: 127.0.0.1:23001
2023-02-19 05:45:05: AuxiliaryTimer - Tick 1 took too much times: 2064
2023-02-19 05:45:05: 
AuxiliaryTimer took much times to process: 2070ms
2023-02-19 05:45:07: 17, failed to connect to DBServer: 127.0.0.1:23001
2023-02-19 05:45:07: AuxiliaryTimer - Tick 1 took too much times: 2083
2023-02-19 05:45:07: 
AuxiliaryTimer took much times to process: 2092ms
2023-02-19 05:45:07: 0, failed to send data to DBServer:, command CMD_DB_GET_CHATMSGLIST, data 3:0:32:, length 7, exception message: An existing connection was forcibly closed by the remote host
