2023-02-19 05:30:21: ##exception##
System.Net.Sockets.SocketException (0x80004005): No connection could be made because the target machine actively refused it 127.0.0.1:4000

Server stack trace: 
   at System.Net.Sockets.Socket.DoConnect(EndPoint endPointSnapshot, SocketAddress socketAddress)
   at System.Net.Sockets.Socket.Connect(EndPoint remoteEP)
   at System.Runtime.Remoting.Channels.RemoteConnection.CreateNewSocket(EndPoint ipEndPoint)
   at System.Runtime.Remoting.Channels.SocketCache.GetSocket(String machinePortAndSid, Boolean openNew)
   at System.Runtime.Remoting.Channels.Tcp.TcpClientTransportSink.SendRequestWithRetry(IMessage msg, ITransportHeaders requestHeaders, Stream requestStream)
   at System.Runtime.Remoting.Channels.Tcp.TcpClientTransportSink.ProcessMessage(IMessage msg, ITransportHeaders requestHeaders, Stream requestStream, ITransportHeaders& responseHeaders, Stream& responseStream)
   at System.Runtime.Remoting.Channels.BinaryClientFormatterSink.SyncProcessMessage(IMessage msg)

Exception rethrown at [0]: 
   at System.Runtime.Remoting.Proxies.RealProxy.HandleReturnMessage(IMessage reqMsg, IMessage retMsg)
   at System.Runtime.Remoting.Proxies.RealProxy.PrivateInvoke(MessageData& msgData, Int32 type)
   at KF.Contract.Interface.IKuaFuCopyService.InitializeClient(IKuaFuClient callback, KuaFuClientContext clientInfo)
   at KF.Client.KFCopyRpcClient.GetKuaFuService(Boolean noWait) in F:\Clound\Dropbox\VL_Project\GameServer\KTGameServer\GameServer\VLTK\Core\CrossService\KuaFu\KFCopyRpcClient.cs:line 386   at KF.Client.KFCopyRpcClient.TimerProc(Object sender, EventArgs e) in F:\Clound\Dropbox\VL_Project\GameServer\KTGameServer\GameServer\VLTK\Core\CrossService\KuaFu\KFCopyRpcClient.cs:line 296
   at GameServer.Core.Executor.NormalScheduleTask.run() in F:\Clound\Dropbox\VL_Project\GameServer\KTGameServer\GameServer\Core\Executor\ScheduleExecutor2.cs:line 38
   at GameServer.Core.Executor.ScheduleExecutor2.OnTimedEvent(Object source) in F:\Clound\Dropbox\VL_Project\GameServer\KTGameServer\GameServer\Core\Executor\ScheduleExecutor2.cs:line 132
   at System.Threading.ExecutionContext.RunInternal(ExecutionContext executionContext, ContextCallback callback, Object state, Boolean preserveSyncCtx)
   at System.Threading.ExecutionContext.Run(ExecutionContext executionContext, ContextCallback callback, Object state, Boolean preserveSyncCtx)
   at System.Threading.TimerQueueTimer.CallCallback()
   at System.Threading.TimerQueueTimer.Fire()
   at System.Threading.TimerQueue.FireNextTimers()

2023-02-19 05:30:22: ##exception##
System.Net.Sockets.SocketException (0x80004005): No connection could be made because the target machine actively refused it 127.0.0.1:4000

Server stack trace: 
   at System.Net.Sockets.Socket.DoConnect(EndPoint endPointSnapshot, SocketAddress socketAddress)
   at System.Net.Sockets.Socket.Connect(EndPoint remoteEP)
   at System.Runtime.Remoting.Channels.RemoteConnection.CreateNewSocket(EndPoint ipEndPoint)
   at System.Runtime.Remoting.Channels.SocketCache.GetSocket(String machinePortAndSid, Boolean openNew)
   at System.Runtime.Remoting.Channels.Tcp.TcpClientTransportSink.SendRequestWithRetry(IMessage msg, ITransportHeaders requestHeaders, Stream requestStream)
   at System.Runtime.Remoting.Channels.Tcp.TcpClientTransportSink.ProcessMessage(IMessage msg, ITransportHeaders requestHeaders, Stream requestStream, ITransportHeaders& responseHeaders, Stream& responseStream)
   at System.Runtime.Remoting.Channels.BinaryClientFormatterSink.SyncProcessMessage(IMessage msg)

Exception rethrown at [0]: 
   at System.Runtime.Remoting.Proxies.RealProxy.HandleReturnMessage(IMessage reqMsg, IMessage retMsg)
   at System.Runtime.Remoting.Proxies.RealProxy.PrivateInvoke(MessageData& msgData, Int32 type)
   at KF.Contract.Interface.IYongZheZhanChangService.InitializeClient(IKuaFuClient callback, KuaFuClientContext clientInfo)
   at KF.Client.YongZheZhanChangClient.GetKuaFuService(Boolean noWait) in F:\Clound\Dropbox\VL_Project\GameServer\KTGameServer\GameServer\VLTK\Core\CrossService\YongZheZhanChang\YongZheZhanChangClient.cs:line 318   at KF.Client.YongZheZhanChangClient.TimerProc(Object sender, EventArgs e) in F:\Clound\Dropbox\VL_Project\GameServer\KTGameServer\GameServer\VLTK\Core\CrossService\YongZheZhanChang\YongZheZhanChangClient.cs:line 228
   at GameServer.Core.Executor.NormalScheduleTask.run() in F:\Clound\Dropbox\VL_Project\GameServer\KTGameServer\GameServer\Core\Executor\ScheduleExecutor2.cs:line 38
   at GameServer.Core.Executor.ScheduleExecutor2.OnTimedEvent(Object source) in F:\Clound\Dropbox\VL_Project\GameServer\KTGameServer\GameServer\Core\Executor\ScheduleExecutor2.cs:line 132
   at System.Threading.ExecutionContext.RunInternal(ExecutionContext executionContext, ContextCallback callback, Object state, Boolean preserveSyncCtx)
   at System.Threading.ExecutionContext.Run(ExecutionContext executionContext, ContextCallback callback, Object state, Boolean preserveSyncCtx)
   at System.Threading.TimerQueueTimer.CallCallback()
   at System.Threading.TimerQueueTimer.Fire()
   at System.Threading.TimerQueue.FireNextTimers()

2023-02-19 05:34:53: ##exception##
Exception while sending data to DBServer
System.Net.Sockets.SocketException (0x80004005): An existing connection was forcibly closed by the remote host
   at System.Net.Sockets.Socket.Send(Byte[] buffer, Int32 offset, Int32 size, SocketFlags socketFlags)
   at System.Net.Sockets.Socket.Send(Byte[] buffer, Int32 size, SocketFlags socketFlags)
   at Server.TCP.TMSKSocket.Send(Byte[] buffer, Int32 size, SocketFlags socketFlags) in F:\Clound\Dropbox\VL_Project\GameServer\KTGameServer\GameServer\TCPSOCKET\TMSKSocket.cs:line 3571
   at GameServer.Server.TCPClient.SendData(TCPOutPacket tcpOutPacket) in F:\Clound\Dropbox\VL_Project\GameServer\KTGameServer\GameServer\Server\TCPClient.cs:line 188
   at GameServer.Logic.Global.SendAndRecvData(TCPOutPacket tcpOutPacket, Int32 serverId, Int32 PoolId) in F:\Clound\Dropbox\VL_Project\GameServer\KTGameServer\GameServer\Logic\Global\Global.cs:line 425
   at GameServer.Logic.Global.SendAndRecvData[T](Int32 cmdId, T data, Int32 serverId, Int32 PoolId) in F:\Clound\Dropbox\VL_Project\GameServer\KTGameServer\GameServer\Logic\Global\Global.cs:line 522
   at GameServer.Logic.Global.RequestToDBServer2(TCPClientPool tcpClientPool, TCPOutPacketPool pool, Int32 nID, String strcmd, TCPOutPacket& tcpOutPacket, Int32 serverId) in F:\Clound\Dropbox\VL_Project\GameServer\KTGameServer\GameServer\Logic\Global\Global.cs:line 642
   at GameServer.KiemThe.Logic.KT_TCPHandler.HandleTransferChatMsg() in F:\Clound\Dropbox\VL_Project\GameServer\KTGameServer\GameServer\VLTK\Network\KT_TCPHandler_Chat.cs:line 495
   at GameServer.Program.chatMsgWorker_DoWork(Object sender, EventArgs e) in F:\Clound\Dropbox\VL_Project\GameServer\KTGameServer\GameServer\Program.cs:line 1361
   at System.ComponentModel.BackgroundWorker.OnDoWork(DoWorkEventArgs e)
   at System.ComponentModel.BackgroundWorker.WorkerThreadStart(Object argument)
   at System.Runtime.Remoting.Messaging.StackBuilderSink._PrivateProcessMessage(IntPtr md, Object[] args, Object server, Object[]& outArgs)
   at System.Runtime.Remoting.Messaging.StackBuilderSink.AsyncProcessMessage(IMessage msg, IMessageSink replySink)
   at System.Threading.ExecutionContext.RunInternal(ExecutionContext executionContext, ContextCallback callback, Object state, Boolean preserveSyncCtx)
   at System.Threading.ExecutionContext.Run(ExecutionContext executionContext, ContextCallback callback, Object state, Boolean preserveSyncCtx)
   at System.Threading.QueueUserWorkItemCallback.System.Threading.IThreadPoolWorkItem.ExecuteWorkItem()
   at System.Threading.ThreadPoolWorkQueue.Dispatch()

2023-02-19 05:35:00: ##exception##
Exception while sending data to DBServer
System.Net.Sockets.SocketException (0x80004005): An existing connection was forcibly closed by the remote host
   at System.Net.Sockets.Socket.Send(Byte[] buffer, Int32 offset, Int32 size, SocketFlags socketFlags)
   at System.Net.Sockets.Socket.Send(Byte[] buffer, Int32 size, SocketFlags socketFlags)
   at Server.TCP.TMSKSocket.Send(Byte[] buffer, Int32 size, SocketFlags socketFlags) in F:\Clound\Dropbox\VL_Project\GameServer\KTGameServer\GameServer\TCPSOCKET\TMSKSocket.cs:line 3571
   at GameServer.Server.TCPClient.SendData(TCPOutPacket tcpOutPacket) in F:\Clound\Dropbox\VL_Project\GameServer\KTGameServer\GameServer\Server\TCPClient.cs:line 188
   at GameServer.Logic.Global.SendAndRecvData(TCPOutPacket tcpOutPacket, Int32 serverId, Int32 PoolId) in F:\Clound\Dropbox\VL_Project\GameServer\KTGameServer\GameServer\Logic\Global\Global.cs:line 425
   at GameServer.Logic.Global.SendAndRecvData[T](Int32 cmdId, T data, Int32 serverId, Int32 PoolId) in F:\Clound\Dropbox\VL_Project\GameServer\KTGameServer\GameServer\Logic\Global\Global.cs:line 522
   at GameServer.Logic.Global.RequestToDBServer2(TCPClientPool tcpClientPool, TCPOutPacketPool pool, Int32 nID, String strcmd, TCPOutPacket& tcpOutPacket, Int32 serverId) in F:\Clound\Dropbox\VL_Project\GameServer\KTGameServer\GameServer\Logic\Global\Global.cs:line 642
   at GameServer.KiemThe.Logic.KT_TCPHandler.HandleTransferChatMsg() in F:\Clound\Dropbox\VL_Project\GameServer\KTGameServer\GameServer\VLTK\Network\KT_TCPHandler_Chat.cs:line 495
   at GameServer.Program.chatMsgWorker_DoWork(Object sender, EventArgs e) in F:\Clound\Dropbox\VL_Project\GameServer\KTGameServer\GameServer\Program.cs:line 1361
   at System.ComponentModel.BackgroundWorker.OnDoWork(DoWorkEventArgs e)
   at System.ComponentModel.BackgroundWorker.WorkerThreadStart(Object argument)
   at System.Runtime.Remoting.Messaging.StackBuilderSink._PrivateProcessMessage(IntPtr md, Object[] args, Object server, Object[]& outArgs)
   at System.Runtime.Remoting.Messaging.StackBuilderSink.AsyncProcessMessage(IMessage msg, IMessageSink replySink)
   at System.Threading.ExecutionContext.RunInternal(ExecutionContext executionContext, ContextCallback callback, Object state, Boolean preserveSyncCtx)
   at System.Threading.ExecutionContext.Run(ExecutionContext executionContext, ContextCallback callback, Object state, Boolean preserveSyncCtx)
   at System.Threading.QueueUserWorkItemCallback.System.Threading.IThreadPoolWorkItem.ExecuteWorkItem()
   at System.Threading.ThreadPoolWorkQueue.Dispatch()

2023-02-19 05:35:04: ##exception##
Exception while sending data to DBServer
System.Net.Sockets.SocketException (0x80004005): An existing connection was forcibly closed by the remote host
   at System.Net.Sockets.Socket.Send(Byte[] buffer, Int32 offset, Int32 size, SocketFlags socketFlags)
   at System.Net.Sockets.Socket.Send(Byte[] buffer, Int32 size, SocketFlags socketFlags)
   at Server.TCP.TMSKSocket.Send(Byte[] buffer, Int32 size, SocketFlags socketFlags) in F:\Clound\Dropbox\VL_Project\GameServer\KTGameServer\GameServer\TCPSOCKET\TMSKSocket.cs:line 3571
   at GameServer.Server.TCPClient.SendData(TCPOutPacket tcpOutPacket) in F:\Clound\Dropbox\VL_Project\GameServer\KTGameServer\GameServer\Server\TCPClient.cs:line 188
   at GameServer.Logic.Global.SendAndRecvData(TCPOutPacket tcpOutPacket, Int32 serverId, Int32 PoolId) in F:\Clound\Dropbox\VL_Project\GameServer\KTGameServer\GameServer\Logic\Global\Global.cs:line 425
   at GameServer.Logic.Global.SendAndRecvData[T](Int32 cmdId, T data, Int32 serverId, Int32 PoolId) in F:\Clound\Dropbox\VL_Project\GameServer\KTGameServer\GameServer\Logic\Global\Global.cs:line 522
   at GameServer.Logic.Global.RequestToDBServer2(TCPClientPool tcpClientPool, TCPOutPacketPool pool, Int32 nID, String strcmd, TCPOutPacket& tcpOutPacket, Int32 serverId) in F:\Clound\Dropbox\VL_Project\GameServer\KTGameServer\GameServer\Logic\Global\Global.cs:line 642
   at GameServer.KiemThe.Logic.KT_TCPHandler.HandleTransferChatMsg() in F:\Clound\Dropbox\VL_Project\GameServer\KTGameServer\GameServer\VLTK\Network\KT_TCPHandler_Chat.cs:line 495
   at GameServer.Program.chatMsgWorker_DoWork(Object sender, EventArgs e) in F:\Clound\Dropbox\VL_Project\GameServer\KTGameServer\GameServer\Program.cs:line 1361
   at System.ComponentModel.BackgroundWorker.OnDoWork(DoWorkEventArgs e)
   at System.ComponentModel.BackgroundWorker.WorkerThreadStart(Object argument)
   at System.Runtime.Remoting.Messaging.StackBuilderSink._PrivateProcessMessage(IntPtr md, Object[] args, Object server, Object[]& outArgs)
   at System.Runtime.Remoting.Messaging.StackBuilderSink.AsyncProcessMessage(IMessage msg, IMessageSink replySink)
   at System.Threading.ExecutionContext.RunInternal(ExecutionContext executionContext, ContextCallback callback, Object state, Boolean preserveSyncCtx)
   at System.Threading.ExecutionContext.Run(ExecutionContext executionContext, ContextCallback callback, Object state, Boolean preserveSyncCtx)
   at System.Threading.QueueUserWorkItemCallback.System.Threading.IThreadPoolWorkItem.ExecuteWorkItem()
   at System.Threading.ThreadPoolWorkQueue.Dispatch()

2023-02-19 05:35:10: ##exception##
Exception while sending data to DBServer
System.Net.Sockets.SocketException (0x80004005): An existing connection was forcibly closed by the remote host
   at System.Net.Sockets.Socket.Send(Byte[] buffer, Int32 offset, Int32 size, SocketFlags socketFlags)
   at System.Net.Sockets.Socket.Send(Byte[] buffer, Int32 size, SocketFlags socketFlags)
   at Server.TCP.TMSKSocket.Send(Byte[] buffer, Int32 size, SocketFlags socketFlags) in F:\Clound\Dropbox\VL_Project\GameServer\KTGameServer\GameServer\TCPSOCKET\TMSKSocket.cs:line 3571
   at GameServer.Server.TCPClient.SendData(TCPOutPacket tcpOutPacket) in F:\Clound\Dropbox\VL_Project\GameServer\KTGameServer\GameServer\Server\TCPClient.cs:line 188
   at GameServer.Logic.Global.SendAndRecvData(TCPOutPacket tcpOutPacket, Int32 serverId, Int32 PoolId) in F:\Clound\Dropbox\VL_Project\GameServer\KTGameServer\GameServer\Logic\Global\Global.cs:line 425
   at GameServer.Logic.Global.SendAndRecvData[T](Int32 cmdId, T data, Int32 serverId, Int32 PoolId) in F:\Clound\Dropbox\VL_Project\GameServer\KTGameServer\GameServer\Logic\Global\Global.cs:line 522
   at GameServer.Logic.Global.RequestToDBServer2(TCPClientPool tcpClientPool, TCPOutPacketPool pool, Int32 nID, String strcmd, TCPOutPacket& tcpOutPacket, Int32 serverId) in F:\Clound\Dropbox\VL_Project\GameServer\KTGameServer\GameServer\Logic\Global\Global.cs:line 642
   at GameServer.KiemThe.Logic.KT_TCPHandler.HandleTransferChatMsg() in F:\Clound\Dropbox\VL_Project\GameServer\KTGameServer\GameServer\VLTK\Network\KT_TCPHandler_Chat.cs:line 495
   at GameServer.Program.chatMsgWorker_DoWork(Object sender, EventArgs e) in F:\Clound\Dropbox\VL_Project\GameServer\KTGameServer\GameServer\Program.cs:line 1361
   at System.ComponentModel.BackgroundWorker.OnDoWork(DoWorkEventArgs e)
   at System.ComponentModel.BackgroundWorker.WorkerThreadStart(Object argument)
   at System.Runtime.Remoting.Messaging.StackBuilderSink._PrivateProcessMessage(IntPtr md, Object[] args, Object server, Object[]& outArgs)
   at System.Runtime.Remoting.Messaging.StackBuilderSink.AsyncProcessMessage(IMessage msg, IMessageSink replySink)
   at System.Threading.ExecutionContext.RunInternal(ExecutionContext executionContext, ContextCallback callback, Object state, Boolean preserveSyncCtx)
   at System.Threading.ExecutionContext.Run(ExecutionContext executionContext, ContextCallback callback, Object state, Boolean preserveSyncCtx)
   at System.Threading.QueueUserWorkItemCallback.System.Threading.IThreadPoolWorkItem.ExecuteWorkItem()
   at System.Threading.ThreadPoolWorkQueue.Dispatch()

2023-02-19 05:35:14: ##exception##
Exception while sending data to DBServer
System.Net.Sockets.SocketException (0x80004005): An existing connection was forcibly closed by the remote host
   at System.Net.Sockets.Socket.Send(Byte[] buffer, Int32 offset, Int32 size, SocketFlags socketFlags)
   at System.Net.Sockets.Socket.Send(Byte[] buffer, Int32 size, SocketFlags socketFlags)
   at Server.TCP.TMSKSocket.Send(Byte[] buffer, Int32 size, SocketFlags socketFlags) in F:\Clound\Dropbox\VL_Project\GameServer\KTGameServer\GameServer\TCPSOCKET\TMSKSocket.cs:line 3571
   at GameServer.Server.TCPClient.SendData(TCPOutPacket tcpOutPacket) in F:\Clound\Dropbox\VL_Project\GameServer\KTGameServer\GameServer\Server\TCPClient.cs:line 188
   at GameServer.Logic.Global.SendAndRecvData(TCPOutPacket tcpOutPacket, Int32 serverId, Int32 PoolId) in F:\Clound\Dropbox\VL_Project\GameServer\KTGameServer\GameServer\Logic\Global\Global.cs:line 425
   at GameServer.Logic.Global.SendAndRecvData[T](Int32 cmdId, T data, Int32 serverId, Int32 PoolId) in F:\Clound\Dropbox\VL_Project\GameServer\KTGameServer\GameServer\Logic\Global\Global.cs:line 522
   at GameServer.Logic.Global.RequestToDBServer2(TCPClientPool tcpClientPool, TCPOutPacketPool pool, Int32 nID, String strcmd, TCPOutPacket& tcpOutPacket, Int32 serverId) in F:\Clound\Dropbox\VL_Project\GameServer\KTGameServer\GameServer\Logic\Global\Global.cs:line 642
   at GameServer.KiemThe.Logic.KT_TCPHandler.HandleTransferChatMsg() in F:\Clound\Dropbox\VL_Project\GameServer\KTGameServer\GameServer\VLTK\Network\KT_TCPHandler_Chat.cs:line 495
   at GameServer.Program.chatMsgWorker_DoWork(Object sender, EventArgs e) in F:\Clound\Dropbox\VL_Project\GameServer\KTGameServer\GameServer\Program.cs:line 1361
   at System.ComponentModel.BackgroundWorker.OnDoWork(DoWorkEventArgs e)
   at System.ComponentModel.BackgroundWorker.WorkerThreadStart(Object argument)
   at System.Runtime.Remoting.Messaging.StackBuilderSink._PrivateProcessMessage(IntPtr md, Object[] args, Object server, Object[]& outArgs)
   at System.Runtime.Remoting.Messaging.StackBuilderSink.AsyncProcessMessage(IMessage msg, IMessageSink replySink)
   at System.Threading.ExecutionContext.RunInternal(ExecutionContext executionContext, ContextCallback callback, Object state, Boolean preserveSyncCtx)
   at System.Threading.ExecutionContext.Run(ExecutionContext executionContext, ContextCallback callback, Object state, Boolean preserveSyncCtx)
   at System.Threading.QueueUserWorkItemCallback.System.Threading.IThreadPoolWorkItem.ExecuteWorkItem()
   at System.Threading.ThreadPoolWorkQueue.Dispatch()

2023-02-19 05:35:18: ##exception##
Exception while sending data to DBServer
System.Net.Sockets.SocketException (0x80004005): An existing connection was forcibly closed by the remote host
   at System.Net.Sockets.Socket.Send(Byte[] buffer, Int32 offset, Int32 size, SocketFlags socketFlags)
   at System.Net.Sockets.Socket.Send(Byte[] buffer, Int32 size, SocketFlags socketFlags)
   at Server.TCP.TMSKSocket.Send(Byte[] buffer, Int32 size, SocketFlags socketFlags) in F:\Clound\Dropbox\VL_Project\GameServer\KTGameServer\GameServer\TCPSOCKET\TMSKSocket.cs:line 3571
   at GameServer.Server.TCPClient.SendData(TCPOutPacket tcpOutPacket) in F:\Clound\Dropbox\VL_Project\GameServer\KTGameServer\GameServer\Server\TCPClient.cs:line 188
   at GameServer.Logic.Global.SendAndRecvData(TCPOutPacket tcpOutPacket, Int32 serverId, Int32 PoolId) in F:\Clound\Dropbox\VL_Project\GameServer\KTGameServer\GameServer\Logic\Global\Global.cs:line 425
   at GameServer.Logic.Global.SendAndRecvData[T](Int32 cmdId, T data, Int32 serverId, Int32 PoolId) in F:\Clound\Dropbox\VL_Project\GameServer\KTGameServer\GameServer\Logic\Global\Global.cs:line 522
   at GameServer.Logic.Global.RequestToDBServer2(TCPClientPool tcpClientPool, TCPOutPacketPool pool, Int32 nID, String strcmd, TCPOutPacket& tcpOutPacket, Int32 serverId) in F:\Clound\Dropbox\VL_Project\GameServer\KTGameServer\GameServer\Logic\Global\Global.cs:line 642
   at GameServer.KiemThe.Logic.KT_TCPHandler.HandleTransferChatMsg() in F:\Clound\Dropbox\VL_Project\GameServer\KTGameServer\GameServer\VLTK\Network\KT_TCPHandler_Chat.cs:line 495
   at GameServer.Program.chatMsgWorker_DoWork(Object sender, EventArgs e) in F:\Clound\Dropbox\VL_Project\GameServer\KTGameServer\GameServer\Program.cs:line 1361
   at System.ComponentModel.BackgroundWorker.OnDoWork(DoWorkEventArgs e)
   at System.ComponentModel.BackgroundWorker.WorkerThreadStart(Object argument)
   at System.Runtime.Remoting.Messaging.StackBuilderSink._PrivateProcessMessage(IntPtr md, Object[] args, Object server, Object[]& outArgs)
   at System.Runtime.Remoting.Messaging.StackBuilderSink.AsyncProcessMessage(IMessage msg, IMessageSink replySink)
   at System.Threading.ExecutionContext.RunInternal(ExecutionContext executionContext, ContextCallback callback, Object state, Boolean preserveSyncCtx)
   at System.Threading.ExecutionContext.Run(ExecutionContext executionContext, ContextCallback callback, Object state, Boolean preserveSyncCtx)
   at System.Threading.QueueUserWorkItemCallback.System.Threading.IThreadPoolWorkItem.ExecuteWorkItem()
   at System.Threading.ThreadPoolWorkQueue.Dispatch()

2023-02-19 05:35:25: ##exception##
Exception while sending data to DBServer
System.Net.Sockets.SocketException (0x80004005): An existing connection was forcibly closed by the remote host
   at System.Net.Sockets.Socket.Send(Byte[] buffer, Int32 offset, Int32 size, SocketFlags socketFlags)
   at System.Net.Sockets.Socket.Send(Byte[] buffer, Int32 size, SocketFlags socketFlags)
   at Server.TCP.TMSKSocket.Send(Byte[] buffer, Int32 size, SocketFlags socketFlags) in F:\Clound\Dropbox\VL_Project\GameServer\KTGameServer\GameServer\TCPSOCKET\TMSKSocket.cs:line 3571
   at GameServer.Server.TCPClient.SendData(TCPOutPacket tcpOutPacket) in F:\Clound\Dropbox\VL_Project\GameServer\KTGameServer\GameServer\Server\TCPClient.cs:line 188
   at GameServer.Logic.Global.SendAndRecvData(TCPOutPacket tcpOutPacket, Int32 serverId, Int32 PoolId) in F:\Clound\Dropbox\VL_Project\GameServer\KTGameServer\GameServer\Logic\Global\Global.cs:line 425
   at GameServer.Logic.Global.SendAndRecvData[T](Int32 cmdId, T data, Int32 serverId, Int32 PoolId) in F:\Clound\Dropbox\VL_Project\GameServer\KTGameServer\GameServer\Logic\Global\Global.cs:line 522
   at GameServer.Logic.Global.RequestToDBServer2(TCPClientPool tcpClientPool, TCPOutPacketPool pool, Int32 nID, String strcmd, TCPOutPacket& tcpOutPacket, Int32 serverId) in F:\Clound\Dropbox\VL_Project\GameServer\KTGameServer\GameServer\Logic\Global\Global.cs:line 642
   at GameServer.KiemThe.Logic.KT_TCPHandler.HandleTransferChatMsg() in F:\Clound\Dropbox\VL_Project\GameServer\KTGameServer\GameServer\VLTK\Network\KT_TCPHandler_Chat.cs:line 495
   at GameServer.Program.chatMsgWorker_DoWork(Object sender, EventArgs e) in F:\Clound\Dropbox\VL_Project\GameServer\KTGameServer\GameServer\Program.cs:line 1361
   at System.ComponentModel.BackgroundWorker.OnDoWork(DoWorkEventArgs e)
   at System.ComponentModel.BackgroundWorker.WorkerThreadStart(Object argument)
   at System.Runtime.Remoting.Messaging.StackBuilderSink._PrivateProcessMessage(IntPtr md, Object[] args, Object server, Object[]& outArgs)
   at System.Runtime.Remoting.Messaging.StackBuilderSink.AsyncProcessMessage(IMessage msg, IMessageSink replySink)
   at System.Threading.ExecutionContext.RunInternal(ExecutionContext executionContext, ContextCallback callback, Object state, Boolean preserveSyncCtx)
   at System.Threading.ExecutionContext.Run(ExecutionContext executionContext, ContextCallback callback, Object state, Boolean preserveSyncCtx)
   at System.Threading.QueueUserWorkItemCallback.System.Threading.IThreadPoolWorkItem.ExecuteWorkItem()
   at System.Threading.ThreadPoolWorkQueue.Dispatch()

2023-02-19 05:35:29: ##exception##
Exception while sending data to DBServer
System.Net.Sockets.SocketException (0x80004005): An existing connection was forcibly closed by the remote host
   at System.Net.Sockets.Socket.Send(Byte[] buffer, Int32 offset, Int32 size, SocketFlags socketFlags)
   at System.Net.Sockets.Socket.Send(Byte[] buffer, Int32 size, SocketFlags socketFlags)
   at Server.TCP.TMSKSocket.Send(Byte[] buffer, Int32 size, SocketFlags socketFlags) in F:\Clound\Dropbox\VL_Project\GameServer\KTGameServer\GameServer\TCPSOCKET\TMSKSocket.cs:line 3571
   at GameServer.Server.TCPClient.SendData(TCPOutPacket tcpOutPacket) in F:\Clound\Dropbox\VL_Project\GameServer\KTGameServer\GameServer\Server\TCPClient.cs:line 188
   at GameServer.Logic.Global.SendAndRecvData(TCPOutPacket tcpOutPacket, Int32 serverId, Int32 PoolId) in F:\Clound\Dropbox\VL_Project\GameServer\KTGameServer\GameServer\Logic\Global\Global.cs:line 425
   at GameServer.Logic.Global.SendAndRecvData[T](Int32 cmdId, T data, Int32 serverId, Int32 PoolId) in F:\Clound\Dropbox\VL_Project\GameServer\KTGameServer\GameServer\Logic\Global\Global.cs:line 522
   at GameServer.Logic.Global.RequestToDBServer2(TCPClientPool tcpClientPool, TCPOutPacketPool pool, Int32 nID, String strcmd, TCPOutPacket& tcpOutPacket, Int32 serverId) in F:\Clound\Dropbox\VL_Project\GameServer\KTGameServer\GameServer\Logic\Global\Global.cs:line 642
   at GameServer.KiemThe.Logic.KT_TCPHandler.HandleTransferChatMsg() in F:\Clound\Dropbox\VL_Project\GameServer\KTGameServer\GameServer\VLTK\Network\KT_TCPHandler_Chat.cs:line 495
   at GameServer.Program.chatMsgWorker_DoWork(Object sender, EventArgs e) in F:\Clound\Dropbox\VL_Project\GameServer\KTGameServer\GameServer\Program.cs:line 1361
   at System.ComponentModel.BackgroundWorker.OnDoWork(DoWorkEventArgs e)
   at System.ComponentModel.BackgroundWorker.WorkerThreadStart(Object argument)
   at System.Runtime.Remoting.Messaging.StackBuilderSink._PrivateProcessMessage(IntPtr md, Object[] args, Object server, Object[]& outArgs)
   at System.Runtime.Remoting.Messaging.StackBuilderSink.AsyncProcessMessage(IMessage msg, IMessageSink replySink)
   at System.Threading.ExecutionContext.RunInternal(ExecutionContext executionContext, ContextCallback callback, Object state, Boolean preserveSyncCtx)
   at System.Threading.ExecutionContext.Run(ExecutionContext executionContext, ContextCallback callback, Object state, Boolean preserveSyncCtx)
   at System.Threading.QueueUserWorkItemCallback.System.Threading.IThreadPoolWorkItem.ExecuteWorkItem()
   at System.Threading.ThreadPoolWorkQueue.Dispatch()

2023-02-19 05:35:35: ##exception##
Exception while sending data to DBServer
System.Net.Sockets.SocketException (0x80004005): An existing connection was forcibly closed by the remote host
   at System.Net.Sockets.Socket.Send(Byte[] buffer, Int32 offset, Int32 size, SocketFlags socketFlags)
   at System.Net.Sockets.Socket.Send(Byte[] buffer, Int32 size, SocketFlags socketFlags)
   at Server.TCP.TMSKSocket.Send(Byte[] buffer, Int32 size, SocketFlags socketFlags) in F:\Clound\Dropbox\VL_Project\GameServer\KTGameServer\GameServer\TCPSOCKET\TMSKSocket.cs:line 3571
   at GameServer.Server.TCPClient.SendData(TCPOutPacket tcpOutPacket) in F:\Clound\Dropbox\VL_Project\GameServer\KTGameServer\GameServer\Server\TCPClient.cs:line 188
   at GameServer.Logic.Global.SendAndRecvData(TCPOutPacket tcpOutPacket, Int32 serverId, Int32 PoolId) in F:\Clound\Dropbox\VL_Project\GameServer\KTGameServer\GameServer\Logic\Global\Global.cs:line 425
   at GameServer.Logic.Global.SendAndRecvData[T](Int32 cmdId, T data, Int32 serverId, Int32 PoolId) in F:\Clound\Dropbox\VL_Project\GameServer\KTGameServer\GameServer\Logic\Global\Global.cs:line 522
   at GameServer.Logic.Global.RequestToDBServer2(TCPClientPool tcpClientPool, TCPOutPacketPool pool, Int32 nID, String strcmd, TCPOutPacket& tcpOutPacket, Int32 serverId) in F:\Clound\Dropbox\VL_Project\GameServer\KTGameServer\GameServer\Logic\Global\Global.cs:line 642
   at GameServer.KiemThe.Logic.KT_TCPHandler.HandleTransferChatMsg() in F:\Clound\Dropbox\VL_Project\GameServer\KTGameServer\GameServer\VLTK\Network\KT_TCPHandler_Chat.cs:line 495
   at GameServer.Program.chatMsgWorker_DoWork(Object sender, EventArgs e) in F:\Clound\Dropbox\VL_Project\GameServer\KTGameServer\GameServer\Program.cs:line 1361
   at System.ComponentModel.BackgroundWorker.OnDoWork(DoWorkEventArgs e)
   at System.ComponentModel.BackgroundWorker.WorkerThreadStart(Object argument)
   at System.Runtime.Remoting.Messaging.StackBuilderSink._PrivateProcessMessage(IntPtr md, Object[] args, Object server, Object[]& outArgs)
   at System.Runtime.Remoting.Messaging.StackBuilderSink.AsyncProcessMessage(IMessage msg, IMessageSink replySink)
   at System.Threading.ExecutionContext.RunInternal(ExecutionContext executionContext, ContextCallback callback, Object state, Boolean preserveSyncCtx)
   at System.Threading.ExecutionContext.Run(ExecutionContext executionContext, ContextCallback callback, Object state, Boolean preserveSyncCtx)
   at System.Threading.QueueUserWorkItemCallback.System.Threading.IThreadPoolWorkItem.ExecuteWorkItem()
   at System.Threading.ThreadPoolWorkQueue.Dispatch()

2023-02-19 05:35:39: ##exception##
Exception while sending data to DBServer
System.Net.Sockets.SocketException (0x80004005): An existing connection was forcibly closed by the remote host
   at System.Net.Sockets.Socket.Send(Byte[] buffer, Int32 offset, Int32 size, SocketFlags socketFlags)
   at System.Net.Sockets.Socket.Send(Byte[] buffer, Int32 size, SocketFlags socketFlags)
   at Server.TCP.TMSKSocket.Send(Byte[] buffer, Int32 size, SocketFlags socketFlags) in F:\Clound\Dropbox\VL_Project\GameServer\KTGameServer\GameServer\TCPSOCKET\TMSKSocket.cs:line 3571
   at GameServer.Server.TCPClient.SendData(TCPOutPacket tcpOutPacket) in F:\Clound\Dropbox\VL_Project\GameServer\KTGameServer\GameServer\Server\TCPClient.cs:line 188
   at GameServer.Logic.Global.SendAndRecvData(TCPOutPacket tcpOutPacket, Int32 serverId, Int32 PoolId) in F:\Clound\Dropbox\VL_Project\GameServer\KTGameServer\GameServer\Logic\Global\Global.cs:line 425
   at GameServer.Logic.Global.SendAndRecvData[T](Int32 cmdId, T data, Int32 serverId, Int32 PoolId) in F:\Clound\Dropbox\VL_Project\GameServer\KTGameServer\GameServer\Logic\Global\Global.cs:line 522
   at GameServer.Logic.Global.RequestToDBServer2(TCPClientPool tcpClientPool, TCPOutPacketPool pool, Int32 nID, String strcmd, TCPOutPacket& tcpOutPacket, Int32 serverId) in F:\Clound\Dropbox\VL_Project\GameServer\KTGameServer\GameServer\Logic\Global\Global.cs:line 642
   at GameServer.KiemThe.Logic.KT_TCPHandler.HandleTransferChatMsg() in F:\Clound\Dropbox\VL_Project\GameServer\KTGameServer\GameServer\VLTK\Network\KT_TCPHandler_Chat.cs:line 495
   at GameServer.Program.chatMsgWorker_DoWork(Object sender, EventArgs e) in F:\Clound\Dropbox\VL_Project\GameServer\KTGameServer\GameServer\Program.cs:line 1361
   at System.ComponentModel.BackgroundWorker.OnDoWork(DoWorkEventArgs e)
   at System.ComponentModel.BackgroundWorker.WorkerThreadStart(Object argument)
   at System.Runtime.Remoting.Messaging.StackBuilderSink._PrivateProcessMessage(IntPtr md, Object[] args, Object server, Object[]& outArgs)
   at System.Runtime.Remoting.Messaging.StackBuilderSink.AsyncProcessMessage(IMessage msg, IMessageSink replySink)
   at System.Threading.ExecutionContext.RunInternal(ExecutionContext executionContext, ContextCallback callback, Object state, Boolean preserveSyncCtx)
   at System.Threading.ExecutionContext.Run(ExecutionContext executionContext, ContextCallback callback, Object state, Boolean preserveSyncCtx)
   at System.Threading.QueueUserWorkItemCallback.System.Threading.IThreadPoolWorkItem.ExecuteWorkItem()
   at System.Threading.ThreadPoolWorkQueue.Dispatch()

2023-02-19 05:37:18: ##exception##
System.Net.Sockets.SocketException (0x80004005): No connection could be made because the target machine actively refused it 127.0.0.1:4000

Server stack trace: 
   at System.Net.Sockets.Socket.DoConnect(EndPoint endPointSnapshot, SocketAddress socketAddress)
   at System.Net.Sockets.Socket.Connect(EndPoint remoteEP)
   at System.Runtime.Remoting.Channels.RemoteConnection.CreateNewSocket(EndPoint ipEndPoint)
   at System.Runtime.Remoting.Channels.SocketCache.GetSocket(String machinePortAndSid, Boolean openNew)
   at System.Runtime.Remoting.Channels.Tcp.TcpClientTransportSink.SendRequestWithRetry(IMessage msg, ITransportHeaders requestHeaders, Stream requestStream)
   at System.Runtime.Remoting.Channels.Tcp.TcpClientTransportSink.ProcessMessage(IMessage msg, ITransportHeaders requestHeaders, Stream requestStream, ITransportHeaders& responseHeaders, Stream& responseStream)
   at System.Runtime.Remoting.Channels.BinaryClientFormatterSink.SyncProcessMessage(IMessage msg)

Exception rethrown at [0]: 
   at System.Runtime.Remoting.Proxies.RealProxy.HandleReturnMessage(IMessage reqMsg, IMessage retMsg)
   at System.Runtime.Remoting.Proxies.RealProxy.PrivateInvoke(MessageData& msgData, Int32 type)
   at KF.Contract.Interface.IKuaFuCopyService.InitializeClient(IKuaFuClient callback, KuaFuClientContext clientInfo)
   at KF.Client.KFCopyRpcClient.GetKuaFuService(Boolean noWait) in F:\Clound\Dropbox\VL_Project\GameServer\KTGameServer\GameServer\VLTK\Core\CrossService\KuaFu\KFCopyRpcClient.cs:line 386   at KF.Client.KFCopyRpcClient.TimerProc(Object sender, EventArgs e) in F:\Clound\Dropbox\VL_Project\GameServer\KTGameServer\GameServer\VLTK\Core\CrossService\KuaFu\KFCopyRpcClient.cs:line 296
   at GameServer.Core.Executor.NormalScheduleTask.run() in F:\Clound\Dropbox\VL_Project\GameServer\KTGameServer\GameServer\Core\Executor\ScheduleExecutor2.cs:line 38
   at GameServer.Core.Executor.ScheduleExecutor2.OnTimedEvent(Object source) in F:\Clound\Dropbox\VL_Project\GameServer\KTGameServer\GameServer\Core\Executor\ScheduleExecutor2.cs:line 132
   at System.Threading.ExecutionContext.RunInternal(ExecutionContext executionContext, ContextCallback callback, Object state, Boolean preserveSyncCtx)
   at System.Threading.ExecutionContext.Run(ExecutionContext executionContext, ContextCallback callback, Object state, Boolean preserveSyncCtx)
   at System.Threading.TimerQueueTimer.CallCallback()
   at System.Threading.TimerQueueTimer.Fire()
   at System.Threading.TimerQueue.FireNextTimers()

2023-02-19 05:37:19: ##exception##
System.Net.Sockets.SocketException (0x80004005): No connection could be made because the target machine actively refused it 127.0.0.1:4000

Server stack trace: 
   at System.Net.Sockets.Socket.DoConnect(EndPoint endPointSnapshot, SocketAddress socketAddress)
   at System.Net.Sockets.Socket.Connect(EndPoint remoteEP)
   at System.Runtime.Remoting.Channels.RemoteConnection.CreateNewSocket(EndPoint ipEndPoint)
   at System.Runtime.Remoting.Channels.SocketCache.GetSocket(String machinePortAndSid, Boolean openNew)
   at System.Runtime.Remoting.Channels.Tcp.TcpClientTransportSink.SendRequestWithRetry(IMessage msg, ITransportHeaders requestHeaders, Stream requestStream)
   at System.Runtime.Remoting.Channels.Tcp.TcpClientTransportSink.ProcessMessage(IMessage msg, ITransportHeaders requestHeaders, Stream requestStream, ITransportHeaders& responseHeaders, Stream& responseStream)
   at System.Runtime.Remoting.Channels.BinaryClientFormatterSink.SyncProcessMessage(IMessage msg)

Exception rethrown at [0]: 
   at System.Runtime.Remoting.Proxies.RealProxy.HandleReturnMessage(IMessage reqMsg, IMessage retMsg)
   at System.Runtime.Remoting.Proxies.RealProxy.PrivateInvoke(MessageData& msgData, Int32 type)
   at KF.Contract.Interface.IYongZheZhanChangService.InitializeClient(IKuaFuClient callback, KuaFuClientContext clientInfo)
   at KF.Client.YongZheZhanChangClient.GetKuaFuService(Boolean noWait) in F:\Clound\Dropbox\VL_Project\GameServer\KTGameServer\GameServer\VLTK\Core\CrossService\YongZheZhanChang\YongZheZhanChangClient.cs:line 318   at KF.Client.YongZheZhanChangClient.TimerProc(Object sender, EventArgs e) in F:\Clound\Dropbox\VL_Project\GameServer\KTGameServer\GameServer\VLTK\Core\CrossService\YongZheZhanChang\YongZheZhanChangClient.cs:line 228
   at GameServer.Core.Executor.NormalScheduleTask.run() in F:\Clound\Dropbox\VL_Project\GameServer\KTGameServer\GameServer\Core\Executor\ScheduleExecutor2.cs:line 38
   at GameServer.Core.Executor.ScheduleExecutor2.OnTimedEvent(Object source) in F:\Clound\Dropbox\VL_Project\GameServer\KTGameServer\GameServer\Core\Executor\ScheduleExecutor2.cs:line 132
   at System.Threading.ExecutionContext.RunInternal(ExecutionContext executionContext, ContextCallback callback, Object state, Boolean preserveSyncCtx)
   at System.Threading.ExecutionContext.Run(ExecutionContext executionContext, ContextCallback callback, Object state, Boolean preserveSyncCtx)
   at System.Threading.TimerQueueTimer.CallCallback()
   at System.Threading.TimerQueueTimer.Fire()
   at System.Threading.TimerQueue.FireNextTimers()

2023-02-19 05:40:00: ##exception##
Exception while sending data to DBServer
System.Net.Sockets.SocketException (0x80004005): An existing connection was forcibly closed by the remote host
   at System.Net.Sockets.Socket.Send(Byte[] buffer, Int32 offset, Int32 size, SocketFlags socketFlags)
   at System.Net.Sockets.Socket.Send(Byte[] buffer, Int32 size, SocketFlags socketFlags)
   at Server.TCP.TMSKSocket.Send(Byte[] buffer, Int32 size, SocketFlags socketFlags) in F:\Clound\Dropbox\VL_Project\GameServer\KTGameServer\GameServer\TCPSOCKET\TMSKSocket.cs:line 3571
   at GameServer.Server.TCPClient.SendData(TCPOutPacket tcpOutPacket) in F:\Clound\Dropbox\VL_Project\GameServer\KTGameServer\GameServer\Server\TCPClient.cs:line 188
   at GameServer.Logic.Global.SendAndRecvData(TCPOutPacket tcpOutPacket, Int32 serverId, Int32 PoolId) in F:\Clound\Dropbox\VL_Project\GameServer\KTGameServer\GameServer\Logic\Global\Global.cs:line 425
   at GameServer.Logic.Global.SendAndRecvData[T](Int32 cmdId, T data, Int32 serverId, Int32 PoolId) in F:\Clound\Dropbox\VL_Project\GameServer\KTGameServer\GameServer\Logic\Global\Global.cs:line 522
   at GameServer.Logic.Global.RequestToDBServer2(TCPClientPool tcpClientPool, TCPOutPacketPool pool, Int32 nID, String strcmd, TCPOutPacket& tcpOutPacket, Int32 serverId) in F:\Clound\Dropbox\VL_Project\GameServer\KTGameServer\GameServer\Logic\Global\Global.cs:line 642
   at GameServer.KiemThe.Logic.KT_TCPHandler.HandleTransferChatMsg() in F:\Clound\Dropbox\VL_Project\GameServer\KTGameServer\GameServer\VLTK\Network\KT_TCPHandler_Chat.cs:line 495
   at GameServer.Program.chatMsgWorker_DoWork(Object sender, EventArgs e) in F:\Clound\Dropbox\VL_Project\GameServer\KTGameServer\GameServer\Program.cs:line 1361
   at System.ComponentModel.BackgroundWorker.OnDoWork(DoWorkEventArgs e)
   at System.ComponentModel.BackgroundWorker.WorkerThreadStart(Object argument)
   at System.Runtime.Remoting.Messaging.StackBuilderSink._PrivateProcessMessage(IntPtr md, Object[] args, Object server, Object[]& outArgs)
   at System.Runtime.Remoting.Messaging.StackBuilderSink.AsyncProcessMessage(IMessage msg, IMessageSink replySink)
   at System.Threading.ExecutionContext.RunInternal(ExecutionContext executionContext, ContextCallback callback, Object state, Boolean preserveSyncCtx)
   at System.Threading.ExecutionContext.Run(ExecutionContext executionContext, ContextCallback callback, Object state, Boolean preserveSyncCtx)
   at System.Threading.QueueUserWorkItemCallback.System.Threading.IThreadPoolWorkItem.ExecuteWorkItem()
   at System.Threading.ThreadPoolWorkQueue.Dispatch()

2023-02-19 05:40:05: ##exception##
Exception while sending data to DBServer
System.Net.Sockets.SocketException (0x80004005): An existing connection was forcibly closed by the remote host
   at System.Net.Sockets.Socket.Send(Byte[] buffer, Int32 offset, Int32 size, SocketFlags socketFlags)
   at System.Net.Sockets.Socket.Send(Byte[] buffer, Int32 size, SocketFlags socketFlags)
   at Server.TCP.TMSKSocket.Send(Byte[] buffer, Int32 size, SocketFlags socketFlags) in F:\Clound\Dropbox\VL_Project\GameServer\KTGameServer\GameServer\TCPSOCKET\TMSKSocket.cs:line 3571
   at GameServer.Server.TCPClient.SendData(TCPOutPacket tcpOutPacket) in F:\Clound\Dropbox\VL_Project\GameServer\KTGameServer\GameServer\Server\TCPClient.cs:line 188
   at GameServer.Logic.Global.SendAndRecvData(TCPOutPacket tcpOutPacket, Int32 serverId, Int32 PoolId) in F:\Clound\Dropbox\VL_Project\GameServer\KTGameServer\GameServer\Logic\Global\Global.cs:line 425
   at GameServer.Logic.Global.SendAndRecvData[T](Int32 cmdId, T data, Int32 serverId, Int32 PoolId) in F:\Clound\Dropbox\VL_Project\GameServer\KTGameServer\GameServer\Logic\Global\Global.cs:line 522
   at GameServer.Logic.Global.RequestToDBServer2(TCPClientPool tcpClientPool, TCPOutPacketPool pool, Int32 nID, String strcmd, TCPOutPacket& tcpOutPacket, Int32 serverId) in F:\Clound\Dropbox\VL_Project\GameServer\KTGameServer\GameServer\Logic\Global\Global.cs:line 642
   at GameServer.KiemThe.Logic.KT_TCPHandler.HandleTransferChatMsg() in F:\Clound\Dropbox\VL_Project\GameServer\KTGameServer\GameServer\VLTK\Network\KT_TCPHandler_Chat.cs:line 495
   at GameServer.Program.chatMsgWorker_DoWork(Object sender, EventArgs e) in F:\Clound\Dropbox\VL_Project\GameServer\KTGameServer\GameServer\Program.cs:line 1361
   at System.ComponentModel.BackgroundWorker.OnDoWork(DoWorkEventArgs e)
   at System.ComponentModel.BackgroundWorker.WorkerThreadStart(Object argument)
   at System.Runtime.Remoting.Messaging.StackBuilderSink._PrivateProcessMessage(IntPtr md, Object[] args, Object server, Object[]& outArgs)
   at System.Runtime.Remoting.Messaging.StackBuilderSink.AsyncProcessMessage(IMessage msg, IMessageSink replySink)
   at System.Threading.ExecutionContext.RunInternal(ExecutionContext executionContext, ContextCallback callback, Object state, Boolean preserveSyncCtx)
   at System.Threading.ExecutionContext.Run(ExecutionContext executionContext, ContextCallback callback, Object state, Boolean preserveSyncCtx)
   at System.Threading.QueueUserWorkItemCallback.System.Threading.IThreadPoolWorkItem.ExecuteWorkItem()
   at System.Threading.ThreadPoolWorkQueue.Dispatch()

2023-02-19 05:40:11: ##exception##
Exception while sending data to DBServer
System.Net.Sockets.SocketException (0x80004005): An existing connection was forcibly closed by the remote host
   at System.Net.Sockets.Socket.Send(Byte[] buffer, Int32 offset, Int32 size, SocketFlags socketFlags)
   at System.Net.Sockets.Socket.Send(Byte[] buffer, Int32 size, SocketFlags socketFlags)
   at Server.TCP.TMSKSocket.Send(Byte[] buffer, Int32 size, SocketFlags socketFlags) in F:\Clound\Dropbox\VL_Project\GameServer\KTGameServer\GameServer\TCPSOCKET\TMSKSocket.cs:line 3571
   at GameServer.Server.TCPClient.SendData(TCPOutPacket tcpOutPacket) in F:\Clound\Dropbox\VL_Project\GameServer\KTGameServer\GameServer\Server\TCPClient.cs:line 188
   at GameServer.Logic.Global.SendAndRecvData(TCPOutPacket tcpOutPacket, Int32 serverId, Int32 PoolId) in F:\Clound\Dropbox\VL_Project\GameServer\KTGameServer\GameServer\Logic\Global\Global.cs:line 425
   at GameServer.Logic.Global.SendAndRecvData[T](Int32 cmdId, T data, Int32 serverId, Int32 PoolId) in F:\Clound\Dropbox\VL_Project\GameServer\KTGameServer\GameServer\Logic\Global\Global.cs:line 522
   at GameServer.Logic.Global.RequestToDBServer2(TCPClientPool tcpClientPool, TCPOutPacketPool pool, Int32 nID, String strcmd, TCPOutPacket& tcpOutPacket, Int32 serverId) in F:\Clound\Dropbox\VL_Project\GameServer\KTGameServer\GameServer\Logic\Global\Global.cs:line 642
   at GameServer.KiemThe.Logic.KT_TCPHandler.HandleTransferChatMsg() in F:\Clound\Dropbox\VL_Project\GameServer\KTGameServer\GameServer\VLTK\Network\KT_TCPHandler_Chat.cs:line 495
   at GameServer.Program.chatMsgWorker_DoWork(Object sender, EventArgs e) in F:\Clound\Dropbox\VL_Project\GameServer\KTGameServer\GameServer\Program.cs:line 1361
   at System.ComponentModel.BackgroundWorker.OnDoWork(DoWorkEventArgs e)
   at System.ComponentModel.BackgroundWorker.WorkerThreadStart(Object argument)
   at System.Runtime.Remoting.Messaging.StackBuilderSink._PrivateProcessMessage(IntPtr md, Object[] args, Object server, Object[]& outArgs)
   at System.Runtime.Remoting.Messaging.StackBuilderSink.AsyncProcessMessage(IMessage msg, IMessageSink replySink)
   at System.Threading.ExecutionContext.RunInternal(ExecutionContext executionContext, ContextCallback callback, Object state, Boolean preserveSyncCtx)
   at System.Threading.ExecutionContext.Run(ExecutionContext executionContext, ContextCallback callback, Object state, Boolean preserveSyncCtx)
   at System.Threading.QueueUserWorkItemCallback.System.Threading.IThreadPoolWorkItem.ExecuteWorkItem()
   at System.Threading.ThreadPoolWorkQueue.Dispatch()

2023-02-19 05:40:15: ##exception##
Exception while sending data to DBServer
System.Net.Sockets.SocketException (0x80004005): An existing connection was forcibly closed by the remote host
   at System.Net.Sockets.Socket.Send(Byte[] buffer, Int32 offset, Int32 size, SocketFlags socketFlags)
   at System.Net.Sockets.Socket.Send(Byte[] buffer, Int32 size, SocketFlags socketFlags)
   at Server.TCP.TMSKSocket.Send(Byte[] buffer, Int32 size, SocketFlags socketFlags) in F:\Clound\Dropbox\VL_Project\GameServer\KTGameServer\GameServer\TCPSOCKET\TMSKSocket.cs:line 3571
   at GameServer.Server.TCPClient.SendData(TCPOutPacket tcpOutPacket) in F:\Clound\Dropbox\VL_Project\GameServer\KTGameServer\GameServer\Server\TCPClient.cs:line 188
   at GameServer.Logic.Global.SendAndRecvData(TCPOutPacket tcpOutPacket, Int32 serverId, Int32 PoolId) in F:\Clound\Dropbox\VL_Project\GameServer\KTGameServer\GameServer\Logic\Global\Global.cs:line 425
   at GameServer.Logic.Global.SendAndRecvData[T](Int32 cmdId, T data, Int32 serverId, Int32 PoolId) in F:\Clound\Dropbox\VL_Project\GameServer\KTGameServer\GameServer\Logic\Global\Global.cs:line 522
   at GameServer.Logic.Global.RequestToDBServer2(TCPClientPool tcpClientPool, TCPOutPacketPool pool, Int32 nID, String strcmd, TCPOutPacket& tcpOutPacket, Int32 serverId) in F:\Clound\Dropbox\VL_Project\GameServer\KTGameServer\GameServer\Logic\Global\Global.cs:line 642
   at GameServer.KiemThe.Logic.KT_TCPHandler.HandleTransferChatMsg() in F:\Clound\Dropbox\VL_Project\GameServer\KTGameServer\GameServer\VLTK\Network\KT_TCPHandler_Chat.cs:line 495
   at GameServer.Program.chatMsgWorker_DoWork(Object sender, EventArgs e) in F:\Clound\Dropbox\VL_Project\GameServer\KTGameServer\GameServer\Program.cs:line 1361
   at System.ComponentModel.BackgroundWorker.OnDoWork(DoWorkEventArgs e)
   at System.ComponentModel.BackgroundWorker.WorkerThreadStart(Object argument)
   at System.Runtime.Remoting.Messaging.StackBuilderSink._PrivateProcessMessage(IntPtr md, Object[] args, Object server, Object[]& outArgs)
   at System.Runtime.Remoting.Messaging.StackBuilderSink.AsyncProcessMessage(IMessage msg, IMessageSink replySink)
   at System.Threading.ExecutionContext.RunInternal(ExecutionContext executionContext, ContextCallback callback, Object state, Boolean preserveSyncCtx)
   at System.Threading.ExecutionContext.Run(ExecutionContext executionContext, ContextCallback callback, Object state, Boolean preserveSyncCtx)
   at System.Threading.QueueUserWorkItemCallback.System.Threading.IThreadPoolWorkItem.ExecuteWorkItem()
   at System.Threading.ThreadPoolWorkQueue.Dispatch()

2023-02-19 05:40:20: ##exception##
Exception while sending data to DBServer
System.Net.Sockets.SocketException (0x80004005): An existing connection was forcibly closed by the remote host
   at System.Net.Sockets.Socket.Send(Byte[] buffer, Int32 offset, Int32 size, SocketFlags socketFlags)
   at System.Net.Sockets.Socket.Send(Byte[] buffer, Int32 size, SocketFlags socketFlags)
   at Server.TCP.TMSKSocket.Send(Byte[] buffer, Int32 size, SocketFlags socketFlags) in F:\Clound\Dropbox\VL_Project\GameServer\KTGameServer\GameServer\TCPSOCKET\TMSKSocket.cs:line 3571
   at GameServer.Server.TCPClient.SendData(TCPOutPacket tcpOutPacket) in F:\Clound\Dropbox\VL_Project\GameServer\KTGameServer\GameServer\Server\TCPClient.cs:line 188
   at GameServer.Logic.Global.SendAndRecvData(TCPOutPacket tcpOutPacket, Int32 serverId, Int32 PoolId) in F:\Clound\Dropbox\VL_Project\GameServer\KTGameServer\GameServer\Logic\Global\Global.cs:line 425
   at GameServer.Logic.Global.SendAndRecvData[T](Int32 cmdId, T data, Int32 serverId, Int32 PoolId) in F:\Clound\Dropbox\VL_Project\GameServer\KTGameServer\GameServer\Logic\Global\Global.cs:line 522
   at GameServer.Logic.Global.RequestToDBServer2(TCPClientPool tcpClientPool, TCPOutPacketPool pool, Int32 nID, String strcmd, TCPOutPacket& tcpOutPacket, Int32 serverId) in F:\Clound\Dropbox\VL_Project\GameServer\KTGameServer\GameServer\Logic\Global\Global.cs:line 642
   at GameServer.KiemThe.Logic.KT_TCPHandler.HandleTransferChatMsg() in F:\Clound\Dropbox\VL_Project\GameServer\KTGameServer\GameServer\VLTK\Network\KT_TCPHandler_Chat.cs:line 495
   at GameServer.Program.chatMsgWorker_DoWork(Object sender, EventArgs e) in F:\Clound\Dropbox\VL_Project\GameServer\KTGameServer\GameServer\Program.cs:line 1361
   at System.ComponentModel.BackgroundWorker.OnDoWork(DoWorkEventArgs e)
   at System.ComponentModel.BackgroundWorker.WorkerThreadStart(Object argument)
   at System.Runtime.Remoting.Messaging.StackBuilderSink._PrivateProcessMessage(IntPtr md, Object[] args, Object server, Object[]& outArgs)
   at System.Runtime.Remoting.Messaging.StackBuilderSink.AsyncProcessMessage(IMessage msg, IMessageSink replySink)
   at System.Threading.ExecutionContext.RunInternal(ExecutionContext executionContext, ContextCallback callback, Object state, Boolean preserveSyncCtx)
   at System.Threading.ExecutionContext.Run(ExecutionContext executionContext, ContextCallback callback, Object state, Boolean preserveSyncCtx)
   at System.Threading.QueueUserWorkItemCallback.System.Threading.IThreadPoolWorkItem.ExecuteWorkItem()
   at System.Threading.ThreadPoolWorkQueue.Dispatch()

2023-02-19 05:40:25: ##exception##
Exception while sending data to DBServer
System.Net.Sockets.SocketException (0x80004005): An existing connection was forcibly closed by the remote host
   at System.Net.Sockets.Socket.Send(Byte[] buffer, Int32 offset, Int32 size, SocketFlags socketFlags)
   at System.Net.Sockets.Socket.Send(Byte[] buffer, Int32 size, SocketFlags socketFlags)
   at Server.TCP.TMSKSocket.Send(Byte[] buffer, Int32 size, SocketFlags socketFlags) in F:\Clound\Dropbox\VL_Project\GameServer\KTGameServer\GameServer\TCPSOCKET\TMSKSocket.cs:line 3571
   at GameServer.Server.TCPClient.SendData(TCPOutPacket tcpOutPacket) in F:\Clound\Dropbox\VL_Project\GameServer\KTGameServer\GameServer\Server\TCPClient.cs:line 188
   at GameServer.Logic.Global.SendAndRecvData(TCPOutPacket tcpOutPacket, Int32 serverId, Int32 PoolId) in F:\Clound\Dropbox\VL_Project\GameServer\KTGameServer\GameServer\Logic\Global\Global.cs:line 425
   at GameServer.Logic.Global.SendAndRecvData[T](Int32 cmdId, T data, Int32 serverId, Int32 PoolId) in F:\Clound\Dropbox\VL_Project\GameServer\KTGameServer\GameServer\Logic\Global\Global.cs:line 522
   at GameServer.Logic.Global.RequestToDBServer2(TCPClientPool tcpClientPool, TCPOutPacketPool pool, Int32 nID, String strcmd, TCPOutPacket& tcpOutPacket, Int32 serverId) in F:\Clound\Dropbox\VL_Project\GameServer\KTGameServer\GameServer\Logic\Global\Global.cs:line 642
   at GameServer.KiemThe.Logic.KT_TCPHandler.HandleTransferChatMsg() in F:\Clound\Dropbox\VL_Project\GameServer\KTGameServer\GameServer\VLTK\Network\KT_TCPHandler_Chat.cs:line 495
   at GameServer.Program.chatMsgWorker_DoWork(Object sender, EventArgs e) in F:\Clound\Dropbox\VL_Project\GameServer\KTGameServer\GameServer\Program.cs:line 1361
   at System.ComponentModel.BackgroundWorker.OnDoWork(DoWorkEventArgs e)
   at System.ComponentModel.BackgroundWorker.WorkerThreadStart(Object argument)
   at System.Runtime.Remoting.Messaging.StackBuilderSink._PrivateProcessMessage(IntPtr md, Object[] args, Object server, Object[]& outArgs)
   at System.Runtime.Remoting.Messaging.StackBuilderSink.AsyncProcessMessage(IMessage msg, IMessageSink replySink)
   at System.Threading.ExecutionContext.RunInternal(ExecutionContext executionContext, ContextCallback callback, Object state, Boolean preserveSyncCtx)
   at System.Threading.ExecutionContext.Run(ExecutionContext executionContext, ContextCallback callback, Object state, Boolean preserveSyncCtx)
   at System.Threading.QueueUserWorkItemCallback.System.Threading.IThreadPoolWorkItem.ExecuteWorkItem()
   at System.Threading.ThreadPoolWorkQueue.Dispatch()

2023-02-19 05:41:24: ##exception##
System.Net.Sockets.SocketException (0x80004005): No connection could be made because the target machine actively refused it 127.0.0.1:4000

Server stack trace: 
   at System.Net.Sockets.Socket.DoConnect(EndPoint endPointSnapshot, SocketAddress socketAddress)
   at System.Net.Sockets.Socket.Connect(EndPoint remoteEP)
   at System.Runtime.Remoting.Channels.RemoteConnection.CreateNewSocket(EndPoint ipEndPoint)
   at System.Runtime.Remoting.Channels.SocketCache.GetSocket(String machinePortAndSid, Boolean openNew)
   at System.Runtime.Remoting.Channels.Tcp.TcpClientTransportSink.SendRequestWithRetry(IMessage msg, ITransportHeaders requestHeaders, Stream requestStream)
   at System.Runtime.Remoting.Channels.Tcp.TcpClientTransportSink.ProcessMessage(IMessage msg, ITransportHeaders requestHeaders, Stream requestStream, ITransportHeaders& responseHeaders, Stream& responseStream)
   at System.Runtime.Remoting.Channels.BinaryClientFormatterSink.SyncProcessMessage(IMessage msg)

Exception rethrown at [0]: 
   at System.Runtime.Remoting.Proxies.RealProxy.HandleReturnMessage(IMessage reqMsg, IMessage retMsg)
   at System.Runtime.Remoting.Proxies.RealProxy.PrivateInvoke(MessageData& msgData, Int32 type)
   at KF.Contract.Interface.IKuaFuCopyService.InitializeClient(IKuaFuClient callback, KuaFuClientContext clientInfo)
   at KF.Client.KFCopyRpcClient.GetKuaFuService(Boolean noWait) in F:\Clound\Dropbox\VL_Project\GameServer\KTGameServer\GameServer\VLTK\Core\CrossService\KuaFu\KFCopyRpcClient.cs:line 386   at KF.Client.KFCopyRpcClient.TimerProc(Object sender, EventArgs e) in F:\Clound\Dropbox\VL_Project\GameServer\KTGameServer\GameServer\VLTK\Core\CrossService\KuaFu\KFCopyRpcClient.cs:line 296
   at GameServer.Core.Executor.NormalScheduleTask.run() in F:\Clound\Dropbox\VL_Project\GameServer\KTGameServer\GameServer\Core\Executor\ScheduleExecutor2.cs:line 38
   at GameServer.Core.Executor.ScheduleExecutor2.OnTimedEvent(Object source) in F:\Clound\Dropbox\VL_Project\GameServer\KTGameServer\GameServer\Core\Executor\ScheduleExecutor2.cs:line 132
   at System.Threading.ExecutionContext.RunInternal(ExecutionContext executionContext, ContextCallback callback, Object state, Boolean preserveSyncCtx)
   at System.Threading.ExecutionContext.Run(ExecutionContext executionContext, ContextCallback callback, Object state, Boolean preserveSyncCtx)
   at System.Threading.TimerQueueTimer.CallCallback()
   at System.Threading.TimerQueueTimer.Fire()
   at System.Threading.TimerQueue.FireNextTimers()

2023-02-19 05:41:25: ##exception##
System.Net.Sockets.SocketException (0x80004005): No connection could be made because the target machine actively refused it 127.0.0.1:4000

Server stack trace: 
   at System.Net.Sockets.Socket.DoConnect(EndPoint endPointSnapshot, SocketAddress socketAddress)
   at System.Net.Sockets.Socket.Connect(EndPoint remoteEP)
   at System.Runtime.Remoting.Channels.RemoteConnection.CreateNewSocket(EndPoint ipEndPoint)
   at System.Runtime.Remoting.Channels.SocketCache.GetSocket(String machinePortAndSid, Boolean openNew)
   at System.Runtime.Remoting.Channels.Tcp.TcpClientTransportSink.SendRequestWithRetry(IMessage msg, ITransportHeaders requestHeaders, Stream requestStream)
   at System.Runtime.Remoting.Channels.Tcp.TcpClientTransportSink.ProcessMessage(IMessage msg, ITransportHeaders requestHeaders, Stream requestStream, ITransportHeaders& responseHeaders, Stream& responseStream)
   at System.Runtime.Remoting.Channels.BinaryClientFormatterSink.SyncProcessMessage(IMessage msg)

Exception rethrown at [0]: 
   at System.Runtime.Remoting.Proxies.RealProxy.HandleReturnMessage(IMessage reqMsg, IMessage retMsg)
   at System.Runtime.Remoting.Proxies.RealProxy.PrivateInvoke(MessageData& msgData, Int32 type)
   at KF.Contract.Interface.IYongZheZhanChangService.InitializeClient(IKuaFuClient callback, KuaFuClientContext clientInfo)
   at KF.Client.YongZheZhanChangClient.GetKuaFuService(Boolean noWait) in F:\Clound\Dropbox\VL_Project\GameServer\KTGameServer\GameServer\VLTK\Core\CrossService\YongZheZhanChang\YongZheZhanChangClient.cs:line 318   at KF.Client.YongZheZhanChangClient.TimerProc(Object sender, EventArgs e) in F:\Clound\Dropbox\VL_Project\GameServer\KTGameServer\GameServer\VLTK\Core\CrossService\YongZheZhanChang\YongZheZhanChangClient.cs:line 228
   at GameServer.Core.Executor.NormalScheduleTask.run() in F:\Clound\Dropbox\VL_Project\GameServer\KTGameServer\GameServer\Core\Executor\ScheduleExecutor2.cs:line 38
   at GameServer.Core.Executor.ScheduleExecutor2.OnTimedEvent(Object source) in F:\Clound\Dropbox\VL_Project\GameServer\KTGameServer\GameServer\Core\Executor\ScheduleExecutor2.cs:line 132
   at System.Threading.ExecutionContext.RunInternal(ExecutionContext executionContext, ContextCallback callback, Object state, Boolean preserveSyncCtx)
   at System.Threading.ExecutionContext.Run(ExecutionContext executionContext, ContextCallback callback, Object state, Boolean preserveSyncCtx)
   at System.Threading.TimerQueueTimer.CallCallback()
   at System.Threading.TimerQueueTimer.Fire()
   at System.Threading.TimerQueue.FireNextTimers()

2023-02-19 05:42:35: ##exception##
Exception while sending data to DBServer
System.Net.Sockets.SocketException (0x80004005): An existing connection was forcibly closed by the remote host
   at System.Net.Sockets.Socket.Send(Byte[] buffer, Int32 offset, Int32 size, SocketFlags socketFlags)
   at System.Net.Sockets.Socket.Send(Byte[] buffer, Int32 size, SocketFlags socketFlags)
   at Server.TCP.TMSKSocket.Send(Byte[] buffer, Int32 size, SocketFlags socketFlags) in F:\Clound\Dropbox\VL_Project\GameServer\KTGameServer\GameServer\TCPSOCKET\TMSKSocket.cs:line 3571
   at GameServer.Server.TCPClient.SendData(TCPOutPacket tcpOutPacket) in F:\Clound\Dropbox\VL_Project\GameServer\KTGameServer\GameServer\Server\TCPClient.cs:line 188
   at GameServer.Logic.Global.SendAndRecvData(TCPOutPacket tcpOutPacket, Int32 serverId, Int32 PoolId) in F:\Clound\Dropbox\VL_Project\GameServer\KTGameServer\GameServer\Logic\Global\Global.cs:line 425
   at GameServer.Logic.Global.SendAndRecvData[T](Int32 cmdId, T data, Int32 serverId, Int32 PoolId) in F:\Clound\Dropbox\VL_Project\GameServer\KTGameServer\GameServer\Logic\Global\Global.cs:line 522
   at GameServer.Logic.Global.RequestToDBServer2(TCPClientPool tcpClientPool, TCPOutPacketPool pool, Int32 nID, String strcmd, TCPOutPacket& tcpOutPacket, Int32 serverId) in F:\Clound\Dropbox\VL_Project\GameServer\KTGameServer\GameServer\Logic\Global\Global.cs:line 642
   at GameServer.KiemThe.Logic.KT_TCPHandler.HandleTransferChatMsg() in F:\Clound\Dropbox\VL_Project\GameServer\KTGameServer\GameServer\VLTK\Network\KT_TCPHandler_Chat.cs:line 495
   at GameServer.Program.chatMsgWorker_DoWork(Object sender, EventArgs e) in F:\Clound\Dropbox\VL_Project\GameServer\KTGameServer\GameServer\Program.cs:line 1361
   at System.ComponentModel.BackgroundWorker.OnDoWork(DoWorkEventArgs e)
   at System.ComponentModel.BackgroundWorker.WorkerThreadStart(Object argument)
   at System.Runtime.Remoting.Messaging.StackBuilderSink._PrivateProcessMessage(IntPtr md, Object[] args, Object server, Object[]& outArgs)
   at System.Runtime.Remoting.Messaging.StackBuilderSink.AsyncProcessMessage(IMessage msg, IMessageSink replySink)
   at System.Threading.ExecutionContext.RunInternal(ExecutionContext executionContext, ContextCallback callback, Object state, Boolean preserveSyncCtx)
   at System.Threading.ExecutionContext.Run(ExecutionContext executionContext, ContextCallback callback, Object state, Boolean preserveSyncCtx)
   at System.Threading.QueueUserWorkItemCallback.System.Threading.IThreadPoolWorkItem.ExecuteWorkItem()
   at System.Threading.ThreadPoolWorkQueue.Dispatch()

2023-02-19 05:42:41: ##exception##
Exception while sending data to DBServer
System.Net.Sockets.SocketException (0x80004005): An existing connection was forcibly closed by the remote host
   at System.Net.Sockets.Socket.Send(Byte[] buffer, Int32 offset, Int32 size, SocketFlags socketFlags)
   at System.Net.Sockets.Socket.Send(Byte[] buffer, Int32 size, SocketFlags socketFlags)
   at Server.TCP.TMSKSocket.Send(Byte[] buffer, Int32 size, SocketFlags socketFlags) in F:\Clound\Dropbox\VL_Project\GameServer\KTGameServer\GameServer\TCPSOCKET\TMSKSocket.cs:line 3571
   at GameServer.Server.TCPClient.SendData(TCPOutPacket tcpOutPacket) in F:\Clound\Dropbox\VL_Project\GameServer\KTGameServer\GameServer\Server\TCPClient.cs:line 188
   at GameServer.Logic.Global.SendAndRecvData(TCPOutPacket tcpOutPacket, Int32 serverId, Int32 PoolId) in F:\Clound\Dropbox\VL_Project\GameServer\KTGameServer\GameServer\Logic\Global\Global.cs:line 425
   at GameServer.Logic.Global.SendAndRecvData[T](Int32 cmdId, T data, Int32 serverId, Int32 PoolId) in F:\Clound\Dropbox\VL_Project\GameServer\KTGameServer\GameServer\Logic\Global\Global.cs:line 522
   at GameServer.Logic.Global.RequestToDBServer2(TCPClientPool tcpClientPool, TCPOutPacketPool pool, Int32 nID, String strcmd, TCPOutPacket& tcpOutPacket, Int32 serverId) in F:\Clound\Dropbox\VL_Project\GameServer\KTGameServer\GameServer\Logic\Global\Global.cs:line 642
   at GameServer.KiemThe.Logic.KT_TCPHandler.HandleTransferChatMsg() in F:\Clound\Dropbox\VL_Project\GameServer\KTGameServer\GameServer\VLTK\Network\KT_TCPHandler_Chat.cs:line 495
   at GameServer.Program.chatMsgWorker_DoWork(Object sender, EventArgs e) in F:\Clound\Dropbox\VL_Project\GameServer\KTGameServer\GameServer\Program.cs:line 1361
   at System.ComponentModel.BackgroundWorker.OnDoWork(DoWorkEventArgs e)
   at System.ComponentModel.BackgroundWorker.WorkerThreadStart(Object argument)
   at System.Runtime.Remoting.Messaging.StackBuilderSink._PrivateProcessMessage(IntPtr md, Object[] args, Object server, Object[]& outArgs)
   at System.Runtime.Remoting.Messaging.StackBuilderSink.AsyncProcessMessage(IMessage msg, IMessageSink replySink)
   at System.Threading.ExecutionContext.RunInternal(ExecutionContext executionContext, ContextCallback callback, Object state, Boolean preserveSyncCtx)
   at System.Threading.ExecutionContext.Run(ExecutionContext executionContext, ContextCallback callback, Object state, Boolean preserveSyncCtx)
   at System.Threading.QueueUserWorkItemCallback.System.Threading.IThreadPoolWorkItem.ExecuteWorkItem()
   at System.Threading.ThreadPoolWorkQueue.Dispatch()

2023-02-19 05:42:45: ##exception##
Exception while sending data to DBServer
System.Net.Sockets.SocketException (0x80004005): An existing connection was forcibly closed by the remote host
   at System.Net.Sockets.Socket.Send(Byte[] buffer, Int32 offset, Int32 size, SocketFlags socketFlags)
   at System.Net.Sockets.Socket.Send(Byte[] buffer, Int32 size, SocketFlags socketFlags)
   at Server.TCP.TMSKSocket.Send(Byte[] buffer, Int32 size, SocketFlags socketFlags) in F:\Clound\Dropbox\VL_Project\GameServer\KTGameServer\GameServer\TCPSOCKET\TMSKSocket.cs:line 3571
   at GameServer.Server.TCPClient.SendData(TCPOutPacket tcpOutPacket) in F:\Clound\Dropbox\VL_Project\GameServer\KTGameServer\GameServer\Server\TCPClient.cs:line 188
   at GameServer.Logic.Global.SendAndRecvData(TCPOutPacket tcpOutPacket, Int32 serverId, Int32 PoolId) in F:\Clound\Dropbox\VL_Project\GameServer\KTGameServer\GameServer\Logic\Global\Global.cs:line 425
   at GameServer.Logic.Global.SendAndRecvData[T](Int32 cmdId, T data, Int32 serverId, Int32 PoolId) in F:\Clound\Dropbox\VL_Project\GameServer\KTGameServer\GameServer\Logic\Global\Global.cs:line 522
   at GameServer.Logic.Global.RequestToDBServer2(TCPClientPool tcpClientPool, TCPOutPacketPool pool, Int32 nID, String strcmd, TCPOutPacket& tcpOutPacket, Int32 serverId) in F:\Clound\Dropbox\VL_Project\GameServer\KTGameServer\GameServer\Logic\Global\Global.cs:line 642
   at GameServer.KiemThe.Logic.KT_TCPHandler.HandleTransferChatMsg() in F:\Clound\Dropbox\VL_Project\GameServer\KTGameServer\GameServer\VLTK\Network\KT_TCPHandler_Chat.cs:line 495
   at GameServer.Program.chatMsgWorker_DoWork(Object sender, EventArgs e) in F:\Clound\Dropbox\VL_Project\GameServer\KTGameServer\GameServer\Program.cs:line 1361
   at System.ComponentModel.BackgroundWorker.OnDoWork(DoWorkEventArgs e)
   at System.ComponentModel.BackgroundWorker.WorkerThreadStart(Object argument)
   at System.Runtime.Remoting.Messaging.StackBuilderSink._PrivateProcessMessage(IntPtr md, Object[] args, Object server, Object[]& outArgs)
   at System.Runtime.Remoting.Messaging.StackBuilderSink.AsyncProcessMessage(IMessage msg, IMessageSink replySink)
   at System.Threading.ExecutionContext.RunInternal(ExecutionContext executionContext, ContextCallback callback, Object state, Boolean preserveSyncCtx)
   at System.Threading.ExecutionContext.Run(ExecutionContext executionContext, ContextCallback callback, Object state, Boolean preserveSyncCtx)
   at System.Threading.QueueUserWorkItemCallback.System.Threading.IThreadPoolWorkItem.ExecuteWorkItem()
   at System.Threading.ThreadPoolWorkQueue.Dispatch()

2023-02-19 05:42:51: ##exception##
Exception while sending data to DBServer
System.Net.Sockets.SocketException (0x80004005): An existing connection was forcibly closed by the remote host
   at System.Net.Sockets.Socket.Send(Byte[] buffer, Int32 offset, Int32 size, SocketFlags socketFlags)
   at System.Net.Sockets.Socket.Send(Byte[] buffer, Int32 size, SocketFlags socketFlags)
   at Server.TCP.TMSKSocket.Send(Byte[] buffer, Int32 size, SocketFlags socketFlags) in F:\Clound\Dropbox\VL_Project\GameServer\KTGameServer\GameServer\TCPSOCKET\TMSKSocket.cs:line 3571
   at GameServer.Server.TCPClient.SendData(TCPOutPacket tcpOutPacket) in F:\Clound\Dropbox\VL_Project\GameServer\KTGameServer\GameServer\Server\TCPClient.cs:line 188
   at GameServer.Logic.Global.SendAndRecvData(TCPOutPacket tcpOutPacket, Int32 serverId, Int32 PoolId) in F:\Clound\Dropbox\VL_Project\GameServer\KTGameServer\GameServer\Logic\Global\Global.cs:line 425
   at GameServer.Logic.Global.SendAndRecvData[T](Int32 cmdId, T data, Int32 serverId, Int32 PoolId) in F:\Clound\Dropbox\VL_Project\GameServer\KTGameServer\GameServer\Logic\Global\Global.cs:line 522
   at GameServer.Logic.Global.RequestToDBServer2(TCPClientPool tcpClientPool, TCPOutPacketPool pool, Int32 nID, String strcmd, TCPOutPacket& tcpOutPacket, Int32 serverId) in F:\Clound\Dropbox\VL_Project\GameServer\KTGameServer\GameServer\Logic\Global\Global.cs:line 642
   at GameServer.KiemThe.Logic.KT_TCPHandler.HandleTransferChatMsg() in F:\Clound\Dropbox\VL_Project\GameServer\KTGameServer\GameServer\VLTK\Network\KT_TCPHandler_Chat.cs:line 495
   at GameServer.Program.chatMsgWorker_DoWork(Object sender, EventArgs e) in F:\Clound\Dropbox\VL_Project\GameServer\KTGameServer\GameServer\Program.cs:line 1361
   at System.ComponentModel.BackgroundWorker.OnDoWork(DoWorkEventArgs e)
   at System.ComponentModel.BackgroundWorker.WorkerThreadStart(Object argument)
   at System.Runtime.Remoting.Messaging.StackBuilderSink._PrivateProcessMessage(IntPtr md, Object[] args, Object server, Object[]& outArgs)
   at System.Runtime.Remoting.Messaging.StackBuilderSink.AsyncProcessMessage(IMessage msg, IMessageSink replySink)
   at System.Threading.ExecutionContext.RunInternal(ExecutionContext executionContext, ContextCallback callback, Object state, Boolean preserveSyncCtx)
   at System.Threading.ExecutionContext.Run(ExecutionContext executionContext, ContextCallback callback, Object state, Boolean preserveSyncCtx)
   at System.Threading.QueueUserWorkItemCallback.System.Threading.IThreadPoolWorkItem.ExecuteWorkItem()
   at System.Threading.ThreadPoolWorkQueue.Dispatch()

2023-02-19 05:42:55: ##exception##
Exception while sending data to DBServer
System.Net.Sockets.SocketException (0x80004005): An existing connection was forcibly closed by the remote host
   at System.Net.Sockets.Socket.Send(Byte[] buffer, Int32 offset, Int32 size, SocketFlags socketFlags)
   at System.Net.Sockets.Socket.Send(Byte[] buffer, Int32 size, SocketFlags socketFlags)
   at Server.TCP.TMSKSocket.Send(Byte[] buffer, Int32 size, SocketFlags socketFlags) in F:\Clound\Dropbox\VL_Project\GameServer\KTGameServer\GameServer\TCPSOCKET\TMSKSocket.cs:line 3571
   at GameServer.Server.TCPClient.SendData(TCPOutPacket tcpOutPacket) in F:\Clound\Dropbox\VL_Project\GameServer\KTGameServer\GameServer\Server\TCPClient.cs:line 188
   at GameServer.Logic.Global.SendAndRecvData(TCPOutPacket tcpOutPacket, Int32 serverId, Int32 PoolId) in F:\Clound\Dropbox\VL_Project\GameServer\KTGameServer\GameServer\Logic\Global\Global.cs:line 425
   at GameServer.Logic.Global.SendAndRecvData[T](Int32 cmdId, T data, Int32 serverId, Int32 PoolId) in F:\Clound\Dropbox\VL_Project\GameServer\KTGameServer\GameServer\Logic\Global\Global.cs:line 522
   at GameServer.Logic.Global.RequestToDBServer2(TCPClientPool tcpClientPool, TCPOutPacketPool pool, Int32 nID, String strcmd, TCPOutPacket& tcpOutPacket, Int32 serverId) in F:\Clound\Dropbox\VL_Project\GameServer\KTGameServer\GameServer\Logic\Global\Global.cs:line 642
   at GameServer.KiemThe.Logic.KT_TCPHandler.HandleTransferChatMsg() in F:\Clound\Dropbox\VL_Project\GameServer\KTGameServer\GameServer\VLTK\Network\KT_TCPHandler_Chat.cs:line 495
   at GameServer.Program.chatMsgWorker_DoWork(Object sender, EventArgs e) in F:\Clound\Dropbox\VL_Project\GameServer\KTGameServer\GameServer\Program.cs:line 1361
   at System.ComponentModel.BackgroundWorker.OnDoWork(DoWorkEventArgs e)
   at System.ComponentModel.BackgroundWorker.WorkerThreadStart(Object argument)
   at System.Runtime.Remoting.Messaging.StackBuilderSink._PrivateProcessMessage(IntPtr md, Object[] args, Object server, Object[]& outArgs)
   at System.Runtime.Remoting.Messaging.StackBuilderSink.AsyncProcessMessage(IMessage msg, IMessageSink replySink)
   at System.Threading.ExecutionContext.RunInternal(ExecutionContext executionContext, ContextCallback callback, Object state, Boolean preserveSyncCtx)
   at System.Threading.ExecutionContext.Run(ExecutionContext executionContext, ContextCallback callback, Object state, Boolean preserveSyncCtx)
   at System.Threading.QueueUserWorkItemCallback.System.Threading.IThreadPoolWorkItem.ExecuteWorkItem()
   at System.Threading.ThreadPoolWorkQueue.Dispatch()

2023-02-19 05:43:02: ##exception##
Exception while sending data to DBServer
System.Net.Sockets.SocketException (0x80004005): An existing connection was forcibly closed by the remote host
   at System.Net.Sockets.Socket.Send(Byte[] buffer, Int32 offset, Int32 size, SocketFlags socketFlags)
   at System.Net.Sockets.Socket.Send(Byte[] buffer, Int32 size, SocketFlags socketFlags)
   at Server.TCP.TMSKSocket.Send(Byte[] buffer, Int32 size, SocketFlags socketFlags) in F:\Clound\Dropbox\VL_Project\GameServer\KTGameServer\GameServer\TCPSOCKET\TMSKSocket.cs:line 3571
   at GameServer.Server.TCPClient.SendData(TCPOutPacket tcpOutPacket) in F:\Clound\Dropbox\VL_Project\GameServer\KTGameServer\GameServer\Server\TCPClient.cs:line 188
   at GameServer.Logic.Global.SendAndRecvData(TCPOutPacket tcpOutPacket, Int32 serverId, Int32 PoolId) in F:\Clound\Dropbox\VL_Project\GameServer\KTGameServer\GameServer\Logic\Global\Global.cs:line 425
   at GameServer.Logic.Global.SendAndRecvData[T](Int32 cmdId, T data, Int32 serverId, Int32 PoolId) in F:\Clound\Dropbox\VL_Project\GameServer\KTGameServer\GameServer\Logic\Global\Global.cs:line 522
   at GameServer.Logic.Global.RequestToDBServer2(TCPClientPool tcpClientPool, TCPOutPacketPool pool, Int32 nID, String strcmd, TCPOutPacket& tcpOutPacket, Int32 serverId) in F:\Clound\Dropbox\VL_Project\GameServer\KTGameServer\GameServer\Logic\Global\Global.cs:line 642
   at GameServer.KiemThe.Logic.KT_TCPHandler.HandleTransferChatMsg() in F:\Clound\Dropbox\VL_Project\GameServer\KTGameServer\GameServer\VLTK\Network\KT_TCPHandler_Chat.cs:line 495
   at GameServer.Program.chatMsgWorker_DoWork(Object sender, EventArgs e) in F:\Clound\Dropbox\VL_Project\GameServer\KTGameServer\GameServer\Program.cs:line 1361
   at System.ComponentModel.BackgroundWorker.OnDoWork(DoWorkEventArgs e)
   at System.ComponentModel.BackgroundWorker.WorkerThreadStart(Object argument)
   at System.Runtime.Remoting.Messaging.StackBuilderSink._PrivateProcessMessage(IntPtr md, Object[] args, Object server, Object[]& outArgs)
   at System.Runtime.Remoting.Messaging.StackBuilderSink.AsyncProcessMessage(IMessage msg, IMessageSink replySink)
   at System.Threading.ExecutionContext.RunInternal(ExecutionContext executionContext, ContextCallback callback, Object state, Boolean preserveSyncCtx)
   at System.Threading.ExecutionContext.Run(ExecutionContext executionContext, ContextCallback callback, Object state, Boolean preserveSyncCtx)
   at System.Threading.QueueUserWorkItemCallback.System.Threading.IThreadPoolWorkItem.ExecuteWorkItem()
   at System.Threading.ThreadPoolWorkQueue.Dispatch()

2023-02-19 05:43:06: ##exception##
Exception while sending data to DBServer
System.Net.Sockets.SocketException (0x80004005): An existing connection was forcibly closed by the remote host
   at System.Net.Sockets.Socket.Send(Byte[] buffer, Int32 offset, Int32 size, SocketFlags socketFlags)
   at System.Net.Sockets.Socket.Send(Byte[] buffer, Int32 size, SocketFlags socketFlags)
   at Server.TCP.TMSKSocket.Send(Byte[] buffer, Int32 size, SocketFlags socketFlags) in F:\Clound\Dropbox\VL_Project\GameServer\KTGameServer\GameServer\TCPSOCKET\TMSKSocket.cs:line 3571
   at GameServer.Server.TCPClient.SendData(TCPOutPacket tcpOutPacket) in F:\Clound\Dropbox\VL_Project\GameServer\KTGameServer\GameServer\Server\TCPClient.cs:line 188
   at GameServer.Logic.Global.SendAndRecvData(TCPOutPacket tcpOutPacket, Int32 serverId, Int32 PoolId) in F:\Clound\Dropbox\VL_Project\GameServer\KTGameServer\GameServer\Logic\Global\Global.cs:line 425
   at GameServer.Logic.Global.SendAndRecvData[T](Int32 cmdId, T data, Int32 serverId, Int32 PoolId) in F:\Clound\Dropbox\VL_Project\GameServer\KTGameServer\GameServer\Logic\Global\Global.cs:line 522
   at GameServer.Logic.Global.RequestToDBServer2(TCPClientPool tcpClientPool, TCPOutPacketPool pool, Int32 nID, String strcmd, TCPOutPacket& tcpOutPacket, Int32 serverId) in F:\Clound\Dropbox\VL_Project\GameServer\KTGameServer\GameServer\Logic\Global\Global.cs:line 642
   at GameServer.KiemThe.Logic.KT_TCPHandler.HandleTransferChatMsg() in F:\Clound\Dropbox\VL_Project\GameServer\KTGameServer\GameServer\VLTK\Network\KT_TCPHandler_Chat.cs:line 495
   at GameServer.Program.chatMsgWorker_DoWork(Object sender, EventArgs e) in F:\Clound\Dropbox\VL_Project\GameServer\KTGameServer\GameServer\Program.cs:line 1361
   at System.ComponentModel.BackgroundWorker.OnDoWork(DoWorkEventArgs e)
   at System.ComponentModel.BackgroundWorker.WorkerThreadStart(Object argument)
   at System.Runtime.Remoting.Messaging.StackBuilderSink._PrivateProcessMessage(IntPtr md, Object[] args, Object server, Object[]& outArgs)
   at System.Runtime.Remoting.Messaging.StackBuilderSink.AsyncProcessMessage(IMessage msg, IMessageSink replySink)
   at System.Threading.ExecutionContext.RunInternal(ExecutionContext executionContext, ContextCallback callback, Object state, Boolean preserveSyncCtx)
   at System.Threading.ExecutionContext.Run(ExecutionContext executionContext, ContextCallback callback, Object state, Boolean preserveSyncCtx)
   at System.Threading.QueueUserWorkItemCallback.System.Threading.IThreadPoolWorkItem.ExecuteWorkItem()
   at System.Threading.ThreadPoolWorkQueue.Dispatch()

2023-02-19 05:43:10: ##exception##
Exception while sending data to DBServer
System.Net.Sockets.SocketException (0x80004005): An existing connection was forcibly closed by the remote host
   at System.Net.Sockets.Socket.Send(Byte[] buffer, Int32 offset, Int32 size, SocketFlags socketFlags)
   at System.Net.Sockets.Socket.Send(Byte[] buffer, Int32 size, SocketFlags socketFlags)
   at Server.TCP.TMSKSocket.Send(Byte[] buffer, Int32 size, SocketFlags socketFlags) in F:\Clound\Dropbox\VL_Project\GameServer\KTGameServer\GameServer\TCPSOCKET\TMSKSocket.cs:line 3571
   at GameServer.Server.TCPClient.SendData(TCPOutPacket tcpOutPacket) in F:\Clound\Dropbox\VL_Project\GameServer\KTGameServer\GameServer\Server\TCPClient.cs:line 188
   at GameServer.Logic.Global.SendAndRecvData(TCPOutPacket tcpOutPacket, Int32 serverId, Int32 PoolId) in F:\Clound\Dropbox\VL_Project\GameServer\KTGameServer\GameServer\Logic\Global\Global.cs:line 425
   at GameServer.Logic.Global.SendAndRecvData[T](Int32 cmdId, T data, Int32 serverId, Int32 PoolId) in F:\Clound\Dropbox\VL_Project\GameServer\KTGameServer\GameServer\Logic\Global\Global.cs:line 522
   at GameServer.Logic.Global.RequestToDBServer2(TCPClientPool tcpClientPool, TCPOutPacketPool pool, Int32 nID, String strcmd, TCPOutPacket& tcpOutPacket, Int32 serverId) in F:\Clound\Dropbox\VL_Project\GameServer\KTGameServer\GameServer\Logic\Global\Global.cs:line 642
   at GameServer.KiemThe.Logic.KT_TCPHandler.HandleTransferChatMsg() in F:\Clound\Dropbox\VL_Project\GameServer\KTGameServer\GameServer\VLTK\Network\KT_TCPHandler_Chat.cs:line 495
   at GameServer.Program.chatMsgWorker_DoWork(Object sender, EventArgs e) in F:\Clound\Dropbox\VL_Project\GameServer\KTGameServer\GameServer\Program.cs:line 1361
   at System.ComponentModel.BackgroundWorker.OnDoWork(DoWorkEventArgs e)
   at System.ComponentModel.BackgroundWorker.WorkerThreadStart(Object argument)
   at System.Runtime.Remoting.Messaging.StackBuilderSink._PrivateProcessMessage(IntPtr md, Object[] args, Object server, Object[]& outArgs)
   at System.Runtime.Remoting.Messaging.StackBuilderSink.AsyncProcessMessage(IMessage msg, IMessageSink replySink)
   at System.Threading.ExecutionContext.RunInternal(ExecutionContext executionContext, ContextCallback callback, Object state, Boolean preserveSyncCtx)
   at System.Threading.ExecutionContext.Run(ExecutionContext executionContext, ContextCallback callback, Object state, Boolean preserveSyncCtx)
   at System.Threading.QueueUserWorkItemCallback.System.Threading.IThreadPoolWorkItem.ExecuteWorkItem()
   at System.Threading.ThreadPoolWorkQueue.Dispatch()

2023-02-19 05:43:16: ##exception##
Exception while sending data to DBServer
System.Net.Sockets.SocketException (0x80004005): An existing connection was forcibly closed by the remote host
   at System.Net.Sockets.Socket.Send(Byte[] buffer, Int32 offset, Int32 size, SocketFlags socketFlags)
   at System.Net.Sockets.Socket.Send(Byte[] buffer, Int32 size, SocketFlags socketFlags)
   at Server.TCP.TMSKSocket.Send(Byte[] buffer, Int32 size, SocketFlags socketFlags) in F:\Clound\Dropbox\VL_Project\GameServer\KTGameServer\GameServer\TCPSOCKET\TMSKSocket.cs:line 3571
   at GameServer.Server.TCPClient.SendData(TCPOutPacket tcpOutPacket) in F:\Clound\Dropbox\VL_Project\GameServer\KTGameServer\GameServer\Server\TCPClient.cs:line 188
   at GameServer.Logic.Global.SendAndRecvData(TCPOutPacket tcpOutPacket, Int32 serverId, Int32 PoolId) in F:\Clound\Dropbox\VL_Project\GameServer\KTGameServer\GameServer\Logic\Global\Global.cs:line 425
   at GameServer.Logic.Global.SendAndRecvData[T](Int32 cmdId, T data, Int32 serverId, Int32 PoolId) in F:\Clound\Dropbox\VL_Project\GameServer\KTGameServer\GameServer\Logic\Global\Global.cs:line 522
   at GameServer.Logic.Global.RequestToDBServer2(TCPClientPool tcpClientPool, TCPOutPacketPool pool, Int32 nID, String strcmd, TCPOutPacket& tcpOutPacket, Int32 serverId) in F:\Clound\Dropbox\VL_Project\GameServer\KTGameServer\GameServer\Logic\Global\Global.cs:line 642
   at GameServer.KiemThe.Logic.KT_TCPHandler.HandleTransferChatMsg() in F:\Clound\Dropbox\VL_Project\GameServer\KTGameServer\GameServer\VLTK\Network\KT_TCPHandler_Chat.cs:line 495
   at GameServer.Program.chatMsgWorker_DoWork(Object sender, EventArgs e) in F:\Clound\Dropbox\VL_Project\GameServer\KTGameServer\GameServer\Program.cs:line 1361
   at System.ComponentModel.BackgroundWorker.OnDoWork(DoWorkEventArgs e)
   at System.ComponentModel.BackgroundWorker.WorkerThreadStart(Object argument)
   at System.Runtime.Remoting.Messaging.StackBuilderSink._PrivateProcessMessage(IntPtr md, Object[] args, Object server, Object[]& outArgs)
   at System.Runtime.Remoting.Messaging.StackBuilderSink.AsyncProcessMessage(IMessage msg, IMessageSink replySink)
   at System.Threading.ExecutionContext.RunInternal(ExecutionContext executionContext, ContextCallback callback, Object state, Boolean preserveSyncCtx)
   at System.Threading.ExecutionContext.Run(ExecutionContext executionContext, ContextCallback callback, Object state, Boolean preserveSyncCtx)
   at System.Threading.QueueUserWorkItemCallback.System.Threading.IThreadPoolWorkItem.ExecuteWorkItem()
   at System.Threading.ThreadPoolWorkQueue.Dispatch()

2023-02-19 05:43:20: ##exception##
Exception while sending data to DBServer
System.Net.Sockets.SocketException (0x80004005): An existing connection was forcibly closed by the remote host
   at System.Net.Sockets.Socket.Send(Byte[] buffer, Int32 offset, Int32 size, SocketFlags socketFlags)
   at System.Net.Sockets.Socket.Send(Byte[] buffer, Int32 size, SocketFlags socketFlags)
   at Server.TCP.TMSKSocket.Send(Byte[] buffer, Int32 size, SocketFlags socketFlags) in F:\Clound\Dropbox\VL_Project\GameServer\KTGameServer\GameServer\TCPSOCKET\TMSKSocket.cs:line 3571
   at GameServer.Server.TCPClient.SendData(TCPOutPacket tcpOutPacket) in F:\Clound\Dropbox\VL_Project\GameServer\KTGameServer\GameServer\Server\TCPClient.cs:line 188
   at GameServer.Logic.Global.SendAndRecvData(TCPOutPacket tcpOutPacket, Int32 serverId, Int32 PoolId) in F:\Clound\Dropbox\VL_Project\GameServer\KTGameServer\GameServer\Logic\Global\Global.cs:line 425
   at GameServer.Logic.Global.SendAndRecvData[T](Int32 cmdId, T data, Int32 serverId, Int32 PoolId) in F:\Clound\Dropbox\VL_Project\GameServer\KTGameServer\GameServer\Logic\Global\Global.cs:line 522
   at GameServer.Logic.Global.RequestToDBServer2(TCPClientPool tcpClientPool, TCPOutPacketPool pool, Int32 nID, String strcmd, TCPOutPacket& tcpOutPacket, Int32 serverId) in F:\Clound\Dropbox\VL_Project\GameServer\KTGameServer\GameServer\Logic\Global\Global.cs:line 642
   at GameServer.KiemThe.Logic.KT_TCPHandler.HandleTransferChatMsg() in F:\Clound\Dropbox\VL_Project\GameServer\KTGameServer\GameServer\VLTK\Network\KT_TCPHandler_Chat.cs:line 495
   at GameServer.Program.chatMsgWorker_DoWork(Object sender, EventArgs e) in F:\Clound\Dropbox\VL_Project\GameServer\KTGameServer\GameServer\Program.cs:line 1361
   at System.ComponentModel.BackgroundWorker.OnDoWork(DoWorkEventArgs e)
   at System.ComponentModel.BackgroundWorker.WorkerThreadStart(Object argument)
   at System.Runtime.Remoting.Messaging.StackBuilderSink._PrivateProcessMessage(IntPtr md, Object[] args, Object server, Object[]& outArgs)
   at System.Runtime.Remoting.Messaging.StackBuilderSink.AsyncProcessMessage(IMessage msg, IMessageSink replySink)
   at System.Threading.ExecutionContext.RunInternal(ExecutionContext executionContext, ContextCallback callback, Object state, Boolean preserveSyncCtx)
   at System.Threading.ExecutionContext.Run(ExecutionContext executionContext, ContextCallback callback, Object state, Boolean preserveSyncCtx)
   at System.Threading.QueueUserWorkItemCallback.System.Threading.IThreadPoolWorkItem.ExecuteWorkItem()
   at System.Threading.ThreadPoolWorkQueue.Dispatch()

2023-02-19 05:44:11: ##exception##
System.Net.Sockets.SocketException (0x80004005): No connection could be made because the target machine actively refused it 127.0.0.1:4000

Server stack trace: 
   at System.Net.Sockets.Socket.DoConnect(EndPoint endPointSnapshot, SocketAddress socketAddress)
   at System.Net.Sockets.Socket.Connect(EndPoint remoteEP)
   at System.Runtime.Remoting.Channels.RemoteConnection.CreateNewSocket(EndPoint ipEndPoint)
   at System.Runtime.Remoting.Channels.SocketCache.GetSocket(String machinePortAndSid, Boolean openNew)
   at System.Runtime.Remoting.Channels.Tcp.TcpClientTransportSink.SendRequestWithRetry(IMessage msg, ITransportHeaders requestHeaders, Stream requestStream)
   at System.Runtime.Remoting.Channels.Tcp.TcpClientTransportSink.ProcessMessage(IMessage msg, ITransportHeaders requestHeaders, Stream requestStream, ITransportHeaders& responseHeaders, Stream& responseStream)
   at System.Runtime.Remoting.Channels.BinaryClientFormatterSink.SyncProcessMessage(IMessage msg)

Exception rethrown at [0]: 
   at System.Runtime.Remoting.Proxies.RealProxy.HandleReturnMessage(IMessage reqMsg, IMessage retMsg)
   at System.Runtime.Remoting.Proxies.RealProxy.PrivateInvoke(MessageData& msgData, Int32 type)
   at KF.Contract.Interface.IKuaFuCopyService.InitializeClient(IKuaFuClient callback, KuaFuClientContext clientInfo)
   at KF.Client.KFCopyRpcClient.GetKuaFuService(Boolean noWait) in F:\Clound\Dropbox\VL_Project\GameServer\KTGameServer\GameServer\VLTK\Core\CrossService\KuaFu\KFCopyRpcClient.cs:line 386   at KF.Client.KFCopyRpcClient.TimerProc(Object sender, EventArgs e) in F:\Clound\Dropbox\VL_Project\GameServer\KTGameServer\GameServer\VLTK\Core\CrossService\KuaFu\KFCopyRpcClient.cs:line 296
   at GameServer.Core.Executor.NormalScheduleTask.run() in F:\Clound\Dropbox\VL_Project\GameServer\KTGameServer\GameServer\Core\Executor\ScheduleExecutor2.cs:line 38
   at GameServer.Core.Executor.ScheduleExecutor2.OnTimedEvent(Object source) in F:\Clound\Dropbox\VL_Project\GameServer\KTGameServer\GameServer\Core\Executor\ScheduleExecutor2.cs:line 132
   at System.Threading.ExecutionContext.RunInternal(ExecutionContext executionContext, ContextCallback callback, Object state, Boolean preserveSyncCtx)
   at System.Threading.ExecutionContext.Run(ExecutionContext executionContext, ContextCallback callback, Object state, Boolean preserveSyncCtx)
   at System.Threading.TimerQueueTimer.CallCallback()
   at System.Threading.TimerQueueTimer.Fire()
   at System.Threading.QueueUserWorkItemCallback.System.Threading.IThreadPoolWorkItem.ExecuteWorkItem()
   at System.Threading.ThreadPoolWorkQueue.Dispatch()

2023-02-19 05:44:11: ##exception##
System.Net.Sockets.SocketException (0x80004005): No connection could be made because the target machine actively refused it 127.0.0.1:4000

Server stack trace: 
   at System.Net.Sockets.Socket.DoConnect(EndPoint endPointSnapshot, SocketAddress socketAddress)
   at System.Net.Sockets.Socket.Connect(EndPoint remoteEP)
   at System.Runtime.Remoting.Channels.RemoteConnection.CreateNewSocket(EndPoint ipEndPoint)
   at System.Runtime.Remoting.Channels.SocketCache.GetSocket(String machinePortAndSid, Boolean openNew)
   at System.Runtime.Remoting.Channels.Tcp.TcpClientTransportSink.SendRequestWithRetry(IMessage msg, ITransportHeaders requestHeaders, Stream requestStream)
   at System.Runtime.Remoting.Channels.Tcp.TcpClientTransportSink.ProcessMessage(IMessage msg, ITransportHeaders requestHeaders, Stream requestStream, ITransportHeaders& responseHeaders, Stream& responseStream)
   at System.Runtime.Remoting.Channels.BinaryClientFormatterSink.SyncProcessMessage(IMessage msg)

Exception rethrown at [0]: 
   at System.Runtime.Remoting.Proxies.RealProxy.HandleReturnMessage(IMessage reqMsg, IMessage retMsg)
   at System.Runtime.Remoting.Proxies.RealProxy.PrivateInvoke(MessageData& msgData, Int32 type)
   at KF.Contract.Interface.IYongZheZhanChangService.InitializeClient(IKuaFuClient callback, KuaFuClientContext clientInfo)
   at KF.Client.YongZheZhanChangClient.GetKuaFuService(Boolean noWait) in F:\Clound\Dropbox\VL_Project\GameServer\KTGameServer\GameServer\VLTK\Core\CrossService\YongZheZhanChang\YongZheZhanChangClient.cs:line 318   at KF.Client.YongZheZhanChangClient.TimerProc(Object sender, EventArgs e) in F:\Clound\Dropbox\VL_Project\GameServer\KTGameServer\GameServer\VLTK\Core\CrossService\YongZheZhanChang\YongZheZhanChangClient.cs:line 228
   at GameServer.Core.Executor.NormalScheduleTask.run() in F:\Clound\Dropbox\VL_Project\GameServer\KTGameServer\GameServer\Core\Executor\ScheduleExecutor2.cs:line 38
   at GameServer.Core.Executor.ScheduleExecutor2.OnTimedEvent(Object source) in F:\Clound\Dropbox\VL_Project\GameServer\KTGameServer\GameServer\Core\Executor\ScheduleExecutor2.cs:line 132
   at System.Threading.ExecutionContext.RunInternal(ExecutionContext executionContext, ContextCallback callback, Object state, Boolean preserveSyncCtx)
   at System.Threading.ExecutionContext.Run(ExecutionContext executionContext, ContextCallback callback, Object state, Boolean preserveSyncCtx)
   at System.Threading.TimerQueueTimer.CallCallback()
   at System.Threading.TimerQueueTimer.Fire()
   at System.Threading.TimerQueue.FireNextTimers()

2023-02-19 05:44:51: ##exception##
Exception while sending data to DBServer
System.Net.Sockets.SocketException (0x80004005): An existing connection was forcibly closed by the remote host
   at System.Net.Sockets.Socket.Send(Byte[] buffer, Int32 offset, Int32 size, SocketFlags socketFlags)
   at System.Net.Sockets.Socket.Send(Byte[] buffer, Int32 size, SocketFlags socketFlags)
   at Server.TCP.TMSKSocket.Send(Byte[] buffer, Int32 size, SocketFlags socketFlags) in F:\Clound\Dropbox\VL_Project\GameServer\KTGameServer\GameServer\TCPSOCKET\TMSKSocket.cs:line 3571
   at GameServer.Server.TCPClient.SendData(TCPOutPacket tcpOutPacket) in F:\Clound\Dropbox\VL_Project\GameServer\KTGameServer\GameServer\Server\TCPClient.cs:line 188
   at GameServer.Logic.Global.SendAndRecvData(TCPOutPacket tcpOutPacket, Int32 serverId, Int32 PoolId) in F:\Clound\Dropbox\VL_Project\GameServer\KTGameServer\GameServer\Logic\Global\Global.cs:line 425
   at GameServer.Logic.Global.SendAndRecvData[T](Int32 cmdId, T data, Int32 serverId, Int32 PoolId) in F:\Clound\Dropbox\VL_Project\GameServer\KTGameServer\GameServer\Logic\Global\Global.cs:line 522
   at GameServer.Logic.Global.RequestToDBServer2(TCPClientPool tcpClientPool, TCPOutPacketPool pool, Int32 nID, String strcmd, TCPOutPacket& tcpOutPacket, Int32 serverId) in F:\Clound\Dropbox\VL_Project\GameServer\KTGameServer\GameServer\Logic\Global\Global.cs:line 642
   at GameServer.KiemThe.Logic.KT_TCPHandler.HandleTransferChatMsg() in F:\Clound\Dropbox\VL_Project\GameServer\KTGameServer\GameServer\VLTK\Network\KT_TCPHandler_Chat.cs:line 495
   at GameServer.Program.chatMsgWorker_DoWork(Object sender, EventArgs e) in F:\Clound\Dropbox\VL_Project\GameServer\KTGameServer\GameServer\Program.cs:line 1361
   at System.ComponentModel.BackgroundWorker.OnDoWork(DoWorkEventArgs e)
   at System.ComponentModel.BackgroundWorker.WorkerThreadStart(Object argument)
   at System.Runtime.Remoting.Messaging.StackBuilderSink._PrivateProcessMessage(IntPtr md, Object[] args, Object server, Object[]& outArgs)
   at System.Runtime.Remoting.Messaging.StackBuilderSink.AsyncProcessMessage(IMessage msg, IMessageSink replySink)
   at System.Threading.ExecutionContext.RunInternal(ExecutionContext executionContext, ContextCallback callback, Object state, Boolean preserveSyncCtx)
   at System.Threading.ExecutionContext.Run(ExecutionContext executionContext, ContextCallback callback, Object state, Boolean preserveSyncCtx)
   at System.Threading.QueueUserWorkItemCallback.System.Threading.IThreadPoolWorkItem.ExecuteWorkItem()
   at System.Threading.ThreadPoolWorkQueue.Dispatch()

2023-02-19 05:44:57: ##exception##
Exception while sending data to DBServer
System.Net.Sockets.SocketException (0x80004005): An existing connection was forcibly closed by the remote host
   at System.Net.Sockets.Socket.Send(Byte[] buffer, Int32 offset, Int32 size, SocketFlags socketFlags)
   at System.Net.Sockets.Socket.Send(Byte[] buffer, Int32 size, SocketFlags socketFlags)
   at Server.TCP.TMSKSocket.Send(Byte[] buffer, Int32 size, SocketFlags socketFlags) in F:\Clound\Dropbox\VL_Project\GameServer\KTGameServer\GameServer\TCPSOCKET\TMSKSocket.cs:line 3571
   at GameServer.Server.TCPClient.SendData(TCPOutPacket tcpOutPacket) in F:\Clound\Dropbox\VL_Project\GameServer\KTGameServer\GameServer\Server\TCPClient.cs:line 188
   at GameServer.Logic.Global.SendAndRecvData(TCPOutPacket tcpOutPacket, Int32 serverId, Int32 PoolId) in F:\Clound\Dropbox\VL_Project\GameServer\KTGameServer\GameServer\Logic\Global\Global.cs:line 425
   at GameServer.Logic.Global.SendAndRecvData[T](Int32 cmdId, T data, Int32 serverId, Int32 PoolId) in F:\Clound\Dropbox\VL_Project\GameServer\KTGameServer\GameServer\Logic\Global\Global.cs:line 522
   at GameServer.Logic.Global.RequestToDBServer2(TCPClientPool tcpClientPool, TCPOutPacketPool pool, Int32 nID, String strcmd, TCPOutPacket& tcpOutPacket, Int32 serverId) in F:\Clound\Dropbox\VL_Project\GameServer\KTGameServer\GameServer\Logic\Global\Global.cs:line 642
   at GameServer.KiemThe.Logic.KT_TCPHandler.HandleTransferChatMsg() in F:\Clound\Dropbox\VL_Project\GameServer\KTGameServer\GameServer\VLTK\Network\KT_TCPHandler_Chat.cs:line 495
   at GameServer.Program.chatMsgWorker_DoWork(Object sender, EventArgs e) in F:\Clound\Dropbox\VL_Project\GameServer\KTGameServer\GameServer\Program.cs:line 1361
   at System.ComponentModel.BackgroundWorker.OnDoWork(DoWorkEventArgs e)
   at System.ComponentModel.BackgroundWorker.WorkerThreadStart(Object argument)
   at System.Runtime.Remoting.Messaging.StackBuilderSink._PrivateProcessMessage(IntPtr md, Object[] args, Object server, Object[]& outArgs)
   at System.Runtime.Remoting.Messaging.StackBuilderSink.AsyncProcessMessage(IMessage msg, IMessageSink replySink)
   at System.Threading.ExecutionContext.RunInternal(ExecutionContext executionContext, ContextCallback callback, Object state, Boolean preserveSyncCtx)
   at System.Threading.ExecutionContext.Run(ExecutionContext executionContext, ContextCallback callback, Object state, Boolean preserveSyncCtx)
   at System.Threading.QueueUserWorkItemCallback.System.Threading.IThreadPoolWorkItem.ExecuteWorkItem()
   at System.Threading.ThreadPoolWorkQueue.Dispatch()

2023-02-19 05:45:01: ##exception##
Exception while sending data to DBServer
System.Net.Sockets.SocketException (0x80004005): An existing connection was forcibly closed by the remote host
   at System.Net.Sockets.Socket.Send(Byte[] buffer, Int32 offset, Int32 size, SocketFlags socketFlags)
   at System.Net.Sockets.Socket.Send(Byte[] buffer, Int32 size, SocketFlags socketFlags)
   at Server.TCP.TMSKSocket.Send(Byte[] buffer, Int32 size, SocketFlags socketFlags) in F:\Clound\Dropbox\VL_Project\GameServer\KTGameServer\GameServer\TCPSOCKET\TMSKSocket.cs:line 3571
   at GameServer.Server.TCPClient.SendData(TCPOutPacket tcpOutPacket) in F:\Clound\Dropbox\VL_Project\GameServer\KTGameServer\GameServer\Server\TCPClient.cs:line 188
   at GameServer.Logic.Global.SendAndRecvData(TCPOutPacket tcpOutPacket, Int32 serverId, Int32 PoolId) in F:\Clound\Dropbox\VL_Project\GameServer\KTGameServer\GameServer\Logic\Global\Global.cs:line 425
   at GameServer.Logic.Global.SendAndRecvData[T](Int32 cmdId, T data, Int32 serverId, Int32 PoolId) in F:\Clound\Dropbox\VL_Project\GameServer\KTGameServer\GameServer\Logic\Global\Global.cs:line 522
   at GameServer.Logic.Global.RequestToDBServer2(TCPClientPool tcpClientPool, TCPOutPacketPool pool, Int32 nID, String strcmd, TCPOutPacket& tcpOutPacket, Int32 serverId) in F:\Clound\Dropbox\VL_Project\GameServer\KTGameServer\GameServer\Logic\Global\Global.cs:line 642
   at GameServer.KiemThe.Logic.KT_TCPHandler.HandleTransferChatMsg() in F:\Clound\Dropbox\VL_Project\GameServer\KTGameServer\GameServer\VLTK\Network\KT_TCPHandler_Chat.cs:line 495
   at GameServer.Program.chatMsgWorker_DoWork(Object sender, EventArgs e) in F:\Clound\Dropbox\VL_Project\GameServer\KTGameServer\GameServer\Program.cs:line 1361
   at System.ComponentModel.BackgroundWorker.OnDoWork(DoWorkEventArgs e)
   at System.ComponentModel.BackgroundWorker.WorkerThreadStart(Object argument)
   at System.Runtime.Remoting.Messaging.StackBuilderSink._PrivateProcessMessage(IntPtr md, Object[] args, Object server, Object[]& outArgs)
   at System.Runtime.Remoting.Messaging.StackBuilderSink.AsyncProcessMessage(IMessage msg, IMessageSink replySink)
   at System.Threading.ExecutionContext.RunInternal(ExecutionContext executionContext, ContextCallback callback, Object state, Boolean preserveSyncCtx)
   at System.Threading.ExecutionContext.Run(ExecutionContext executionContext, ContextCallback callback, Object state, Boolean preserveSyncCtx)
   at System.Threading.QueueUserWorkItemCallback.System.Threading.IThreadPoolWorkItem.ExecuteWorkItem()
   at System.Threading.ThreadPoolWorkQueue.Dispatch()

2023-02-19 05:45:07: ##exception##
Exception while sending data to DBServer
System.Net.Sockets.SocketException (0x80004005): An existing connection was forcibly closed by the remote host
   at System.Net.Sockets.Socket.Send(Byte[] buffer, Int32 offset, Int32 size, SocketFlags socketFlags)
   at System.Net.Sockets.Socket.Send(Byte[] buffer, Int32 size, SocketFlags socketFlags)
   at Server.TCP.TMSKSocket.Send(Byte[] buffer, Int32 size, SocketFlags socketFlags) in F:\Clound\Dropbox\VL_Project\GameServer\KTGameServer\GameServer\TCPSOCKET\TMSKSocket.cs:line 3571
   at GameServer.Server.TCPClient.SendData(TCPOutPacket tcpOutPacket) in F:\Clound\Dropbox\VL_Project\GameServer\KTGameServer\GameServer\Server\TCPClient.cs:line 188
   at GameServer.Logic.Global.SendAndRecvData(TCPOutPacket tcpOutPacket, Int32 serverId, Int32 PoolId) in F:\Clound\Dropbox\VL_Project\GameServer\KTGameServer\GameServer\Logic\Global\Global.cs:line 425
   at GameServer.Logic.Global.SendAndRecvData[T](Int32 cmdId, T data, Int32 serverId, Int32 PoolId) in F:\Clound\Dropbox\VL_Project\GameServer\KTGameServer\GameServer\Logic\Global\Global.cs:line 522
   at GameServer.Logic.Global.RequestToDBServer2(TCPClientPool tcpClientPool, TCPOutPacketPool pool, Int32 nID, String strcmd, TCPOutPacket& tcpOutPacket, Int32 serverId) in F:\Clound\Dropbox\VL_Project\GameServer\KTGameServer\GameServer\Logic\Global\Global.cs:line 642
   at GameServer.KiemThe.Logic.KT_TCPHandler.HandleTransferChatMsg() in F:\Clound\Dropbox\VL_Project\GameServer\KTGameServer\GameServer\VLTK\Network\KT_TCPHandler_Chat.cs:line 495
   at GameServer.Program.chatMsgWorker_DoWork(Object sender, EventArgs e) in F:\Clound\Dropbox\VL_Project\GameServer\KTGameServer\GameServer\Program.cs:line 1361
   at System.ComponentModel.BackgroundWorker.OnDoWork(DoWorkEventArgs e)
   at System.ComponentModel.BackgroundWorker.WorkerThreadStart(Object argument)
   at System.Runtime.Remoting.Messaging.StackBuilderSink._PrivateProcessMessage(IntPtr md, Object[] args, Object server, Object[]& outArgs)
   at System.Runtime.Remoting.Messaging.StackBuilderSink.AsyncProcessMessage(IMessage msg, IMessageSink replySink)
   at System.Threading.ExecutionContext.RunInternal(ExecutionContext executionContext, ContextCallback callback, Object state, Boolean preserveSyncCtx)
   at System.Threading.ExecutionContext.Run(ExecutionContext executionContext, ContextCallback callback, Object state, Boolean preserveSyncCtx)
   at System.Threading.QueueUserWorkItemCallback.System.Threading.IThreadPoolWorkItem.ExecuteWorkItem()
   at System.Threading.ThreadPoolWorkQueue.Dispatch()

