2023-02-18 09:44:54: [Tống Kim Sơ Cấp] Stating Battle OK!
2023-02-18 09:44:54: [Tống Kim Cao Cấp] Stating Battle OK!
2023-02-18 09:44:54: [Tống Kim Siêu Cấp] Stating Battle OK!
2023-02-18 11:50:01: [Tống Kim Cao Cấp] Battle Change State ==> STATUS_PREPARE
2023-02-18 11:50:01: [Tống Kim Siêu Cấp] Battle Change State ==> STATUS_PREPARE
2023-02-18 11:50:01: [Tống Kim Sơ Cấp] Battle Change State ==> STATUS_PREPARE
2023-02-18 12:35:03: [Tống Kim Siêu Cấp] Battle Change State ==> STATUS_PREPAREEND
2023-02-18 12:35:03: [Tống Kim Cao Cấp] Battle Change State ==> STATUS_PREPAREEND
2023-02-18 12:35:03: [Tống Kim Sơ Cấp] Battle Change State ==> STATUS_PREPAREEND
2023-02-18 12:40:04: [Tống Kim Sơ Cấp] Battle Change State ==> STATUS_END
2023-02-18 12:40:04: [Tống Kim Siêu Cấp] Battle Change State ==> STATUS_END
2023-02-18 12:40:04: [Tống Kim Cao Cấp] Battle Change State ==> STATUS_END
2023-02-18 12:45:05: [Tống Kim Siêu Cấp] Battle Change State ==> STATUS_CLEAR
2023-02-18 12:45:05: [Tống Kim Sơ Cấp] Battle Change State ==> STATUS_CLEAR
2023-02-18 12:45:05: [Tống Kim Cao Cấp] Battle Change State ==> STATUS_CLEAR
2023-02-18 12:46:05: [Tống Kim Siêu Cấp] Battle Change State ==> STATUS_NULL
2023-02-18 12:46:05: [Tống Kim Sơ Cấp] Battle Change State ==> STATUS_NULL
2023-02-18 12:46:05: [Tống Kim Cao Cấp] Battle Change State ==> STATUS_NULL
2023-02-18 16:50:01: [Tống Kim Siêu Cấp] Battle Change State ==> STATUS_PREPARE
2023-02-18 16:50:01: [Tống Kim Cao Cấp] Battle Change State ==> STATUS_PREPARE
2023-02-18 16:50:01: [Tống Kim Sơ Cấp] Battle Change State ==> STATUS_PREPARE
2023-02-18 17:24:04: [Tống Kim Sơ Cấp] Stating Battle OK!
2023-02-18 17:24:04: [Tống Kim Cao Cấp] Stating Battle OK!
2023-02-18 17:24:04: [Tống Kim Siêu Cấp] Stating Battle OK!
2023-02-18 17:32:38: [Tống Kim Sơ Cấp] Stating Battle OK!
2023-02-18 17:32:38: [Tống Kim Cao Cấp] Stating Battle OK!
2023-02-18 17:32:38: [Tống Kim Siêu Cấp] Stating Battle OK!
