2023-02-17 11:33:31: [Tống Kim Sơ Cấp] Stating Battle OK!
2023-02-17 11:33:31: [Tống Kim Cao Cấp] Stating Battle OK!
2023-02-17 11:33:31: [Tống Kim Siêu Cấp] Stating Battle OK!
2023-02-17 11:50:00: [Tống Kim Sơ Cấp] Battle Change State ==> STATUS_PREPARE
2023-02-17 11:50:00: [Tống Kim Cao Cấp] Battle Change State ==> STATUS_PREPARE
2023-02-17 11:50:00: [Tống Kim Siêu Cấp] Battle Change State ==> STATUS_PREPARE
2023-02-17 12:01:28: [Tống Kim Sơ Cấp] Stating Battle OK!
2023-02-17 12:01:28: [Tống Kim Cao Cấp] Stating Battle OK!
2023-02-17 12:01:28: [Tống Kim Siêu Cấp] Stating Battle OK!
2023-02-17 12:03:29: [Tống Kim Sơ Cấp] Stating Battle OK!
2023-02-17 12:03:29: [Tống Kim Cao Cấp] Stating Battle OK!
2023-02-17 12:03:29: [Tống Kim Siêu Cấp] Stating Battle OK!
2023-02-17 13:36:51: [Tống Kim Sơ Cấp] Stating Battle OK!
2023-02-17 13:36:51: [Tống Kim Cao Cấp] Stating Battle OK!
2023-02-17 13:36:51: [Tống Kim Siêu Cấp] Stating Battle OK!
2023-02-17 13:42:41: [Tống Kim Sơ Cấp] Stating Battle OK!
2023-02-17 13:42:41: [Tống Kim Cao Cấp] Stating Battle OK!
2023-02-17 13:42:41: [Tống Kim Siêu Cấp] Stating Battle OK!
2023-02-17 16:50:01: [Tống Kim Siêu Cấp] Battle Change State ==> STATUS_PREPARE
2023-02-17 16:50:01: [Tống Kim Cao Cấp] Battle Change State ==> STATUS_PREPARE
2023-02-17 16:50:01: [Tống Kim Sơ Cấp] Battle Change State ==> STATUS_PREPARE
2023-02-17 17:35:03: [Tống Kim Siêu Cấp] Battle Change State ==> STATUS_PREPAREEND
2023-02-17 17:35:03: [Tống Kim Sơ Cấp] Battle Change State ==> STATUS_PREPAREEND
2023-02-17 17:35:03: [Tống Kim Cao Cấp] Battle Change State ==> STATUS_PREPAREEND
2023-02-17 17:40:04: [Tống Kim Siêu Cấp] Battle Change State ==> STATUS_END
2023-02-17 17:40:04: [Tống Kim Cao Cấp] Battle Change State ==> STATUS_END
2023-02-17 17:40:04: [Tống Kim Sơ Cấp] Battle Change State ==> STATUS_END
2023-02-17 17:45:05: [Tống Kim Siêu Cấp] Battle Change State ==> STATUS_CLEAR
2023-02-17 17:45:05: [Tống Kim Sơ Cấp] Battle Change State ==> STATUS_CLEAR
2023-02-17 17:45:05: [Tống Kim Cao Cấp] Battle Change State ==> STATUS_CLEAR
2023-02-17 17:46:05: [Tống Kim Siêu Cấp] Battle Change State ==> STATUS_NULL
2023-02-17 17:46:05: [Tống Kim Cao Cấp] Battle Change State ==> STATUS_NULL
2023-02-17 17:46:05: [Tống Kim Sơ Cấp] Battle Change State ==> STATUS_NULL
2023-02-17 21:50:00: [Tống Kim Cao Cấp] Battle Change State ==> STATUS_PREPARE
2023-02-17 21:50:00: [Tống Kim Sơ Cấp] Battle Change State ==> STATUS_PREPARE
2023-02-17 21:50:01: [Tống Kim Siêu Cấp] Battle Change State ==> STATUS_PREPARE
