2023-09-14 09:44:47: [Tống Kim Sơ Cấp] Stating Battle OK!
2023-09-14 09:44:47: [Tống Kim Cao Cấp] Stating Battle OK!
2023-09-14 09:44:47: [Tống Kim Siêu Cấp] Stating Battle OK!
2023-09-14 11:13:14: [Tống Kim Sơ Cấp] Stating Battle OK!
2023-09-14 11:13:14: [Tống Kim Cao Cấp] Stating Battle OK!
2023-09-14 11:13:14: [Tống Kim Siêu Cấp] Stating Battle OK!
2023-09-14 11:50:00: [Tống Kim Sơ Cấp] Battle Change State ==> STATUS_PREPARE
2023-09-14 11:50:00: [Tống Kim Siêu Cấp] Battle Change State ==> STATUS_PREPARE
2023-09-14 11:50:00: [Tống Kim Cao Cấp] Battle Change State ==> STATUS_PREPARE
2023-09-14 12:35:03: [Tống Kim Sơ Cấp] Battle Change State ==> STATUS_PREPAREEND
2023-09-14 12:35:04: [Tống Kim Cao Cấp] Battle Change State ==> STATUS_PREPAREEND
2023-09-14 12:35:04: [Tống Kim Siêu Cấp] Battle Change State ==> STATUS_PREPAREEND
2023-09-14 12:40:02: [Tống Kim Sơ Cấp] Battle Change State ==> STATUS_END
2023-09-14 12:40:03: [Tống Kim Cao Cấp] Battle Change State ==> STATUS_END
2023-09-14 12:40:03: [Tống Kim Siêu Cấp] Battle Change State ==> STATUS_END
2023-09-14 12:45:03: [Tống Kim Sơ Cấp] Battle Change State ==> STATUS_CLEAR
2023-09-14 12:45:04: [Tống Kim Siêu Cấp] Battle Change State ==> STATUS_CLEAR
2023-09-14 12:45:04: [Tống Kim Cao Cấp] Battle Change State ==> STATUS_CLEAR
2023-09-14 12:46:03: [Tống Kim Sơ Cấp] Battle Change State ==> STATUS_NULL
2023-09-14 12:46:04: [Tống Kim Cao Cấp] Battle Change State ==> STATUS_NULL
2023-09-14 12:46:04: [Tống Kim Siêu Cấp] Battle Change State ==> STATUS_NULL
2023-09-14 16:50:00: [Tống Kim Siêu Cấp] Battle Change State ==> STATUS_PREPARE
2023-09-14 16:50:00: [Tống Kim Cao Cấp] Battle Change State ==> STATUS_PREPARE
2023-09-14 16:50:00: [Tống Kim Sơ Cấp] Battle Change State ==> STATUS_PREPARE
