2023-09-16 14:34:47: [Tống Kim Sơ Cấp] Stating Battle OK!
2023-09-16 14:34:47: [Tống Kim Cao Cấp] Stating Battle OK!
2023-09-16 14:34:47: [Tống Kim Siêu Cấp] Stating Battle OK!
2023-09-16 15:45:54: [Tống Kim Sơ Cấp] Stating Battle OK!
2023-09-16 15:45:54: [Tống Kim Cao Cấp] Stating Battle OK!
2023-09-16 15:45:54: [Tống Kim Siêu Cấp] Stating Battle OK!
2023-09-16 18:11:58: [Tống Kim Sơ Cấp] Stating Battle OK!
2023-09-16 18:11:58: [Tống Kim Cao Cấp] Stating Battle OK!
2023-09-16 18:11:58: [Tống Kim Siêu Cấp] Stating Battle OK!
2023-09-16 18:51:33: [Tống Kim Sơ Cấp] Stating Battle OK!
2023-09-16 18:51:33: [Tống Kim Cao Cấp] Stating Battle OK!
2023-09-16 18:51:33: [Tống Kim Siêu Cấp] Stating Battle OK!
2023-09-16 20:23:15: [Tống Kim Sơ Cấp] Stating Battle OK!
2023-09-16 20:23:15: [Tống Kim Cao Cấp] Stating Battle OK!
2023-09-16 20:23:15: [Tống Kim Siêu Cấp] Stating Battle OK!
2023-09-16 20:24:08: [Tống Kim Sơ Cấp] Stating Battle OK!
2023-09-16 20:24:08: [Tống Kim Cao Cấp] Stating Battle OK!
2023-09-16 20:24:08: [Tống Kim Siêu Cấp] Stating Battle OK!
2023-09-16 21:50:00: [Tống Kim Cao Cấp] Battle Change State ==> STATUS_PREPARE
2023-09-16 21:50:00: [Tống Kim Siêu Cấp] Battle Change State ==> STATUS_PREPARE
2023-09-16 21:50:00: [Tống Kim Sơ Cấp] Battle Change State ==> STATUS_PREPARE
