2023-09-16 14:33:16	[GUILD]Update Online Status
2023-09-16 14:33:16	DO EXECUTE UPDATE RANK DATA!
2023-09-16 14:33:16	END  EXECUTE UPDATE RANK DATA!
2023-09-16 15:02:07	[GUILD]Update Online Status
2023-09-16 15:02:07	DO EXECUTE UPDATE RANK DATA!
2023-09-16 15:02:07	END  EXECUTE UPDATE RANK DATA!
2023-09-16 15:02:37	[GUILD]Update Online Status
2023-09-16 15:02:55	CLEAR ROLE LastReleaseMemoryTicks
2023-09-16 15:02:55	CLEAR ROLE LastReleaseMemoryTicks==> DONE
2023-09-16 15:03:07	[GUILD]Update Online Status
2023-09-16 15:03:38	[GUILD]Update Online Status
2023-09-16 15:04:08	[GUILD]Update Online Status
2023-09-16 15:04:38	[GUILD]Update Online Status
2023-09-16 15:05:09	[GUILD]Update Online Status
2023-09-16 15:05:39	[GUILD]Update Online Status
2023-09-16 15:06:09	[GUILD]Update Online Status
2023-09-16 15:06:39	[GUILD]Update Online Status
2023-09-16 15:07:10	[GUILD]Update Online Status
2023-09-16 15:07:40	[GUILD]Update Online Status
2023-09-16 15:07:58	CLEAR ROLE LastReleaseMemoryTicks
2023-09-16 15:07:58	CLEAR ROLE LastReleaseMemoryTicks==> DONE
2023-09-16 15:08:10	[GUILD]Update Online Status
2023-09-16 15:08:40	[GUILD]Update Online Status
2023-09-16 15:09:11	[GUILD]Update Online Status
2023-09-16 15:09:41	[GUILD]Update Online Status
2023-09-16 15:10:11	[GUILD]Update Online Status
2023-09-16 15:10:41	[GUILD]Update Online Status
2023-09-16 15:11:12	[GUILD]Update Online Status
2023-09-16 15:11:42	[GUILD]Update Online Status
2023-09-16 15:12:07	DO EXECUTE UPDATE RANK DATA!
2023-09-16 15:12:07	END  EXECUTE UPDATE RANK DATA!
2023-09-16 15:12:12	[GUILD]Update Online Status
2023-09-16 15:12:43	[GUILD]Update Online Status
2023-09-16 15:13:01	CLEAR ROLE LastReleaseMemoryTicks
2023-09-16 15:13:01	CLEAR ROLE LastReleaseMemoryTicks==> DONE
2023-09-16 15:13:13	[GUILD]Update Online Status
2023-09-16 15:13:43	[GUILD]Update Online Status
2023-09-16 15:14:13	[GUILD]Update Online Status
2023-09-16 15:14:44	[GUILD]Update Online Status
2023-09-16 15:15:14	[GUILD]Update Online Status
2023-09-16 15:15:44	[GUILD]Update Online Status
2023-09-16 15:16:14	[GUILD]Update Online Status
2023-09-16 15:16:45	[GUILD]Update Online Status
2023-09-16 15:17:15	[GUILD]Update Online Status
2023-09-16 15:17:45	[GUILD]Update Online Status
2023-09-16 15:18:03	CLEAR ROLE LastReleaseMemoryTicks
2023-09-16 15:18:03	CLEAR ROLE LastReleaseMemoryTicks==> DONE
2023-09-16 15:18:16	[GUILD]Update Online Status
2023-09-16 15:18:46	[GUILD]Update Online Status
2023-09-16 15:19:16	[GUILD]Update Online Status
2023-09-16 15:19:46	[GUILD]Update Online Status
2023-09-16 15:20:16	[GUILD]Update Online Status
2023-09-16 15:20:47	[GUILD]Update Online Status
2023-09-16 15:21:17	[GUILD]Update Online Status
2023-09-16 15:21:47	[GUILD]Update Online Status
2023-09-16 15:22:08	DO EXECUTE UPDATE RANK DATA!
2023-09-16 15:22:08	END  EXECUTE UPDATE RANK DATA!
2023-09-16 15:22:17	[GUILD]Update Online Status
2023-09-16 15:22:47	[GUILD]Update Online Status
2023-09-16 15:23:06	CLEAR ROLE LastReleaseMemoryTicks
2023-09-16 15:23:06	CLEAR ROLE LastReleaseMemoryTicks==> DONE
2023-09-16 15:23:18	[GUILD]Update Online Status
2023-09-16 15:23:48	[GUILD]Update Online Status
2023-09-16 15:24:18	[GUILD]Update Online Status
2023-09-16 15:24:49	[GUILD]Update Online Status
2023-09-16 15:25:19	[GUILD]Update Online Status
2023-09-16 15:25:49	[GUILD]Update Online Status
2023-09-16 15:26:20	[GUILD]Update Online Status
2023-09-16 15:26:50	[GUILD]Update Online Status
2023-09-16 15:27:20	[GUILD]Update Online Status
2023-09-16 15:27:50	[GUILD]Update Online Status
2023-09-16 15:28:09	CLEAR ROLE LastReleaseMemoryTicks
2023-09-16 15:28:09	CLEAR ROLE LastReleaseMemoryTicks==> DONE
2023-09-16 15:28:21	[GUILD]Update Online Status
2023-09-16 15:28:51	[GUILD]Update Online Status
2023-09-16 15:29:21	[GUILD]Update Online Status
2023-09-16 15:29:52	[GUILD]Update Online Status
2023-09-16 15:30:22	[GUILD]Update Online Status
2023-09-16 15:30:52	[GUILD]Update Online Status
2023-09-16 15:31:23	[GUILD]Update Online Status
2023-09-16 15:31:53	[GUILD]Update Online Status
2023-09-16 15:32:09	DO EXECUTE UPDATE RANK DATA!
2023-09-16 15:32:09	END  EXECUTE UPDATE RANK DATA!
2023-09-16 15:32:23	[GUILD]Update Online Status
2023-09-16 15:32:53	[GUILD]Update Online Status
2023-09-16 15:33:11	CLEAR ROLE LastReleaseMemoryTicks
2023-09-16 15:33:11	CLEAR ROLE LastReleaseMemoryTicks==> DONE
2023-09-16 15:33:24	[GUILD]Update Online Status
2023-09-16 15:33:54	[GUILD]Update Online Status
2023-09-16 15:34:24	[GUILD]Update Online Status
2023-09-16 15:34:54	[GUILD]Update Online Status
2023-09-16 15:35:25	[GUILD]Update Online Status
2023-09-16 15:35:55	[GUILD]Update Online Status
2023-09-16 15:36:25	[GUILD]Update Online Status
2023-09-16 15:36:55	[GUILD]Update Online Status
2023-09-16 15:37:26	[GUILD]Update Online Status
2023-09-16 15:37:56	[GUILD]Update Online Status
2023-09-16 15:38:14	CLEAR ROLE LastReleaseMemoryTicks
2023-09-16 15:38:14	CLEAR ROLE LastReleaseMemoryTicks==> DONE
2023-09-16 15:38:26	[GUILD]Update Online Status
2023-09-16 15:38:57	[GUILD]Update Online Status
2023-09-16 15:39:27	[GUILD]Update Online Status
2023-09-16 15:39:57	[GUILD]Update Online Status
2023-09-16 15:40:27	[GUILD]Update Online Status
2023-09-16 15:40:58	[GUILD]Update Online Status
2023-09-16 15:41:28	[GUILD]Update Online Status
2023-09-16 15:41:58	[GUILD]Update Online Status
2023-09-16 15:42:09	DO EXECUTE UPDATE RANK DATA!
2023-09-16 15:42:09	END  EXECUTE UPDATE RANK DATA!
2023-09-16 15:42:29	[GUILD]Update Online Status
2023-09-16 15:42:59	[GUILD]Update Online Status
2023-09-16 15:43:17	CLEAR ROLE LastReleaseMemoryTicks
2023-09-16 15:43:17	CLEAR ROLE LastReleaseMemoryTicks==> DONE
2023-09-16 15:43:29	[GUILD]Update Online Status
2023-09-16 15:43:59	[GUILD]Update Online Status
2023-09-16 15:44:30	[GUILD]Update Online Status
2023-09-16 15:45:00	[GUILD]Update Online Status
2023-09-16 15:45:30	[GUILD]Update Online Status
2023-09-16 15:46:00	[GUILD]Update Online Status
2023-09-16 15:46:31	[GUILD]Update Online Status
2023-09-16 15:47:01	[GUILD]Update Online Status
2023-09-16 15:47:31	[GUILD]Update Online Status
2023-09-16 15:48:01	[GUILD]Update Online Status
2023-09-16 15:48:20	CLEAR ROLE LastReleaseMemoryTicks
2023-09-16 15:48:20	CLEAR ROLE LastReleaseMemoryTicks==> DONE
2023-09-16 15:48:32	[GUILD]Update Online Status
2023-09-16 15:49:02	[GUILD]Update Online Status
2023-09-16 15:49:32	[GUILD]Update Online Status
2023-09-16 15:50:03	[GUILD]Update Online Status
2023-09-16 15:50:33	[GUILD]Update Online Status
2023-09-16 15:51:03	[GUILD]Update Online Status
2023-09-16 15:51:33	[GUILD]Update Online Status
2023-09-16 15:52:04	[GUILD]Update Online Status
2023-09-16 15:52:10	DO EXECUTE UPDATE RANK DATA!
2023-09-16 15:52:10	END  EXECUTE UPDATE RANK DATA!
2023-09-16 15:52:34	[GUILD]Update Online Status
2023-09-16 15:53:04	[GUILD]Update Online Status
2023-09-16 15:53:22	CLEAR ROLE LastReleaseMemoryTicks
2023-09-16 15:53:22	CLEAR ROLE LastReleaseMemoryTicks==> DONE
2023-09-16 15:53:34	[GUILD]Update Online Status
2023-09-16 15:54:05	[GUILD]Update Online Status
2023-09-16 15:54:35	[GUILD]Update Online Status
2023-09-16 15:55:05	[GUILD]Update Online Status
2023-09-16 15:55:36	[GUILD]Update Online Status
2023-09-16 15:56:06	[GUILD]Update Online Status
2023-09-16 15:56:36	[GUILD]Update Online Status
2023-09-16 15:57:07	[GUILD]Update Online Status
2023-09-16 15:57:37	[GUILD]Update Online Status
2023-09-16 15:58:07	[GUILD]Update Online Status
2023-09-16 15:58:26	CLEAR ROLE LastReleaseMemoryTicks
2023-09-16 15:58:26	CLEAR ROLE LastReleaseMemoryTicks==> DONE
2023-09-16 15:58:38	[GUILD]Update Online Status
2023-09-16 15:59:08	[GUILD]Update Online Status
2023-09-16 15:59:38	[GUILD]Update Online Status
2023-09-16 16:00:08	[GUILD]Update Online Status
2023-09-16 16:00:39	[GUILD]Update Online Status
2023-09-16 16:01:09	[GUILD]Update Online Status
2023-09-16 16:01:39	[GUILD]Update Online Status
2023-09-16 16:02:10	DO EXECUTE UPDATE RANK DATA!
2023-09-16 16:02:10	[GUILD]Update Online Status
2023-09-16 16:02:10	END  EXECUTE UPDATE RANK DATA!
2023-09-16 16:02:40	[GUILD]Update Online Status
2023-09-16 16:03:10	[GUILD]Update Online Status
2023-09-16 16:03:29	CLEAR ROLE LastReleaseMemoryTicks
2023-09-16 16:03:29	CLEAR ROLE LastReleaseMemoryTicks==> DONE
2023-09-16 16:03:41	[GUILD]Update Online Status
2023-09-16 16:04:11	[GUILD]Update Online Status
2023-09-16 16:04:41	[GUILD]Update Online Status
2023-09-16 16:05:12	[GUILD]Update Online Status
2023-09-16 16:05:42	[GUILD]Update Online Status
2023-09-16 16:06:12	[GUILD]Update Online Status
2023-09-16 16:06:43	[GUILD]Update Online Status
2023-09-16 16:07:13	[GUILD]Update Online Status
2023-09-16 16:07:43	[GUILD]Update Online Status
2023-09-16 16:08:13	[GUILD]Update Online Status
2023-09-16 16:08:32	CLEAR ROLE LastReleaseMemoryTicks
2023-09-16 16:08:32	CLEAR ROLE LastReleaseMemoryTicks==> DONE
2023-09-16 16:08:44	[GUILD]Update Online Status
2023-09-16 16:09:14	[GUILD]Update Online Status
2023-09-16 16:09:44	[GUILD]Update Online Status
2023-09-16 16:10:15	[GUILD]Update Online Status
2023-09-16 16:10:45	[GUILD]Update Online Status
2023-09-16 16:11:15	[GUILD]Update Online Status
2023-09-16 16:11:45	[GUILD]Update Online Status
2023-09-16 16:12:11	DO EXECUTE UPDATE RANK DATA!
2023-09-16 16:12:11	END  EXECUTE UPDATE RANK DATA!
2023-09-16 16:12:16	[GUILD]Update Online Status
2023-09-16 16:12:46	[GUILD]Update Online Status
2023-09-16 16:13:16	[GUILD]Update Online Status
2023-09-16 16:13:34	CLEAR ROLE LastReleaseMemoryTicks
2023-09-16 16:13:34	CLEAR ROLE LastReleaseMemoryTicks==> DONE
2023-09-16 16:13:47	[GUILD]Update Online Status
2023-09-16 16:14:17	[GUILD]Update Online Status
2023-09-16 16:14:47	[GUILD]Update Online Status
2023-09-16 16:15:18	[GUILD]Update Online Status
2023-09-16 16:15:48	[GUILD]Update Online Status
2023-09-16 16:16:18	[GUILD]Update Online Status
2023-09-16 16:16:48	[GUILD]Update Online Status
2023-09-16 16:17:19	[GUILD]Update Online Status
2023-09-16 16:17:49	[GUILD]Update Online Status
2023-09-16 16:18:19	[GUILD]Update Online Status
2023-09-16 16:18:37	CLEAR ROLE LastReleaseMemoryTicks
2023-09-16 16:18:37	CLEAR ROLE LastReleaseMemoryTicks==> DONE
2023-09-16 16:18:50	[GUILD]Update Online Status
2023-09-16 16:19:20	[GUILD]Update Online Status
2023-09-16 16:19:50	[GUILD]Update Online Status
2023-09-16 16:20:20	[GUILD]Update Online Status
2023-09-16 16:20:51	[GUILD]Update Online Status
2023-09-16 16:21:21	[GUILD]Update Online Status
2023-09-16 16:21:51	[GUILD]Update Online Status
2023-09-16 16:22:11	DO EXECUTE UPDATE RANK DATA!
2023-09-16 16:22:11	END  EXECUTE UPDATE RANK DATA!
2023-09-16 16:22:21	[GUILD]Update Online Status
2023-09-16 16:22:52	[GUILD]Update Online Status
2023-09-16 16:23:22	[GUILD]Update Online Status
2023-09-16 16:23:40	CLEAR ROLE LastReleaseMemoryTicks
2023-09-16 16:23:40	CLEAR ROLE LastReleaseMemoryTicks==> DONE
2023-09-16 16:23:52	[GUILD]Update Online Status
2023-09-16 16:24:22	[GUILD]Update Online Status
2023-09-16 16:24:53	[GUILD]Update Online Status
2023-09-16 16:25:23	[GUILD]Update Online Status
2023-09-16 16:25:53	[GUILD]Update Online Status
2023-09-16 16:26:23	[GUILD]Update Online Status
2023-09-16 16:26:53	[GUILD]Update Online Status
2023-09-16 16:27:24	[GUILD]Update Online Status
2023-09-16 16:27:54	[GUILD]Update Online Status
2023-09-16 16:28:24	[GUILD]Update Online Status
2023-09-16 16:28:42	CLEAR ROLE LastReleaseMemoryTicks
2023-09-16 16:28:42	CLEAR ROLE LastReleaseMemoryTicks==> DONE
2023-09-16 16:28:54	[GUILD]Update Online Status
2023-09-16 16:29:24	[GUILD]Update Online Status
2023-09-16 16:29:55	[GUILD]Update Online Status
2023-09-16 16:30:25	[GUILD]Update Online Status
2023-09-16 16:30:55	[GUILD]Update Online Status
2023-09-16 16:31:25	[GUILD]Update Online Status
2023-09-16 16:31:56	[GUILD]Update Online Status
2023-09-16 16:32:12	DO EXECUTE UPDATE RANK DATA!
2023-09-16 16:32:12	END  EXECUTE UPDATE RANK DATA!
2023-09-16 16:32:26	[GUILD]Update Online Status
2023-09-16 16:32:56	[GUILD]Update Online Status
2023-09-16 16:33:26	[GUILD]Update Online Status
2023-09-16 16:33:44	CLEAR ROLE LastReleaseMemoryTicks
2023-09-16 16:33:44	CLEAR ROLE LastReleaseMemoryTicks==> DONE
2023-09-16 16:33:57	[GUILD]Update Online Status
2023-09-16 16:34:27	[GUILD]Update Online Status
2023-09-16 16:34:57	[GUILD]Update Online Status
2023-09-16 16:35:27	[GUILD]Update Online Status
2023-09-16 16:35:57	[GUILD]Update Online Status
2023-09-16 16:36:28	[GUILD]Update Online Status
2023-09-16 16:36:58	[GUILD]Update Online Status
2023-09-16 16:37:28	[GUILD]Update Online Status
2023-09-16 18:11:25	[GUILD]Update Online Status
2023-09-16 18:11:25	DO EXECUTE UPDATE RANK DATA!
2023-09-16 18:11:25	END  EXECUTE UPDATE RANK DATA!
2023-09-16 18:11:55	[GUILD]Update Online Status
2023-09-16 18:12:23	CLEAR ROLE LastReleaseMemoryTicks
2023-09-16 18:12:23	CLEAR ROLE LastReleaseMemoryTicks==> DONE
2023-09-16 18:12:25	[GUILD]Update Online Status
2023-09-16 18:12:55	[GUILD]Update Online Status
2023-09-16 18:13:26	[GUILD]Update Online Status
2023-09-16 18:13:56	[GUILD]Update Online Status
2023-09-16 18:14:26	[GUILD]Update Online Status
2023-09-16 18:14:57	[GUILD]Update Online Status
2023-09-16 18:15:27	[GUILD]Update Online Status
2023-09-16 18:15:57	[GUILD]Update Online Status
2023-09-16 18:16:28	[GUILD]Update Online Status
2023-09-16 18:16:58	[GUILD]Update Online Status
2023-09-16 18:17:26	CLEAR ROLE LastReleaseMemoryTicks
2023-09-16 18:17:26	CLEAR ROLE LastReleaseMemoryTicks==> DONE
2023-09-16 18:17:28	[GUILD]Update Online Status
2023-09-16 18:17:59	[GUILD]Update Online Status
2023-09-16 18:18:29	[GUILD]Update Online Status
2023-09-16 18:18:59	[GUILD]Update Online Status
2023-09-16 18:19:30	[GUILD]Update Online Status
2023-09-16 18:20:00	[GUILD]Update Online Status
2023-09-16 18:20:30	[GUILD]Update Online Status
2023-09-16 18:21:01	[GUILD]Update Online Status
2023-09-16 18:21:25	DO EXECUTE UPDATE RANK DATA!
2023-09-16 18:21:25	END  EXECUTE UPDATE RANK DATA!
2023-09-16 18:21:31	[GUILD]Update Online Status
2023-09-16 18:22:02	[GUILD]Update Online Status
2023-09-16 18:22:30	CLEAR ROLE LastReleaseMemoryTicks
2023-09-16 18:22:30	CLEAR ROLE LastReleaseMemoryTicks==> DONE
2023-09-16 18:22:32	[GUILD]Update Online Status
2023-09-16 18:23:02	[GUILD]Update Online Status
2023-09-16 18:23:33	[GUILD]Update Online Status
2023-09-16 18:24:03	[GUILD]Update Online Status
2023-09-16 18:24:33	[GUILD]Update Online Status
2023-09-16 18:25:04	[GUILD]Update Online Status
2023-09-16 18:25:34	[GUILD]Update Online Status
2023-09-16 18:26:04	[GUILD]Update Online Status
2023-09-16 18:26:34	[GUILD]Update Online Status
2023-09-16 18:27:05	[GUILD]Update Online Status
2023-09-16 18:27:33	CLEAR ROLE LastReleaseMemoryTicks
2023-09-16 18:27:33	CLEAR ROLE LastReleaseMemoryTicks==> DONE
2023-09-16 18:27:35	[GUILD]Update Online Status
2023-09-16 18:28:05	[GUILD]Update Online Status
2023-09-16 18:28:36	[GUILD]Update Online Status
2023-09-16 18:29:06	[GUILD]Update Online Status
2023-09-16 18:29:36	[GUILD]Update Online Status
2023-09-16 18:30:07	[GUILD]Update Online Status
2023-09-16 18:30:37	[GUILD]Update Online Status
2023-09-16 18:31:07	[GUILD]Update Online Status
2023-09-16 18:31:26	DO EXECUTE UPDATE RANK DATA!
2023-09-16 18:31:26	END  EXECUTE UPDATE RANK DATA!
2023-09-16 18:31:38	[GUILD]Update Online Status
2023-09-16 18:32:08	[GUILD]Update Online Status
2023-09-16 18:32:36	CLEAR ROLE LastReleaseMemoryTicks
2023-09-16 18:32:36	CLEAR ROLE LastReleaseMemoryTicks==> DONE
2023-09-16 18:32:38	[GUILD]Update Online Status
2023-09-16 18:33:09	[GUILD]Update Online Status
2023-09-16 18:33:39	[GUILD]Update Online Status
2023-09-16 18:34:09	[GUILD]Update Online Status
2023-09-16 18:34:40	[GUILD]Update Online Status
2023-09-16 18:35:10	[GUILD]Update Online Status
2023-09-16 18:35:40	[GUILD]Update Online Status
2023-09-16 18:36:11	[GUILD]Update Online Status
2023-09-16 18:36:41	[GUILD]Update Online Status
2023-09-16 18:37:11	[GUILD]Update Online Status
2023-09-16 18:37:40	CLEAR ROLE LastReleaseMemoryTicks
2023-09-16 18:37:40	CLEAR ROLE LastReleaseMemoryTicks==> DONE
2023-09-16 18:37:42	[GUILD]Update Online Status
2023-09-16 18:38:12	[GUILD]Update Online Status
2023-09-16 18:38:42	[GUILD]Update Online Status
2023-09-16 18:39:13	[GUILD]Update Online Status
2023-09-16 18:39:43	[GUILD]Update Online Status
2023-09-16 18:40:13	[GUILD]Update Online Status
2023-09-16 18:40:18	CREATE NEW  CreateHuoDong :200002
2023-09-16 18:40:44	[GUILD]Update Online Status
2023-09-16 18:41:14	[GUILD]Update Online Status
2023-09-16 18:41:26	DO EXECUTE UPDATE RANK DATA!
2023-09-16 18:41:26	END  EXECUTE UPDATE RANK DATA!
2023-09-16 18:41:44	[GUILD]Update Online Status
2023-09-16 18:42:14	[GUILD]Update Online Status
2023-09-16 18:42:43	CLEAR ROLE LastReleaseMemoryTicks
2023-09-16 18:42:43	CLEAR ROLE LastReleaseMemoryTicks==> DONE
2023-09-16 18:42:45	[GUILD]Update Online Status
2023-09-16 18:43:15	[GUILD]Update Online Status
2023-09-16 18:43:45	[GUILD]Update Online Status
2023-09-16 18:44:16	[GUILD]Update Online Status
2023-09-16 18:44:46	[GUILD]Update Online Status
2023-09-16 18:45:16	[GUILD]Update Online Status
2023-09-16 18:45:47	[GUILD]Update Online Status
2023-09-16 18:46:17	[GUILD]Update Online Status
2023-09-16 18:46:47	[GUILD]Update Online Status
2023-09-16 18:47:18	[GUILD]Update Online Status
2023-09-16 18:47:46	CLEAR ROLE LastReleaseMemoryTicks
2023-09-16 18:47:46	CLEAR ROLE LastReleaseMemoryTicks==> DONE
2023-09-16 18:47:48	[GUILD]Update Online Status
2023-09-16 18:48:18	[GUILD]Update Online Status
2023-09-16 18:48:49	[GUILD]Update Online Status
2023-09-16 18:49:19	[GUILD]Update Online Status
2023-09-16 18:49:49	[GUILD]Update Online Status
2023-09-16 18:50:20	[GUILD]Update Online Status
2023-09-16 18:50:50	[GUILD]Update Online Status
2023-09-16 18:51:20	[GUILD]Update Online Status
2023-09-16 18:51:26	DO EXECUTE UPDATE RANK DATA!
2023-09-16 18:51:26	END  EXECUTE UPDATE RANK DATA!
2023-09-16 18:51:51	[GUILD]Update Online Status
2023-09-16 18:52:21	[GUILD]Update Online Status
2023-09-16 18:52:49	CLEAR ROLE LastReleaseMemoryTicks
2023-09-16 18:52:49	CLEAR ROLE LastReleaseMemoryTicks==> DONE
2023-09-16 18:52:51	[GUILD]Update Online Status
2023-09-16 18:53:21	[GUILD]Update Online Status
2023-09-16 18:53:52	[GUILD]Update Online Status
